{"/mnt/c/Users/antot/Desktop/capstone/2023-2-S2-Grupo1-Backend/src/api/server.ts": {"path":"/mnt/c/Users/antot/Desktop/capstone/2023-2-S2-Grupo1-Backend/src/api/server.ts","statementMap":{"0":{"start":{"line":1,"column":0},"end":{"line":1,"column":22}},"1":{"start":{"line":2,"column":0},"end":{"line":2,"column":28}},"2":{"start":{"line":3,"column":0},"end":{"line":3,"column":32}},"3":{"start":{"line":4,"column":0},"end":{"line":4,"column":40}},"4":{"start":{"line":5,"column":0},"end":{"line":5,"column":66}},"5":{"start":{"line":7,"column":0},"end":{"line":7,"column":24}},"6":{"start":{"line":9,"column":20},"end":{"line":9,"column":45}},"7":{"start":{"line":10,"column":20},"end":{"line":10,"column":45}},"8":{"start":{"line":11,"column":26},"end":{"line":11,"column":57}},"9":{"start":{"line":12,"column":25},"end":{"line":12,"column":55}},"10":{"start":{"line":13,"column":21},"end":{"line":13,"column":47}},"11":{"start":{"line":14,"column":23},"end":{"line":14,"column":51}},"12":{"start":{"line":15,"column":23},"end":{"line":15,"column":51}},"13":{"start":{"line":16,"column":22},"end":{"line":16,"column":49}},"14":{"start":{"line":17,"column":21},"end":{"line":17,"column":47}},"15":{"start":{"line":18,"column":23},"end":{"line":18,"column":51}},"16":{"start":{"line":20,"column":19},"end":{"line":20,"column":56}},"17":{"start":{"line":22,"column":0},"end":{"line":22,"column":47}},"18":{"start":{"line":24,"column":12},"end":{"line":24,"column":21}},"19":{"start":{"line":25,"column":15},"end":{"line":25,"column":27}},"20":{"start":{"line":27,"column":0},"end":{"line":40,"column":null}},"21":{"start":{"line":28,"column":2},"end":{"line":39,"column":7}},"22":{"start":{"line":32,"column":6},"end":{"line":32,"column":40}},"23":{"start":{"line":35,"column":6},"end":{"line":35,"column":36}},"24":{"start":{"line":38,"column":6},"end":{"line":38,"column":25}},"25":{"start":{"line":42,"column":0},"end":{"line":46,"column":2}},"26":{"start":{"line":47,"column":0},"end":{"line":47,"column":72}},"27":{"start":{"line":48,"column":0},"end":{"line":48,"column":30}},"28":{"start":{"line":49,"column":0},"end":{"line":49,"column":30}},"29":{"start":{"line":50,"column":0},"end":{"line":50,"column":36}},"30":{"start":{"line":51,"column":0},"end":{"line":51,"column":35}},"31":{"start":{"line":52,"column":0},"end":{"line":52,"column":31}},"32":{"start":{"line":53,"column":0},"end":{"line":53,"column":33}},"33":{"start":{"line":54,"column":0},"end":{"line":54,"column":33}},"34":{"start":{"line":55,"column":0},"end":{"line":55,"column":32}},"35":{"start":{"line":56,"column":0},"end":{"line":56,"column":31}},"36":{"start":{"line":57,"column":0},"end":{"line":57,"column":33}},"37":{"start":{"line":59,"column":15},"end":{"line":61,"column":2}},"38":{"start":{"line":60,"column":2},"end":{"line":60,"column":60}},"39":{"start":{"line":63,"column":0},"end":{"line":63,"column":24}},"40":{"start":{"line":64,"column":0},"end":{"line":64,"column":19}}},"fnMap":{"0":{"name":"(anonymous_1)","decl":{"start":{"line":30,"column":10},"end":{"line":30,"column":null}},"loc":{"start":{"line":30,"column":10},"end":{"line":36,"column":5}}},"1":{"name":"(anonymous_2)","decl":{"start":{"line":37,"column":11},"end":{"line":37,"column":12}},"loc":{"start":{"line":37,"column":17},"end":{"line":39,"column":5}}},"2":{"name":"(anonymous_3)","decl":{"start":{"line":59,"column":32},"end":{"line":59,"column":null}},"loc":{"start":{"line":59,"column":32},"end":{"line":61,"column":1}}}},"branchMap":{"0":{"loc":{"start":{"line":27,"column":0},"end":{"line":40,"column":null}},"type":"if","locations":[{"start":{"line":27,"column":0},"end":{"line":40,"column":null}}]}},"s":{"0":1,"1":1,"2":1,"3":1,"4":1,"5":1,"6":1,"7":1,"8":1,"9":1,"10":1,"11":1,"12":1,"13":1,"14":1,"15":1,"16":1,"17":1,"18":1,"19":1,"20":1,"21":0,"22":0,"23":0,"24":0,"25":1,"26":1,"27":1,"28":1,"29":1,"30":1,"31":1,"32":1,"33":1,"34":1,"35":1,"36":1,"37":1,"38":1,"39":1,"40":1},"f":{"0":0,"1":0,"2":1},"b":{"0":[0]}}
,"/mnt/c/Users/antot/Desktop/capstone/2023-2-S2-Grupo1-Backend/src/api/routes/clients.ts": {"path":"/mnt/c/Users/antot/Desktop/capstone/2023-2-S2-Grupo1-Backend/src/api/routes/clients.ts","statementMap":{"0":{"start":{"line":1,"column":0},"end":{"line":1,"column":32}},"1":{"start":{"line":2,"column":0},"end":{"line":2,"column":70}},"2":{"start":{"line":3,"column":0},"end":{"line":3,"column":70}},"3":{"start":{"line":4,"column":0},"end":{"line":4,"column":72}},"4":{"start":{"line":5,"column":0},"end":{"line":5,"column":66}},"5":{"start":{"line":6,"column":0},"end":{"line":6,"column":70}},"6":{"start":{"line":8,"column":15},"end":{"line":8,"column":27}},"7":{"start":{"line":15,"column":0},"end":{"line":39,"column":3}},"8":{"start":{"line":15,"column":38},"end":{"line":39,"column":2}},"9":{"start":{"line":17,"column":10},"end":{"line":17,"column":68}},"10":{"start":{"line":18,"column":4},"end":{"line":22,"column":null}},"11":{"start":{"line":19,"column":6},"end":{"line":19,"column":23}},"12":{"start":{"line":20,"column":6},"end":{"line":20,"column":71}},"13":{"start":{"line":21,"column":6},"end":{"line":21,"column":13}},"14":{"start":{"line":24,"column":10},"end":{"line":24,"column":44}},"15":{"start":{"line":25,"column":22},"end":{"line":28,"column":null}},"16":{"start":{"line":25,"column":10},"end":{"line":28,"column":null}},"17":{"start":{"line":30,"column":4},"end":{"line":30,"column":21}},"18":{"start":{"line":31,"column":4},"end":{"line":31,"column":25}},"19":{"start":{"line":33,"column":4},"end":{"line":33,"column":69}},"20":{"start":{"line":35,"column":4},"end":{"line":35,"column":62}},"21":{"start":{"line":36,"column":4},"end":{"line":36,"column":21}},"22":{"start":{"line":37,"column":4},"end":{"line":37,"column":73}},"23":{"start":{"line":41,"column":0},"end":{"line":59,"column":3}},"24":{"start":{"line":41,"column":41},"end":{"line":59,"column":2}},"25":{"start":{"line":43,"column":10},"end":{"line":43,"column":49}},"26":{"start":{"line":44,"column":10},"end":{"line":44,"column":46}},"27":{"start":{"line":45,"column":19},"end":{"line":45,"column":null}},"28":{"start":{"line":45,"column":10},"end":{"line":45,"column":null}},"29":{"start":{"line":47,"column":4},"end":{"line":53,"column":null}},"30":{"start":{"line":48,"column":6},"end":{"line":48,"column":23}},"31":{"start":{"line":49,"column":6},"end":{"line":49,"column":24}},"32":{"start":{"line":51,"column":6},"end":{"line":51,"column":23}},"33":{"start":{"line":52,"column":6},"end":{"line":52,"column":47}},"34":{"start":{"line":55,"column":4},"end":{"line":55,"column":53}},"35":{"start":{"line":56,"column":4},"end":{"line":56,"column":21}},"36":{"start":{"line":57,"column":4},"end":{"line":57,"column":75}},"37":{"start":{"line":61,"column":0},"end":{"line":73,"column":3}},"38":{"start":{"line":61,"column":37},"end":{"line":73,"column":2}},"39":{"start":{"line":63,"column":10},"end":{"line":63,"column":43}},"40":{"start":{"line":64,"column":20},"end":{"line":64,"column":null}},"41":{"start":{"line":64,"column":10},"end":{"line":64,"column":null}},"42":{"start":{"line":66,"column":4},"end":{"line":66,"column":21}},"43":{"start":{"line":67,"column":4},"end":{"line":67,"column":23}},"44":{"start":{"line":69,"column":4},"end":{"line":69,"column":54}},"45":{"start":{"line":70,"column":4},"end":{"line":70,"column":21}},"46":{"start":{"line":71,"column":4},"end":{"line":71,"column":72}},"47":{"start":{"line":75,"column":0},"end":{"line":100,"column":3}},"48":{"start":{"line":75,"column":46},"end":{"line":100,"column":2}},"49":{"start":{"line":76,"column":8},"end":{"line":86,"column":15}},"50":{"start":{"line":89,"column":8},"end":{"line":91,"column":48}},"51":{"start":{"line":91,"column":25},"end":{"line":91,"column":47}},"52":{"start":{"line":94,"column":8},"end":{"line":94,"column":50}},"53":{"start":{"line":97,"column":8},"end":{"line":97,"column":67}},"54":{"start":{"line":99,"column":2},"end":{"line":99,"column":32}},"55":{"start":{"line":102,"column":0},"end":{"line":122,"column":3}},"56":{"start":{"line":102,"column":41},"end":{"line":122,"column":2}},"57":{"start":{"line":104,"column":10},"end":{"line":104,"column":49}},"58":{"start":{"line":105,"column":10},"end":{"line":105,"column":41}},"59":{"start":{"line":106,"column":10},"end":{"line":106,"column":44}},"60":{"start":{"line":107,"column":26},"end":{"line":107,"column":null}},"61":{"start":{"line":107,"column":10},"end":{"line":107,"column":null}},"62":{"start":{"line":109,"column":4},"end":{"line":116,"column":null}},"63":{"start":{"line":110,"column":6},"end":{"line":110,"column":23}},"64":{"start":{"line":111,"column":6},"end":{"line":111,"column":45}},"65":{"start":{"line":112,"column":6},"end":{"line":112,"column":31}},"66":{"start":{"line":114,"column":6},"end":{"line":114,"column":23}},"67":{"start":{"line":115,"column":6},"end":{"line":115,"column":47}},"68":{"start":{"line":118,"column":4},"end":{"line":118,"column":51}},"69":{"start":{"line":119,"column":4},"end":{"line":119,"column":21}},"70":{"start":{"line":120,"column":4},"end":{"line":120,"column":73}},"71":{"start":{"line":124,"column":0},"end":{"line":142,"column":3}},"72":{"start":{"line":124,"column":44},"end":{"line":142,"column":2}},"73":{"start":{"line":126,"column":10},"end":{"line":126,"column":49}},"74":{"start":{"line":127,"column":10},"end":{"line":127,"column":44}},"75":{"start":{"line":128,"column":26},"end":{"line":128,"column":null}},"76":{"start":{"line":128,"column":10},"end":{"line":128,"column":null}},"77":{"start":{"line":130,"column":4},"end":{"line":136,"column":null}},"78":{"start":{"line":131,"column":6},"end":{"line":131,"column":23}},"79":{"start":{"line":132,"column":6},"end":{"line":132,"column":45}},"80":{"start":{"line":134,"column":6},"end":{"line":134,"column":23}},"81":{"start":{"line":135,"column":6},"end":{"line":135,"column":47}},"82":{"start":{"line":138,"column":4},"end":{"line":138,"column":51}},"83":{"start":{"line":139,"column":4},"end":{"line":139,"column":21}},"84":{"start":{"line":140,"column":4},"end":{"line":140,"column":73}},"85":{"start":{"line":144,"column":0},"end":{"line":144,"column":24}}},"fnMap":{"0":{"name":"(anonymous_14)","decl":{"start":{"line":15,"column":28},"end":{"line":15,"column":35}},"loc":{"start":{"line":15,"column":38},"end":{"line":39,"column":2}}},"1":{"name":"(anonymous_15)","decl":{"start":{"line":15,"column":38},"end":{"line":15,"column":null}},"loc":{"start":{"line":15,"column":38},"end":{"line":39,"column":2}}},"2":{"name":"(anonymous_17)","decl":{"start":{"line":41,"column":31},"end":{"line":41,"column":38}},"loc":{"start":{"line":41,"column":41},"end":{"line":59,"column":2}}},"3":{"name":"(anonymous_18)","decl":{"start":{"line":41,"column":41},"end":{"line":41,"column":null}},"loc":{"start":{"line":41,"column":41},"end":{"line":59,"column":2}}},"4":{"name":"(anonymous_20)","decl":{"start":{"line":61,"column":27},"end":{"line":61,"column":34}},"loc":{"start":{"line":61,"column":37},"end":{"line":73,"column":2}}},"5":{"name":"(anonymous_21)","decl":{"start":{"line":61,"column":37},"end":{"line":61,"column":null}},"loc":{"start":{"line":61,"column":37},"end":{"line":73,"column":2}}},"6":{"name":"(anonymous_23)","decl":{"start":{"line":75,"column":36},"end":{"line":75,"column":43}},"loc":{"start":{"line":75,"column":46},"end":{"line":100,"column":2}}},"7":{"name":"(anonymous_24)","decl":{"start":{"line":75,"column":46},"end":{"line":75,"column":null}},"loc":{"start":{"line":75,"column":46},"end":{"line":100,"column":2}}},"8":{"name":"(anonymous_26)","decl":{"start":{"line":91,"column":12},"end":{"line":91,"column":13}},"loc":{"start":{"line":91,"column":20},"end":{"line":91,"column":32}}},"9":{"name":"(anonymous_27)","decl":{"start":{"line":102,"column":31},"end":{"line":102,"column":38}},"loc":{"start":{"line":102,"column":41},"end":{"line":122,"column":2}}},"10":{"name":"(anonymous_28)","decl":{"start":{"line":102,"column":41},"end":{"line":102,"column":null}},"loc":{"start":{"line":102,"column":41},"end":{"line":122,"column":2}}},"11":{"name":"(anonymous_30)","decl":{"start":{"line":124,"column":34},"end":{"line":124,"column":41}},"loc":{"start":{"line":124,"column":44},"end":{"line":142,"column":2}}},"12":{"name":"(anonymous_31)","decl":{"start":{"line":124,"column":44},"end":{"line":124,"column":null}},"loc":{"start":{"line":124,"column":44},"end":{"line":142,"column":2}}}},"branchMap":{"0":{"loc":{"start":{"line":18,"column":4},"end":{"line":22,"column":null}},"type":"if","locations":[{"start":{"line":18,"column":4},"end":{"line":22,"column":null}}]},"1":{"loc":{"start":{"line":18,"column":8},"end":{"line":18,"column":57}},"type":"binary-expr","locations":[{"start":{"line":18,"column":8},"end":{"line":18,"column":30}},{"start":{"line":18,"column":30},"end":{"line":18,"column":57}}]},"2":{"loc":{"start":{"line":18,"column":9},"end":{"line":18,"column":26}},"type":"cond-expr","locations":[{"start":{"line":18,"column":20},"end":{"line":18,"column":22}},{"start":{"line":18,"column":9},"end":{"line":18,"column":26}}]},"3":{"loc":{"start":{"line":18,"column":9},"end":{"line":18,"column":22}},"type":"binary-expr","locations":[{"start":{"line":18,"column":9},"end":{"line":18,"column":22}},{"start":{"line":18,"column":9},"end":{"line":18,"column":22}}]},"4":{"loc":{"start":{"line":18,"column":31},"end":{"line":18,"column":55}},"type":"cond-expr","locations":[{"start":{"line":18,"column":42},"end":{"line":18,"column":44}},{"start":{"line":18,"column":31},"end":{"line":18,"column":55}}]},"5":{"loc":{"start":{"line":18,"column":31},"end":{"line":18,"column":44}},"type":"binary-expr","locations":[{"start":{"line":18,"column":31},"end":{"line":18,"column":44}},{"start":{"line":18,"column":31},"end":{"line":18,"column":44}}]},"6":{"loc":{"start":{"line":47,"column":4},"end":{"line":53,"column":null}},"type":"if","locations":[{"start":{"line":47,"column":4},"end":{"line":53,"column":null}},{"start":{"line":50,"column":11},"end":{"line":53,"column":null}}]},"7":{"loc":{"start":{"line":109,"column":4},"end":{"line":116,"column":null}},"type":"if","locations":[{"start":{"line":109,"column":4},"end":{"line":116,"column":null}},{"start":{"line":113,"column":11},"end":{"line":116,"column":null}}]},"8":{"loc":{"start":{"line":130,"column":4},"end":{"line":136,"column":null}},"type":"if","locations":[{"start":{"line":130,"column":4},"end":{"line":136,"column":null}},{"start":{"line":133,"column":11},"end":{"line":136,"column":null}}]}},"s":{"0":1,"1":1,"2":1,"3":1,"4":1,"5":1,"6":1,"7":1,"8":1,"9":1,"10":1,"11":0,"12":0,"13":0,"14":1,"15":1,"16":1,"17":1,"18":1,"19":1,"20":0,"21":0,"22":0,"23":1,"24":0,"25":0,"26":0,"27":0,"28":0,"29":0,"30":0,"31":0,"32":0,"33":0,"34":0,"35":0,"36":0,"37":1,"38":1,"39":1,"40":1,"41":1,"42":1,"43":1,"44":0,"45":0,"46":0,"47":1,"48":0,"49":0,"50":0,"51":0,"52":0,"53":0,"54":0,"55":1,"56":0,"57":0,"58":0,"59":0,"60":0,"61":0,"62":0,"63":0,"64":0,"65":0,"66":0,"67":0,"68":0,"69":0,"70":0,"71":1,"72":0,"73":0,"74":0,"75":0,"76":0,"77":0,"78":0,"79":0,"80":0,"81":0,"82":0,"83":0,"84":0,"85":1},"f":{"0":1,"1":1,"2":0,"3":0,"4":1,"5":1,"6":0,"7":0,"8":0,"9":0,"10":0,"11":0,"12":0},"b":{"0":[0],"1":[1,1],"2":[0,1],"3":[1,1],"4":[0,1],"5":[1,1],"6":[0,0],"7":[0,0],"8":[0,0]}}
,"/mnt/c/Users/antot/Desktop/capstone/2023-2-S2-Grupo1-Backend/src/api/routes/contacts.ts": {"path":"/mnt/c/Users/antot/Desktop/capstone/2023-2-S2-Grupo1-Backend/src/api/routes/contacts.ts","statementMap":{"0":{"start":{"line":1,"column":0},"end":{"line":1,"column":32}},"1":{"start":{"line":2,"column":0},"end":{"line":2,"column":73}},"2":{"start":{"line":3,"column":0},"end":{"line":3,"column":73}},"3":{"start":{"line":4,"column":0},"end":{"line":4,"column":75}},"4":{"start":{"line":5,"column":0},"end":{"line":5,"column":69}},"5":{"start":{"line":6,"column":0},"end":{"line":6,"column":73}},"6":{"start":{"line":8,"column":15},"end":{"line":8,"column":27}},"7":{"start":{"line":16,"column":0},"end":{"line":41,"column":3}},"8":{"start":{"line":16,"column":39},"end":{"line":41,"column":2}},"9":{"start":{"line":18,"column":10},"end":{"line":18,"column":69}},"10":{"start":{"line":19,"column":4},"end":{"line":23,"column":null}},"11":{"start":{"line":20,"column":6},"end":{"line":20,"column":23}},"12":{"start":{"line":21,"column":6},"end":{"line":21,"column":71}},"13":{"start":{"line":22,"column":6},"end":{"line":22,"column":13}},"14":{"start":{"line":25,"column":10},"end":{"line":25,"column":46}},"15":{"start":{"line":26,"column":23},"end":{"line":30,"column":null}},"16":{"start":{"line":26,"column":10},"end":{"line":30,"column":null}},"17":{"start":{"line":32,"column":4},"end":{"line":32,"column":21}},"18":{"start":{"line":33,"column":4},"end":{"line":33,"column":26}},"19":{"start":{"line":35,"column":4},"end":{"line":35,"column":72}},"20":{"start":{"line":37,"column":4},"end":{"line":37,"column":63}},"21":{"start":{"line":38,"column":4},"end":{"line":38,"column":21}},"22":{"start":{"line":39,"column":4},"end":{"line":39,"column":74}},"23":{"start":{"line":43,"column":0},"end":{"line":61,"column":3}},"24":{"start":{"line":43,"column":42},"end":{"line":61,"column":2}},"25":{"start":{"line":45,"column":10},"end":{"line":45,"column":50}},"26":{"start":{"line":46,"column":10},"end":{"line":46,"column":48}},"27":{"start":{"line":47,"column":20},"end":{"line":47,"column":null}},"28":{"start":{"line":47,"column":10},"end":{"line":47,"column":null}},"29":{"start":{"line":49,"column":4},"end":{"line":55,"column":null}},"30":{"start":{"line":50,"column":6},"end":{"line":50,"column":23}},"31":{"start":{"line":51,"column":6},"end":{"line":51,"column":25}},"32":{"start":{"line":53,"column":6},"end":{"line":53,"column":23}},"33":{"start":{"line":54,"column":6},"end":{"line":54,"column":48}},"34":{"start":{"line":57,"column":4},"end":{"line":57,"column":54}},"35":{"start":{"line":58,"column":4},"end":{"line":58,"column":21}},"36":{"start":{"line":59,"column":4},"end":{"line":59,"column":76}},"37":{"start":{"line":63,"column":0},"end":{"line":75,"column":3}},"38":{"start":{"line":63,"column":38},"end":{"line":75,"column":2}},"39":{"start":{"line":65,"column":10},"end":{"line":65,"column":45}},"40":{"start":{"line":66,"column":21},"end":{"line":66,"column":null}},"41":{"start":{"line":66,"column":10},"end":{"line":66,"column":null}},"42":{"start":{"line":68,"column":4},"end":{"line":68,"column":21}},"43":{"start":{"line":69,"column":4},"end":{"line":69,"column":24}},"44":{"start":{"line":71,"column":4},"end":{"line":71,"column":55}},"45":{"start":{"line":72,"column":4},"end":{"line":72,"column":21}},"46":{"start":{"line":73,"column":4},"end":{"line":73,"column":73}},"47":{"start":{"line":77,"column":0},"end":{"line":92,"column":3}},"48":{"start":{"line":77,"column":50},"end":{"line":92,"column":2}},"49":{"start":{"line":78,"column":8},"end":{"line":89,"column":4}},"50":{"start":{"line":91,"column":2},"end":{"line":91,"column":38}},"51":{"start":{"line":94,"column":0},"end":{"line":114,"column":3}},"52":{"start":{"line":94,"column":42},"end":{"line":114,"column":2}},"53":{"start":{"line":96,"column":10},"end":{"line":96,"column":50}},"54":{"start":{"line":97,"column":10},"end":{"line":97,"column":41}},"55":{"start":{"line":98,"column":10},"end":{"line":98,"column":46}},"56":{"start":{"line":99,"column":27},"end":{"line":99,"column":null}},"57":{"start":{"line":99,"column":10},"end":{"line":99,"column":null}},"58":{"start":{"line":101,"column":4},"end":{"line":108,"column":null}},"59":{"start":{"line":102,"column":6},"end":{"line":102,"column":23}},"60":{"start":{"line":103,"column":6},"end":{"line":103,"column":46}},"61":{"start":{"line":104,"column":6},"end":{"line":104,"column":32}},"62":{"start":{"line":106,"column":6},"end":{"line":106,"column":23}},"63":{"start":{"line":107,"column":6},"end":{"line":107,"column":48}},"64":{"start":{"line":110,"column":4},"end":{"line":110,"column":52}},"65":{"start":{"line":111,"column":4},"end":{"line":111,"column":21}},"66":{"start":{"line":112,"column":4},"end":{"line":112,"column":74}},"67":{"start":{"line":116,"column":0},"end":{"line":134,"column":3}},"68":{"start":{"line":116,"column":45},"end":{"line":134,"column":2}},"69":{"start":{"line":118,"column":10},"end":{"line":118,"column":50}},"70":{"start":{"line":119,"column":10},"end":{"line":119,"column":46}},"71":{"start":{"line":120,"column":27},"end":{"line":120,"column":null}},"72":{"start":{"line":120,"column":10},"end":{"line":120,"column":null}},"73":{"start":{"line":122,"column":4},"end":{"line":128,"column":null}},"74":{"start":{"line":123,"column":6},"end":{"line":123,"column":23}},"75":{"start":{"line":124,"column":6},"end":{"line":124,"column":46}},"76":{"start":{"line":126,"column":6},"end":{"line":126,"column":23}},"77":{"start":{"line":127,"column":6},"end":{"line":127,"column":48}},"78":{"start":{"line":130,"column":4},"end":{"line":130,"column":52}},"79":{"start":{"line":131,"column":4},"end":{"line":131,"column":21}},"80":{"start":{"line":132,"column":4},"end":{"line":132,"column":74}},"81":{"start":{"line":136,"column":0},"end":{"line":136,"column":24}}},"fnMap":{"0":{"name":"(anonymous_14)","decl":{"start":{"line":16,"column":29},"end":{"line":16,"column":36}},"loc":{"start":{"line":16,"column":39},"end":{"line":41,"column":2}}},"1":{"name":"(anonymous_15)","decl":{"start":{"line":16,"column":39},"end":{"line":16,"column":null}},"loc":{"start":{"line":16,"column":39},"end":{"line":41,"column":2}}},"2":{"name":"(anonymous_17)","decl":{"start":{"line":43,"column":32},"end":{"line":43,"column":39}},"loc":{"start":{"line":43,"column":42},"end":{"line":61,"column":2}}},"3":{"name":"(anonymous_18)","decl":{"start":{"line":43,"column":42},"end":{"line":43,"column":null}},"loc":{"start":{"line":43,"column":42},"end":{"line":61,"column":2}}},"4":{"name":"(anonymous_20)","decl":{"start":{"line":63,"column":28},"end":{"line":63,"column":35}},"loc":{"start":{"line":63,"column":38},"end":{"line":75,"column":2}}},"5":{"name":"(anonymous_21)","decl":{"start":{"line":63,"column":38},"end":{"line":63,"column":null}},"loc":{"start":{"line":63,"column":38},"end":{"line":75,"column":2}}},"6":{"name":"(anonymous_23)","decl":{"start":{"line":77,"column":40},"end":{"line":77,"column":47}},"loc":{"start":{"line":77,"column":50},"end":{"line":92,"column":2}}},"7":{"name":"(anonymous_24)","decl":{"start":{"line":77,"column":50},"end":{"line":77,"column":null}},"loc":{"start":{"line":77,"column":50},"end":{"line":92,"column":2}}},"8":{"name":"(anonymous_26)","decl":{"start":{"line":94,"column":32},"end":{"line":94,"column":39}},"loc":{"start":{"line":94,"column":42},"end":{"line":114,"column":2}}},"9":{"name":"(anonymous_27)","decl":{"start":{"line":94,"column":42},"end":{"line":94,"column":null}},"loc":{"start":{"line":94,"column":42},"end":{"line":114,"column":2}}},"10":{"name":"(anonymous_29)","decl":{"start":{"line":116,"column":35},"end":{"line":116,"column":42}},"loc":{"start":{"line":116,"column":45},"end":{"line":134,"column":2}}},"11":{"name":"(anonymous_30)","decl":{"start":{"line":116,"column":45},"end":{"line":116,"column":null}},"loc":{"start":{"line":116,"column":45},"end":{"line":134,"column":2}}}},"branchMap":{"0":{"loc":{"start":{"line":19,"column":4},"end":{"line":23,"column":null}},"type":"if","locations":[{"start":{"line":19,"column":4},"end":{"line":23,"column":null}}]},"1":{"loc":{"start":{"line":19,"column":8},"end":{"line":19,"column":77}},"type":"binary-expr","locations":[{"start":{"line":19,"column":8},"end":{"line":19,"column":30}},{"start":{"line":19,"column":30},"end":{"line":19,"column":53}},{"start":{"line":19,"column":53},"end":{"line":19,"column":77}}]},"2":{"loc":{"start":{"line":19,"column":9},"end":{"line":19,"column":26}},"type":"cond-expr","locations":[{"start":{"line":19,"column":20},"end":{"line":19,"column":22}},{"start":{"line":19,"column":9},"end":{"line":19,"column":26}}]},"3":{"loc":{"start":{"line":19,"column":9},"end":{"line":19,"column":22}},"type":"binary-expr","locations":[{"start":{"line":19,"column":9},"end":{"line":19,"column":22}},{"start":{"line":19,"column":9},"end":{"line":19,"column":22}}]},"4":{"loc":{"start":{"line":19,"column":31},"end":{"line":19,"column":49}},"type":"cond-expr","locations":[{"start":{"line":19,"column":42},"end":{"line":19,"column":44}},{"start":{"line":19,"column":31},"end":{"line":19,"column":49}}]},"5":{"loc":{"start":{"line":19,"column":31},"end":{"line":19,"column":44}},"type":"binary-expr","locations":[{"start":{"line":19,"column":31},"end":{"line":19,"column":44}},{"start":{"line":19,"column":31},"end":{"line":19,"column":44}}]},"6":{"loc":{"start":{"line":19,"column":54},"end":{"line":19,"column":75}},"type":"cond-expr","locations":[{"start":{"line":19,"column":65},"end":{"line":19,"column":67}},{"start":{"line":19,"column":54},"end":{"line":19,"column":75}}]},"7":{"loc":{"start":{"line":19,"column":54},"end":{"line":19,"column":67}},"type":"binary-expr","locations":[{"start":{"line":19,"column":54},"end":{"line":19,"column":67}},{"start":{"line":19,"column":54},"end":{"line":19,"column":67}}]},"8":{"loc":{"start":{"line":49,"column":4},"end":{"line":55,"column":null}},"type":"if","locations":[{"start":{"line":49,"column":4},"end":{"line":55,"column":null}},{"start":{"line":52,"column":11},"end":{"line":55,"column":null}}]},"9":{"loc":{"start":{"line":101,"column":4},"end":{"line":108,"column":null}},"type":"if","locations":[{"start":{"line":101,"column":4},"end":{"line":108,"column":null}},{"start":{"line":105,"column":11},"end":{"line":108,"column":null}}]},"10":{"loc":{"start":{"line":122,"column":4},"end":{"line":128,"column":null}},"type":"if","locations":[{"start":{"line":122,"column":4},"end":{"line":128,"column":null}},{"start":{"line":125,"column":11},"end":{"line":128,"column":null}}]}},"s":{"0":1,"1":1,"2":1,"3":1,"4":1,"5":1,"6":1,"7":1,"8":1,"9":1,"10":1,"11":0,"12":0,"13":0,"14":1,"15":1,"16":1,"17":1,"18":1,"19":1,"20":0,"21":0,"22":0,"23":1,"24":0,"25":0,"26":0,"27":0,"28":0,"29":0,"30":0,"31":0,"32":0,"33":0,"34":0,"35":0,"36":0,"37":1,"38":0,"39":0,"40":0,"41":0,"42":0,"43":0,"44":0,"45":0,"46":0,"47":1,"48":0,"49":0,"50":0,"51":1,"52":0,"53":0,"54":0,"55":0,"56":0,"57":0,"58":0,"59":0,"60":0,"61":0,"62":0,"63":0,"64":0,"65":0,"66":0,"67":1,"68":0,"69":0,"70":0,"71":0,"72":0,"73":0,"74":0,"75":0,"76":0,"77":0,"78":0,"79":0,"80":0,"81":1},"f":{"0":1,"1":1,"2":0,"3":0,"4":0,"5":0,"6":0,"7":0,"8":0,"9":0,"10":0,"11":0},"b":{"0":[0],"1":[1,1,1],"2":[0,1],"3":[1,1],"4":[0,1],"5":[1,1],"6":[0,1],"7":[1,1],"8":[0,0],"9":[0,0],"10":[0,0]}}
,"/mnt/c/Users/antot/Desktop/capstone/2023-2-S2-Grupo1-Backend/src/api/routes/deductions.ts": {"path":"/mnt/c/Users/antot/Desktop/capstone/2023-2-S2-Grupo1-Backend/src/api/routes/deductions.ts","statementMap":{"0":{"start":{"line":1,"column":0},"end":{"line":1,"column":32}},"1":{"start":{"line":2,"column":0},"end":{"line":2,"column":79}},"2":{"start":{"line":3,"column":0},"end":{"line":3,"column":79}},"3":{"start":{"line":4,"column":0},"end":{"line":4,"column":81}},"4":{"start":{"line":5,"column":0},"end":{"line":5,"column":75}},"5":{"start":{"line":6,"column":0},"end":{"line":6,"column":79}},"6":{"start":{"line":8,"column":15},"end":{"line":8,"column":27}},"7":{"start":{"line":17,"column":0},"end":{"line":68,"column":3}},"8":{"start":{"line":17,"column":40},"end":{"line":68,"column":2}},"9":{"start":{"line":19,"column":10},"end":{"line":19,"column":71}},"10":{"start":{"line":21,"column":4},"end":{"line":26,"column":null}},"11":{"start":{"line":25,"column":6},"end":{"line":25,"column":39}},"12":{"start":{"line":28,"column":4},"end":{"line":32,"column":null}},"13":{"start":{"line":29,"column":6},"end":{"line":29,"column":23}},"14":{"start":{"line":30,"column":6},"end":{"line":30,"column":71}},"15":{"start":{"line":31,"column":6},"end":{"line":31,"column":13}},"16":{"start":{"line":35,"column":4},"end":{"line":42,"column":null}},"17":{"start":{"line":39,"column":6},"end":{"line":39,"column":23}},"18":{"start":{"line":40,"column":6},"end":{"line":40,"column":65}},"19":{"start":{"line":41,"column":6},"end":{"line":41,"column":13}},"20":{"start":{"line":45,"column":4},"end":{"line":49,"column":null}},"21":{"start":{"line":46,"column":6},"end":{"line":46,"column":23}},"22":{"start":{"line":47,"column":6},"end":{"line":47,"column":57}},"23":{"start":{"line":48,"column":6},"end":{"line":48,"column":13}},"24":{"start":{"line":51,"column":10},"end":{"line":51,"column":50}},"25":{"start":{"line":52,"column":25},"end":{"line":57,"column":null}},"26":{"start":{"line":52,"column":10},"end":{"line":57,"column":null}},"27":{"start":{"line":59,"column":4},"end":{"line":59,"column":21}},"28":{"start":{"line":60,"column":4},"end":{"line":60,"column":28}},"29":{"start":{"line":62,"column":4},"end":{"line":62,"column":78}},"30":{"start":{"line":64,"column":4},"end":{"line":64,"column":65}},"31":{"start":{"line":65,"column":4},"end":{"line":65,"column":21}},"32":{"start":{"line":66,"column":4},"end":{"line":66,"column":76}},"33":{"start":{"line":70,"column":0},"end":{"line":88,"column":3}},"34":{"start":{"line":70,"column":44},"end":{"line":88,"column":2}},"35":{"start":{"line":72,"column":10},"end":{"line":72,"column":52}},"36":{"start":{"line":73,"column":10},"end":{"line":73,"column":52}},"37":{"start":{"line":74,"column":22},"end":{"line":74,"column":null}},"38":{"start":{"line":74,"column":10},"end":{"line":74,"column":null}},"39":{"start":{"line":76,"column":4},"end":{"line":82,"column":null}},"40":{"start":{"line":77,"column":6},"end":{"line":77,"column":23}},"41":{"start":{"line":78,"column":6},"end":{"line":78,"column":27}},"42":{"start":{"line":80,"column":6},"end":{"line":80,"column":23}},"43":{"start":{"line":81,"column":6},"end":{"line":81,"column":50}},"44":{"start":{"line":84,"column":4},"end":{"line":84,"column":56}},"45":{"start":{"line":85,"column":4},"end":{"line":85,"column":21}},"46":{"start":{"line":86,"column":4},"end":{"line":86,"column":78}},"47":{"start":{"line":90,"column":0},"end":{"line":102,"column":3}},"48":{"start":{"line":90,"column":40},"end":{"line":102,"column":2}},"49":{"start":{"line":92,"column":10},"end":{"line":92,"column":49}},"50":{"start":{"line":93,"column":23},"end":{"line":93,"column":null}},"51":{"start":{"line":93,"column":10},"end":{"line":93,"column":null}},"52":{"start":{"line":95,"column":4},"end":{"line":95,"column":21}},"53":{"start":{"line":96,"column":4},"end":{"line":96,"column":26}},"54":{"start":{"line":98,"column":4},"end":{"line":98,"column":57}},"55":{"start":{"line":99,"column":4},"end":{"line":99,"column":21}},"56":{"start":{"line":100,"column":4},"end":{"line":100,"column":75}},"57":{"start":{"line":104,"column":0},"end":{"line":127,"column":3}},"58":{"start":{"line":104,"column":44},"end":{"line":127,"column":2}},"59":{"start":{"line":106,"column":10},"end":{"line":106,"column":52}},"60":{"start":{"line":107,"column":10},"end":{"line":107,"column":41}},"61":{"start":{"line":108,"column":10},"end":{"line":108,"column":50}},"62":{"start":{"line":109,"column":29},"end":{"line":112,"column":null}},"63":{"start":{"line":109,"column":10},"end":{"line":112,"column":null}},"64":{"start":{"line":114,"column":4},"end":{"line":121,"column":null}},"65":{"start":{"line":115,"column":6},"end":{"line":115,"column":23}},"66":{"start":{"line":116,"column":6},"end":{"line":116,"column":55}},"67":{"start":{"line":117,"column":6},"end":{"line":117,"column":34}},"68":{"start":{"line":119,"column":6},"end":{"line":119,"column":23}},"69":{"start":{"line":120,"column":6},"end":{"line":120,"column":50}},"70":{"start":{"line":123,"column":4},"end":{"line":123,"column":54}},"71":{"start":{"line":124,"column":4},"end":{"line":124,"column":21}},"72":{"start":{"line":125,"column":4},"end":{"line":125,"column":76}},"73":{"start":{"line":129,"column":0},"end":{"line":147,"column":3}},"74":{"start":{"line":129,"column":47},"end":{"line":147,"column":2}},"75":{"start":{"line":131,"column":10},"end":{"line":131,"column":52}},"76":{"start":{"line":132,"column":10},"end":{"line":132,"column":50}},"77":{"start":{"line":133,"column":29},"end":{"line":133,"column":null}},"78":{"start":{"line":133,"column":10},"end":{"line":133,"column":null}},"79":{"start":{"line":135,"column":4},"end":{"line":141,"column":null}},"80":{"start":{"line":136,"column":6},"end":{"line":136,"column":23}},"81":{"start":{"line":137,"column":6},"end":{"line":137,"column":48}},"82":{"start":{"line":139,"column":6},"end":{"line":139,"column":23}},"83":{"start":{"line":140,"column":6},"end":{"line":140,"column":50}},"84":{"start":{"line":143,"column":4},"end":{"line":143,"column":54}},"85":{"start":{"line":144,"column":4},"end":{"line":144,"column":21}},"86":{"start":{"line":145,"column":4},"end":{"line":145,"column":76}},"87":{"start":{"line":149,"column":0},"end":{"line":149,"column":24}}},"fnMap":{"0":{"name":"(anonymous_14)","decl":{"start":{"line":17,"column":30},"end":{"line":17,"column":37}},"loc":{"start":{"line":17,"column":40},"end":{"line":68,"column":2}}},"1":{"name":"(anonymous_15)","decl":{"start":{"line":17,"column":40},"end":{"line":17,"column":null}},"loc":{"start":{"line":17,"column":40},"end":{"line":68,"column":2}}},"2":{"name":"(anonymous_17)","decl":{"start":{"line":70,"column":34},"end":{"line":70,"column":41}},"loc":{"start":{"line":70,"column":44},"end":{"line":88,"column":2}}},"3":{"name":"(anonymous_18)","decl":{"start":{"line":70,"column":44},"end":{"line":70,"column":null}},"loc":{"start":{"line":70,"column":44},"end":{"line":88,"column":2}}},"4":{"name":"(anonymous_20)","decl":{"start":{"line":90,"column":30},"end":{"line":90,"column":37}},"loc":{"start":{"line":90,"column":40},"end":{"line":102,"column":2}}},"5":{"name":"(anonymous_21)","decl":{"start":{"line":90,"column":40},"end":{"line":90,"column":null}},"loc":{"start":{"line":90,"column":40},"end":{"line":102,"column":2}}},"6":{"name":"(anonymous_23)","decl":{"start":{"line":104,"column":34},"end":{"line":104,"column":41}},"loc":{"start":{"line":104,"column":44},"end":{"line":127,"column":2}}},"7":{"name":"(anonymous_24)","decl":{"start":{"line":104,"column":44},"end":{"line":104,"column":null}},"loc":{"start":{"line":104,"column":44},"end":{"line":127,"column":2}}},"8":{"name":"(anonymous_26)","decl":{"start":{"line":129,"column":37},"end":{"line":129,"column":44}},"loc":{"start":{"line":129,"column":47},"end":{"line":147,"column":2}}},"9":{"name":"(anonymous_27)","decl":{"start":{"line":129,"column":47},"end":{"line":129,"column":null}},"loc":{"start":{"line":129,"column":47},"end":{"line":147,"column":2}}}},"branchMap":{"0":{"loc":{"start":{"line":21,"column":4},"end":{"line":26,"column":null}},"type":"if","locations":[{"start":{"line":21,"column":4},"end":{"line":26,"column":null}}]},"1":{"loc":{"start":{"line":22,"column":6},"end":{"line":23,"column":40}},"type":"binary-expr","locations":[{"start":{"line":22,"column":6},"end":{"line":22,"column":39}},{"start":{"line":23,"column":6},"end":{"line":23,"column":40}}]},"2":{"loc":{"start":{"line":28,"column":4},"end":{"line":32,"column":null}},"type":"if","locations":[{"start":{"line":28,"column":4},"end":{"line":32,"column":null}}]},"3":{"loc":{"start":{"line":28,"column":8},"end":{"line":28,"column":55}},"type":"binary-expr","locations":[{"start":{"line":28,"column":8},"end":{"line":28,"column":36}},{"start":{"line":28,"column":36},"end":{"line":28,"column":55}}]},"4":{"loc":{"start":{"line":28,"column":9},"end":{"line":28,"column":32}},"type":"cond-expr","locations":[{"start":{"line":28,"column":20},"end":{"line":28,"column":22}},{"start":{"line":28,"column":9},"end":{"line":28,"column":32}}]},"5":{"loc":{"start":{"line":28,"column":9},"end":{"line":28,"column":22}},"type":"binary-expr","locations":[{"start":{"line":28,"column":9},"end":{"line":28,"column":22}},{"start":{"line":28,"column":9},"end":{"line":28,"column":22}}]},"6":{"loc":{"start":{"line":35,"column":4},"end":{"line":42,"column":null}},"type":"if","locations":[{"start":{"line":35,"column":4},"end":{"line":42,"column":null}}]},"7":{"loc":{"start":{"line":36,"column":6},"end":{"line":37,"column":35}},"type":"binary-expr","locations":[{"start":{"line":36,"column":6},"end":{"line":36,"column":48}},{"start":{"line":37,"column":6},"end":{"line":37,"column":35}}]},"8":{"loc":{"start":{"line":45,"column":4},"end":{"line":49,"column":null}},"type":"if","locations":[{"start":{"line":45,"column":4},"end":{"line":49,"column":null}}]},"9":{"loc":{"start":{"line":76,"column":4},"end":{"line":82,"column":null}},"type":"if","locations":[{"start":{"line":76,"column":4},"end":{"line":82,"column":null}},{"start":{"line":79,"column":11},"end":{"line":82,"column":null}}]},"10":{"loc":{"start":{"line":114,"column":4},"end":{"line":121,"column":null}},"type":"if","locations":[{"start":{"line":114,"column":4},"end":{"line":121,"column":null}},{"start":{"line":118,"column":11},"end":{"line":121,"column":null}}]},"11":{"loc":{"start":{"line":135,"column":4},"end":{"line":141,"column":null}},"type":"if","locations":[{"start":{"line":135,"column":4},"end":{"line":141,"column":null}},{"start":{"line":138,"column":11},"end":{"line":141,"column":null}}]}},"s":{"0":1,"1":1,"2":1,"3":1,"4":1,"5":1,"6":1,"7":1,"8":1,"9":1,"10":1,"11":1,"12":1,"13":0,"14":0,"15":0,"16":1,"17":0,"18":0,"19":0,"20":1,"21":0,"22":0,"23":0,"24":1,"25":1,"26":1,"27":1,"28":1,"29":1,"30":0,"31":0,"32":0,"33":1,"34":0,"35":0,"36":0,"37":0,"38":0,"39":0,"40":0,"41":0,"42":0,"43":0,"44":0,"45":0,"46":0,"47":1,"48":0,"49":0,"50":0,"51":0,"52":0,"53":0,"54":0,"55":0,"56":0,"57":1,"58":0,"59":0,"60":0,"61":0,"62":0,"63":0,"64":0,"65":0,"66":0,"67":0,"68":0,"69":0,"70":0,"71":0,"72":0,"73":1,"74":0,"75":0,"76":0,"77":0,"78":0,"79":0,"80":0,"81":0,"82":0,"83":0,"84":0,"85":0,"86":0,"87":1},"f":{"0":1,"1":1,"2":0,"3":0,"4":0,"5":0,"6":0,"7":0,"8":0,"9":0},"b":{"0":[1],"1":[1,0],"2":[0],"3":[1,1],"4":[0,1],"5":[1,1],"6":[0],"7":[1,1],"8":[0],"9":[0,0],"10":[0,0],"11":[0,0]}}
,"/mnt/c/Users/antot/Desktop/capstone/2023-2-S2-Grupo1-Backend/src/api/routes/index.ts": {"path":"/mnt/c/Users/antot/Desktop/capstone/2023-2-S2-Grupo1-Backend/src/api/routes/index.ts","statementMap":{"0":{"start":{"line":1,"column":0},"end":{"line":1,"column":32}},"1":{"start":{"line":3,"column":15},"end":{"line":3,"column":27}},"2":{"start":{"line":5,"column":0},"end":{"line":7,"column":3}},"3":{"start":{"line":6,"column":2},"end":{"line":6,"column":27}},"4":{"start":{"line":9,"column":0},"end":{"line":9,"column":24}}},"fnMap":{"0":{"name":"(anonymous_1)","decl":{"start":{"line":5,"column":16},"end":{"line":5,"column":17}},"loc":{"start":{"line":5,"column":20},"end":{"line":7,"column":1}}}},"branchMap":{},"s":{"0":1,"1":1,"2":1,"3":1,"4":1},"f":{"0":1},"b":{}}
,"/mnt/c/Users/antot/Desktop/capstone/2023-2-S2-Grupo1-Backend/src/api/routes/profiles.ts": {"path":"/mnt/c/Users/antot/Desktop/capstone/2023-2-S2-Grupo1-Backend/src/api/routes/profiles.ts","statementMap":{"0":{"start":{"line":1,"column":0},"end":{"line":1,"column":32}},"1":{"start":{"line":2,"column":0},"end":{"line":2,"column":73}},"2":{"start":{"line":3,"column":0},"end":{"line":3,"column":73}},"3":{"start":{"line":4,"column":0},"end":{"line":4,"column":75}},"4":{"start":{"line":5,"column":0},"end":{"line":5,"column":69}},"5":{"start":{"line":6,"column":0},"end":{"line":6,"column":73}},"6":{"start":{"line":8,"column":15},"end":{"line":8,"column":27}},"7":{"start":{"line":17,"column":0},"end":{"line":70,"column":3}},"8":{"start":{"line":17,"column":48},"end":{"line":70,"column":2}},"9":{"start":{"line":18,"column":8},"end":{"line":67,"column":4}},"10":{"start":{"line":69,"column":2},"end":{"line":69,"column":22}},"11":{"start":{"line":72,"column":0},"end":{"line":103,"column":3}},"12":{"start":{"line":72,"column":39},"end":{"line":103,"column":2}},"13":{"start":{"line":74,"column":10},"end":{"line":74,"column":69}},"14":{"start":{"line":75,"column":4},"end":{"line":84,"column":null}},"15":{"start":{"line":81,"column":6},"end":{"line":81,"column":23}},"16":{"start":{"line":82,"column":6},"end":{"line":82,"column":71}},"17":{"start":{"line":83,"column":6},"end":{"line":83,"column":13}},"18":{"start":{"line":86,"column":10},"end":{"line":86,"column":46}},"19":{"start":{"line":87,"column":23},"end":{"line":92,"column":null}},"20":{"start":{"line":87,"column":10},"end":{"line":92,"column":null}},"21":{"start":{"line":94,"column":4},"end":{"line":94,"column":21}},"22":{"start":{"line":95,"column":4},"end":{"line":95,"column":26}},"23":{"start":{"line":97,"column":4},"end":{"line":97,"column":72}},"24":{"start":{"line":99,"column":4},"end":{"line":99,"column":63}},"25":{"start":{"line":100,"column":4},"end":{"line":100,"column":21}},"26":{"start":{"line":101,"column":4},"end":{"line":101,"column":74}},"27":{"start":{"line":105,"column":0},"end":{"line":123,"column":3}},"28":{"start":{"line":105,"column":42},"end":{"line":123,"column":2}},"29":{"start":{"line":107,"column":10},"end":{"line":107,"column":50}},"30":{"start":{"line":108,"column":10},"end":{"line":108,"column":48}},"31":{"start":{"line":109,"column":20},"end":{"line":109,"column":null}},"32":{"start":{"line":109,"column":10},"end":{"line":109,"column":null}},"33":{"start":{"line":111,"column":4},"end":{"line":117,"column":null}},"34":{"start":{"line":112,"column":6},"end":{"line":112,"column":23}},"35":{"start":{"line":113,"column":6},"end":{"line":113,"column":25}},"36":{"start":{"line":115,"column":6},"end":{"line":115,"column":23}},"37":{"start":{"line":116,"column":6},"end":{"line":116,"column":48}},"38":{"start":{"line":119,"column":4},"end":{"line":119,"column":54}},"39":{"start":{"line":120,"column":4},"end":{"line":120,"column":21}},"40":{"start":{"line":121,"column":4},"end":{"line":121,"column":76}},"41":{"start":{"line":125,"column":0},"end":{"line":137,"column":3}},"42":{"start":{"line":125,"column":38},"end":{"line":137,"column":2}},"43":{"start":{"line":127,"column":10},"end":{"line":127,"column":45}},"44":{"start":{"line":128,"column":21},"end":{"line":128,"column":null}},"45":{"start":{"line":128,"column":10},"end":{"line":128,"column":null}},"46":{"start":{"line":130,"column":4},"end":{"line":130,"column":21}},"47":{"start":{"line":131,"column":4},"end":{"line":131,"column":24}},"48":{"start":{"line":133,"column":4},"end":{"line":133,"column":55}},"49":{"start":{"line":134,"column":4},"end":{"line":134,"column":21}},"50":{"start":{"line":135,"column":4},"end":{"line":135,"column":73}},"51":{"start":{"line":139,"column":0},"end":{"line":159,"column":3}},"52":{"start":{"line":139,"column":42},"end":{"line":159,"column":2}},"53":{"start":{"line":141,"column":10},"end":{"line":141,"column":50}},"54":{"start":{"line":142,"column":10},"end":{"line":142,"column":41}},"55":{"start":{"line":143,"column":10},"end":{"line":143,"column":46}},"56":{"start":{"line":144,"column":27},"end":{"line":144,"column":null}},"57":{"start":{"line":144,"column":10},"end":{"line":144,"column":null}},"58":{"start":{"line":146,"column":4},"end":{"line":153,"column":null}},"59":{"start":{"line":147,"column":6},"end":{"line":147,"column":23}},"60":{"start":{"line":148,"column":6},"end":{"line":148,"column":46}},"61":{"start":{"line":149,"column":6},"end":{"line":149,"column":32}},"62":{"start":{"line":151,"column":6},"end":{"line":151,"column":23}},"63":{"start":{"line":152,"column":6},"end":{"line":152,"column":48}},"64":{"start":{"line":155,"column":4},"end":{"line":155,"column":52}},"65":{"start":{"line":156,"column":4},"end":{"line":156,"column":21}},"66":{"start":{"line":157,"column":4},"end":{"line":157,"column":74}},"67":{"start":{"line":161,"column":0},"end":{"line":179,"column":3}},"68":{"start":{"line":161,"column":45},"end":{"line":179,"column":2}},"69":{"start":{"line":163,"column":10},"end":{"line":163,"column":50}},"70":{"start":{"line":164,"column":10},"end":{"line":164,"column":46}},"71":{"start":{"line":165,"column":27},"end":{"line":165,"column":null}},"72":{"start":{"line":165,"column":10},"end":{"line":165,"column":null}},"73":{"start":{"line":167,"column":4},"end":{"line":173,"column":null}},"74":{"start":{"line":168,"column":6},"end":{"line":168,"column":23}},"75":{"start":{"line":169,"column":6},"end":{"line":169,"column":46}},"76":{"start":{"line":171,"column":6},"end":{"line":171,"column":23}},"77":{"start":{"line":172,"column":6},"end":{"line":172,"column":48}},"78":{"start":{"line":175,"column":4},"end":{"line":175,"column":52}},"79":{"start":{"line":176,"column":4},"end":{"line":176,"column":21}},"80":{"start":{"line":177,"column":4},"end":{"line":177,"column":74}},"81":{"start":{"line":181,"column":0},"end":{"line":181,"column":24}}},"fnMap":{"0":{"name":"(anonymous_14)","decl":{"start":{"line":17,"column":38},"end":{"line":17,"column":45}},"loc":{"start":{"line":17,"column":48},"end":{"line":70,"column":2}}},"1":{"name":"(anonymous_15)","decl":{"start":{"line":17,"column":48},"end":{"line":17,"column":null}},"loc":{"start":{"line":17,"column":48},"end":{"line":70,"column":2}}},"2":{"name":"(anonymous_17)","decl":{"start":{"line":72,"column":29},"end":{"line":72,"column":36}},"loc":{"start":{"line":72,"column":39},"end":{"line":103,"column":2}}},"3":{"name":"(anonymous_18)","decl":{"start":{"line":72,"column":39},"end":{"line":72,"column":null}},"loc":{"start":{"line":72,"column":39},"end":{"line":103,"column":2}}},"4":{"name":"(anonymous_20)","decl":{"start":{"line":105,"column":32},"end":{"line":105,"column":39}},"loc":{"start":{"line":105,"column":42},"end":{"line":123,"column":2}}},"5":{"name":"(anonymous_21)","decl":{"start":{"line":105,"column":42},"end":{"line":105,"column":null}},"loc":{"start":{"line":105,"column":42},"end":{"line":123,"column":2}}},"6":{"name":"(anonymous_23)","decl":{"start":{"line":125,"column":28},"end":{"line":125,"column":35}},"loc":{"start":{"line":125,"column":38},"end":{"line":137,"column":2}}},"7":{"name":"(anonymous_24)","decl":{"start":{"line":125,"column":38},"end":{"line":125,"column":null}},"loc":{"start":{"line":125,"column":38},"end":{"line":137,"column":2}}},"8":{"name":"(anonymous_26)","decl":{"start":{"line":139,"column":32},"end":{"line":139,"column":39}},"loc":{"start":{"line":139,"column":42},"end":{"line":159,"column":2}}},"9":{"name":"(anonymous_27)","decl":{"start":{"line":139,"column":42},"end":{"line":139,"column":null}},"loc":{"start":{"line":139,"column":42},"end":{"line":159,"column":2}}},"10":{"name":"(anonymous_29)","decl":{"start":{"line":161,"column":35},"end":{"line":161,"column":42}},"loc":{"start":{"line":161,"column":45},"end":{"line":179,"column":2}}},"11":{"name":"(anonymous_30)","decl":{"start":{"line":161,"column":45},"end":{"line":161,"column":null}},"loc":{"start":{"line":161,"column":45},"end":{"line":179,"column":2}}}},"branchMap":{"0":{"loc":{"start":{"line":75,"column":4},"end":{"line":84,"column":null}},"type":"if","locations":[{"start":{"line":75,"column":4},"end":{"line":84,"column":null}}]},"1":{"loc":{"start":{"line":76,"column":6},"end":{"line":79,"column":27}},"type":"binary-expr","locations":[{"start":{"line":76,"column":6},"end":{"line":76,"column":null}},{"start":{"line":77,"column":6},"end":{"line":77,"column":null}},{"start":{"line":78,"column":6},"end":{"line":78,"column":33}},{"start":{"line":79,"column":6},"end":{"line":79,"column":27}}]},"2":{"loc":{"start":{"line":76,"column":7},"end":{"line":76,"column":24}},"type":"cond-expr","locations":[{"start":{"line":76,"column":18},"end":{"line":76,"column":20}},{"start":{"line":76,"column":7},"end":{"line":76,"column":24}}]},"3":{"loc":{"start":{"line":76,"column":7},"end":{"line":76,"column":20}},"type":"binary-expr","locations":[{"start":{"line":76,"column":7},"end":{"line":76,"column":20}},{"start":{"line":76,"column":7},"end":{"line":76,"column":20}}]},"4":{"loc":{"start":{"line":77,"column":7},"end":{"line":77,"column":31}},"type":"cond-expr","locations":[{"start":{"line":77,"column":18},"end":{"line":77,"column":20}},{"start":{"line":77,"column":7},"end":{"line":77,"column":31}}]},"5":{"loc":{"start":{"line":77,"column":7},"end":{"line":77,"column":20}},"type":"binary-expr","locations":[{"start":{"line":77,"column":7},"end":{"line":77,"column":20}},{"start":{"line":77,"column":7},"end":{"line":77,"column":20}}]},"6":{"loc":{"start":{"line":111,"column":4},"end":{"line":117,"column":null}},"type":"if","locations":[{"start":{"line":111,"column":4},"end":{"line":117,"column":null}},{"start":{"line":114,"column":11},"end":{"line":117,"column":null}}]},"7":{"loc":{"start":{"line":146,"column":4},"end":{"line":153,"column":null}},"type":"if","locations":[{"start":{"line":146,"column":4},"end":{"line":153,"column":null}},{"start":{"line":150,"column":11},"end":{"line":153,"column":null}}]},"8":{"loc":{"start":{"line":167,"column":4},"end":{"line":173,"column":null}},"type":"if","locations":[{"start":{"line":167,"column":4},"end":{"line":173,"column":null}},{"start":{"line":170,"column":11},"end":{"line":173,"column":null}}]}},"s":{"0":1,"1":1,"2":1,"3":1,"4":1,"5":1,"6":1,"7":1,"8":1,"9":1,"10":1,"11":1,"12":2,"13":2,"14":2,"15":0,"16":0,"17":0,"18":2,"19":2,"20":2,"21":2,"22":2,"23":2,"24":0,"25":0,"26":0,"27":1,"28":0,"29":0,"30":0,"31":0,"32":0,"33":0,"34":0,"35":0,"36":0,"37":0,"38":0,"39":0,"40":0,"41":1,"42":0,"43":0,"44":0,"45":0,"46":0,"47":0,"48":0,"49":0,"50":0,"51":1,"52":0,"53":0,"54":0,"55":0,"56":0,"57":0,"58":0,"59":0,"60":0,"61":0,"62":0,"63":0,"64":0,"65":0,"66":0,"67":1,"68":0,"69":0,"70":0,"71":0,"72":0,"73":0,"74":0,"75":0,"76":0,"77":0,"78":0,"79":0,"80":0,"81":1},"f":{"0":1,"1":1,"2":2,"3":2,"4":0,"5":0,"6":0,"7":0,"8":0,"9":0,"10":0,"11":0},"b":{"0":[0],"1":[2,2,2,2],"2":[0,2],"3":[2,2],"4":[0,2],"5":[2,2],"6":[0,0],"7":[0,0],"8":[0,0]}}
,"/mnt/c/Users/antot/Desktop/capstone/2023-2-S2-Grupo1-Backend/src/api/routes/quotes.ts": {"path":"/mnt/c/Users/antot/Desktop/capstone/2023-2-S2-Grupo1-Backend/src/api/routes/quotes.ts","statementMap":{"0":{"start":{"line":1,"column":0},"end":{"line":1,"column":32}},"1":{"start":{"line":2,"column":0},"end":{"line":2,"column":26}},"2":{"start":{"line":3,"column":0},"end":{"line":3,"column":67}},"3":{"start":{"line":4,"column":0},"end":{"line":4,"column":67}},"4":{"start":{"line":5,"column":0},"end":{"line":5,"column":69}},"5":{"start":{"line":6,"column":0},"end":{"line":6,"column":63}},"6":{"start":{"line":7,"column":0},"end":{"line":7,"column":67}},"7":{"start":{"line":8,"column":0},"end":{"line":8,"column":90}},"8":{"start":{"line":9,"column":0},"end":{"line":9,"column":77}},"9":{"start":{"line":10,"column":0},"end":{"line":10,"column":76}},"10":{"start":{"line":11,"column":0},"end":{"line":11,"column":85}},"11":{"start":{"line":12,"column":0},"end":{"line":12,"column":70}},"12":{"start":{"line":13,"column":0},"end":{"line":13,"column":82}},"13":{"start":{"line":14,"column":0},"end":{"line":14,"column":80}},"14":{"start":{"line":17,"column":15},"end":{"line":17,"column":27}},"15":{"start":{"line":44,"column":24},"end":{"line":44,"column":37}},"16":{"start":{"line":45,"column":23},"end":{"line":45,"column":72}},"17":{"start":{"line":47,"column":2},"end":{"line":47,"column":22}},"18":{"start":{"line":50,"column":0},"end":{"line":91,"column":3}},"19":{"start":{"line":50,"column":44},"end":{"line":91,"column":2}},"20":{"start":{"line":52,"column":10},"end":{"line":52,"column":67}},"21":{"start":{"line":53,"column":4},"end":{"line":63,"column":null}},"22":{"start":{"line":60,"column":6},"end":{"line":60,"column":23}},"23":{"start":{"line":61,"column":6},"end":{"line":61,"column":71}},"24":{"start":{"line":62,"column":6},"end":{"line":62,"column":13}},"25":{"start":{"line":65,"column":10},"end":{"line":65,"column":33}},"26":{"start":{"line":67,"column":10},"end":{"line":67,"column":36}},"27":{"start":{"line":68,"column":4},"end":{"line":68,"column":51}},"28":{"start":{"line":70,"column":10},"end":{"line":70,"column":42}},"29":{"start":{"line":71,"column":21},"end":{"line":80,"column":null}},"30":{"start":{"line":71,"column":10},"end":{"line":80,"column":null}},"31":{"start":{"line":82,"column":4},"end":{"line":82,"column":21}},"32":{"start":{"line":83,"column":4},"end":{"line":83,"column":40}},"33":{"start":{"line":85,"column":4},"end":{"line":85,"column":66}},"34":{"start":{"line":87,"column":4},"end":{"line":87,"column":61}},"35":{"start":{"line":88,"column":4},"end":{"line":88,"column":21}},"36":{"start":{"line":89,"column":4},"end":{"line":89,"column":72}},"37":{"start":{"line":93,"column":0},"end":{"line":111,"column":3}},"38":{"start":{"line":93,"column":40},"end":{"line":111,"column":2}},"39":{"start":{"line":95,"column":10},"end":{"line":95,"column":48}},"40":{"start":{"line":96,"column":10},"end":{"line":96,"column":44}},"41":{"start":{"line":97,"column":18},"end":{"line":97,"column":null}},"42":{"start":{"line":97,"column":10},"end":{"line":97,"column":null}},"43":{"start":{"line":99,"column":4},"end":{"line":105,"column":null}},"44":{"start":{"line":100,"column":6},"end":{"line":100,"column":23}},"45":{"start":{"line":101,"column":6},"end":{"line":101,"column":23}},"46":{"start":{"line":103,"column":6},"end":{"line":103,"column":23}},"47":{"start":{"line":104,"column":6},"end":{"line":104,"column":46}},"48":{"start":{"line":107,"column":4},"end":{"line":107,"column":52}},"49":{"start":{"line":108,"column":4},"end":{"line":108,"column":21}},"50":{"start":{"line":109,"column":4},"end":{"line":109,"column":74}},"51":{"start":{"line":113,"column":0},"end":{"line":125,"column":3}},"52":{"start":{"line":113,"column":36},"end":{"line":125,"column":2}},"53":{"start":{"line":115,"column":10},"end":{"line":115,"column":41}},"54":{"start":{"line":116,"column":19},"end":{"line":116,"column":null}},"55":{"start":{"line":116,"column":10},"end":{"line":116,"column":null}},"56":{"start":{"line":118,"column":4},"end":{"line":118,"column":21}},"57":{"start":{"line":119,"column":4},"end":{"line":119,"column":22}},"58":{"start":{"line":121,"column":4},"end":{"line":121,"column":53}},"59":{"start":{"line":122,"column":4},"end":{"line":122,"column":21}},"60":{"start":{"line":123,"column":4},"end":{"line":123,"column":71}},"61":{"start":{"line":127,"column":0},"end":{"line":140,"column":3}},"62":{"start":{"line":127,"column":59},"end":{"line":140,"column":2}},"63":{"start":{"line":129,"column":10},"end":{"line":129,"column":52}},"64":{"start":{"line":130,"column":10},"end":{"line":130,"column":48}},"65":{"start":{"line":131,"column":19},"end":{"line":131,"column":null}},"66":{"start":{"line":131,"column":10},"end":{"line":131,"column":null}},"67":{"start":{"line":133,"column":4},"end":{"line":133,"column":21}},"68":{"start":{"line":134,"column":4},"end":{"line":134,"column":22}},"69":{"start":{"line":136,"column":4},"end":{"line":136,"column":53}},"70":{"start":{"line":137,"column":4},"end":{"line":137,"column":21}},"71":{"start":{"line":138,"column":4},"end":{"line":138,"column":71}},"72":{"start":{"line":142,"column":0},"end":{"line":157,"column":3}},"73":{"start":{"line":142,"column":54},"end":{"line":157,"column":2}},"74":{"start":{"line":144,"column":10},"end":{"line":144,"column":52}},"75":{"start":{"line":145,"column":10},"end":{"line":145,"column":41}},"76":{"start":{"line":147,"column":10},"end":{"line":147,"column":54}},"77":{"start":{"line":148,"column":19},"end":{"line":148,"column":null}},"78":{"start":{"line":148,"column":10},"end":{"line":148,"column":null}},"79":{"start":{"line":150,"column":4},"end":{"line":150,"column":21}},"80":{"start":{"line":151,"column":4},"end":{"line":151,"column":22}},"81":{"start":{"line":153,"column":4},"end":{"line":153,"column":53}},"82":{"start":{"line":154,"column":4},"end":{"line":154,"column":21}},"83":{"start":{"line":155,"column":4},"end":{"line":155,"column":71}},"84":{"start":{"line":160,"column":0},"end":{"line":385,"column":3}},"85":{"start":{"line":160,"column":37},"end":{"line":385,"column":2}},"86":{"start":{"line":161,"column":8},"end":{"line":161,"column":62}},"87":{"start":{"line":162,"column":2},"end":{"line":189,"column":null}},"88":{"start":{"line":171,"column":4},"end":{"line":171,"column":21}},"89":{"start":{"line":172,"column":4},"end":{"line":186,"column":6}},"90":{"start":{"line":188,"column":4},"end":{"line":188,"column":11}},"91":{"start":{"line":191,"column":2},"end":{"line":198,"column":null}},"92":{"start":{"line":195,"column":4},"end":{"line":195,"column":21}},"93":{"start":{"line":196,"column":4},"end":{"line":196,"column":62}},"94":{"start":{"line":197,"column":4},"end":{"line":197,"column":11}},"95":{"start":{"line":200,"column":2},"end":{"line":208,"column":null}},"96":{"start":{"line":205,"column":4},"end":{"line":205,"column":21}},"97":{"start":{"line":206,"column":4},"end":{"line":206,"column":45}},"98":{"start":{"line":207,"column":4},"end":{"line":207,"column":11}},"99":{"start":{"line":210,"column":2},"end":{"line":214,"column":null}},"100":{"start":{"line":211,"column":4},"end":{"line":211,"column":21}},"101":{"start":{"line":212,"column":4},"end":{"line":212,"column":59}},"102":{"start":{"line":213,"column":4},"end":{"line":213,"column":11}},"103":{"start":{"line":217,"column":8},"end":{"line":217,"column":33}},"104":{"start":{"line":218,"column":8},"end":{"line":221,"column":4}},"105":{"start":{"line":223,"column":8},"end":{"line":223,"column":27}},"106":{"start":{"line":224,"column":8},"end":{"line":228,"column":4}},"107":{"start":{"line":233,"column":21},"end":{"line":236,"column":null}},"108":{"start":{"line":233,"column":10},"end":{"line":236,"column":null}},"109":{"start":{"line":237,"column":4},"end":{"line":241,"column":null}},"110":{"start":{"line":238,"column":6},"end":{"line":238,"column":23}},"111":{"start":{"line":239,"column":6},"end":{"line":239,"column":74}},"112":{"start":{"line":240,"column":6},"end":{"line":240,"column":13}},"113":{"start":{"line":243,"column":4},"end":{"line":243,"column":36}},"114":{"start":{"line":245,"column":4},"end":{"line":245,"column":50}},"115":{"start":{"line":246,"column":4},"end":{"line":246,"column":21}},"116":{"start":{"line":247,"column":4},"end":{"line":247,"column":72}},"117":{"start":{"line":248,"column":4},"end":{"line":248,"column":11}},"118":{"start":{"line":253,"column":10},"end":{"line":260,"column":6}},"119":{"start":{"line":261,"column":21},"end":{"line":264,"column":null}},"120":{"start":{"line":261,"column":10},"end":{"line":264,"column":null}},"121":{"start":{"line":265,"column":8},"end":{"line":265,"column":16}},"122":{"start":{"line":266,"column":6},"end":{"line":266,"column":72}},"123":{"start":{"line":267,"column":6},"end":{"line":269,"column":8}},"124":{"start":{"line":272,"column":4},"end":{"line":272,"column":32}},"125":{"start":{"line":274,"column":4},"end":{"line":274,"column":51}},"126":{"start":{"line":275,"column":4},"end":{"line":275,"column":21}},"127":{"start":{"line":276,"column":4},"end":{"line":278,"column":6}},"128":{"start":{"line":279,"column":4},"end":{"line":279,"column":11}},"129":{"start":{"line":282,"column":8},"end":{"line":282,"column":66}},"130":{"start":{"line":283,"column":2},"end":{"line":283,"column":64}},"131":{"start":{"line":286,"column":6},"end":{"line":286,"column":17}},"132":{"start":{"line":288,"column":12},"end":{"line":293,"column":8}},"133":{"start":{"line":294,"column":23},"end":{"line":297,"column":null}},"134":{"start":{"line":294,"column":12},"end":{"line":297,"column":null}},"135":{"start":{"line":298,"column":10},"end":{"line":298,"column":18}},"136":{"start":{"line":299,"column":8},"end":{"line":299,"column":74}},"137":{"start":{"line":300,"column":8},"end":{"line":300,"column":76}},"138":{"start":{"line":301,"column":8},"end":{"line":303,"column":10}},"139":{"start":{"line":306,"column":6},"end":{"line":306,"column":37}},"140":{"start":{"line":308,"column":6},"end":{"line":308,"column":56}},"141":{"start":{"line":309,"column":6},"end":{"line":309,"column":23}},"142":{"start":{"line":310,"column":6},"end":{"line":312,"column":8}},"143":{"start":{"line":313,"column":6},"end":{"line":313,"column":13}},"144":{"start":{"line":317,"column":6},"end":{"line":317,"column":17}},"145":{"start":{"line":319,"column":22},"end":{"line":319,"column":null}},"146":{"start":{"line":320,"column":12},"end":{"line":320,"column":46}},"147":{"start":{"line":321,"column":12},"end":{"line":326,"column":8}},"148":{"start":{"line":329,"column":25},"end":{"line":332,"column":null}},"149":{"start":{"line":329,"column":14},"end":{"line":332,"column":null}},"150":{"start":{"line":334,"column":8},"end":{"line":338,"column":null}},"151":{"start":{"line":335,"column":10},"end":{"line":337,"column":12}},"152":{"start":{"line":340,"column":8},"end":{"line":340,"column":57}},"153":{"start":{"line":341,"column":8},"end":{"line":341,"column":25}},"154":{"start":{"line":342,"column":8},"end":{"line":344,"column":10}},"155":{"start":{"line":345,"column":8},"end":{"line":345,"column":15}},"156":{"start":{"line":350,"column":6},"end":{"line":350,"column":17}},"157":{"start":{"line":351,"column":46},"end":{"line":351,"column":null}},"158":{"start":{"line":351,"column":23},"end":{"line":351,"column":null}},"159":{"start":{"line":351,"column":15},"end":{"line":351,"column":23}},"160":{"start":{"line":352,"column":12},"end":{"line":356,"column":8}},"161":{"start":{"line":359,"column":25},"end":{"line":362,"column":null}},"162":{"start":{"line":359,"column":14},"end":{"line":362,"column":null}},"163":{"start":{"line":364,"column":8},"end":{"line":368,"column":null}},"164":{"start":{"line":365,"column":10},"end":{"line":367,"column":12}},"165":{"start":{"line":370,"column":8},"end":{"line":370,"column":59}},"166":{"start":{"line":371,"column":8},"end":{"line":371,"column":25}},"167":{"start":{"line":372,"column":8},"end":{"line":374,"column":10}},"168":{"start":{"line":375,"column":8},"end":{"line":375,"column":15}},"169":{"start":{"line":380,"column":8},"end":{"line":380,"column":42}},"170":{"start":{"line":381,"column":2},"end":{"line":381,"column":39}},"171":{"start":{"line":383,"column":2},"end":{"line":383,"column":19}},"172":{"start":{"line":384,"column":2},"end":{"line":384,"column":35}},"173":{"start":{"line":387,"column":0},"end":{"line":407,"column":3}},"174":{"start":{"line":387,"column":40},"end":{"line":407,"column":2}},"175":{"start":{"line":389,"column":10},"end":{"line":389,"column":48}},"176":{"start":{"line":390,"column":10},"end":{"line":390,"column":41}},"177":{"start":{"line":391,"column":10},"end":{"line":391,"column":42}},"178":{"start":{"line":392,"column":25},"end":{"line":392,"column":null}},"179":{"start":{"line":392,"column":10},"end":{"line":392,"column":null}},"180":{"start":{"line":394,"column":4},"end":{"line":401,"column":null}},"181":{"start":{"line":395,"column":6},"end":{"line":395,"column":23}},"182":{"start":{"line":396,"column":6},"end":{"line":396,"column":44}},"183":{"start":{"line":397,"column":6},"end":{"line":397,"column":30}},"184":{"start":{"line":399,"column":6},"end":{"line":399,"column":23}},"185":{"start":{"line":400,"column":6},"end":{"line":400,"column":46}},"186":{"start":{"line":403,"column":4},"end":{"line":403,"column":50}},"187":{"start":{"line":404,"column":4},"end":{"line":404,"column":21}},"188":{"start":{"line":405,"column":4},"end":{"line":405,"column":72}},"189":{"start":{"line":409,"column":0},"end":{"line":427,"column":3}},"190":{"start":{"line":409,"column":43},"end":{"line":427,"column":2}},"191":{"start":{"line":411,"column":10},"end":{"line":411,"column":48}},"192":{"start":{"line":412,"column":10},"end":{"line":412,"column":42}},"193":{"start":{"line":413,"column":25},"end":{"line":413,"column":null}},"194":{"start":{"line":413,"column":10},"end":{"line":413,"column":null}},"195":{"start":{"line":415,"column":4},"end":{"line":421,"column":null}},"196":{"start":{"line":416,"column":6},"end":{"line":416,"column":23}},"197":{"start":{"line":417,"column":6},"end":{"line":417,"column":44}},"198":{"start":{"line":419,"column":6},"end":{"line":419,"column":23}},"199":{"start":{"line":420,"column":6},"end":{"line":420,"column":46}},"200":{"start":{"line":423,"column":4},"end":{"line":423,"column":50}},"201":{"start":{"line":424,"column":4},"end":{"line":424,"column":21}},"202":{"start":{"line":425,"column":4},"end":{"line":425,"column":72}},"203":{"start":{"line":429,"column":0},"end":{"line":448,"column":3}},"204":{"start":{"line":429,"column":57},"end":{"line":448,"column":2}},"205":{"start":{"line":431,"column":10},"end":{"line":431,"column":47}},"206":{"start":{"line":432,"column":10},"end":{"line":432,"column":51}},"207":{"start":{"line":433,"column":10},"end":{"line":433,"column":72}},"208":{"start":{"line":434,"column":19},"end":{"line":434,"column":null}},"209":{"start":{"line":434,"column":10},"end":{"line":434,"column":null}},"210":{"start":{"line":436,"column":4},"end":{"line":442,"column":null}},"211":{"start":{"line":437,"column":6},"end":{"line":437,"column":23}},"212":{"start":{"line":438,"column":6},"end":{"line":438,"column":24}},"213":{"start":{"line":440,"column":6},"end":{"line":440,"column":23}},"214":{"start":{"line":441,"column":6},"end":{"line":441,"column":47}},"215":{"start":{"line":444,"column":4},"end":{"line":444,"column":53}},"216":{"start":{"line":445,"column":4},"end":{"line":445,"column":21}},"217":{"start":{"line":446,"column":4},"end":{"line":446,"column":71}},"218":{"start":{"line":451,"column":0},"end":{"line":652,"column":3}},"219":{"start":{"line":451,"column":48},"end":{"line":652,"column":2}},"220":{"start":{"line":452,"column":8},"end":{"line":452,"column":46}},"221":{"start":{"line":453,"column":8},"end":{"line":453,"column":62}},"222":{"start":{"line":455,"column":8},"end":{"line":455,"column":42}},"223":{"start":{"line":456,"column":16},"end":{"line":456,"column":null}},"224":{"start":{"line":456,"column":8},"end":{"line":456,"column":null}},"225":{"start":{"line":458,"column":2},"end":{"line":462,"column":null}},"226":{"start":{"line":459,"column":4},"end":{"line":459,"column":21}},"227":{"start":{"line":460,"column":4},"end":{"line":460,"column":44}},"228":{"start":{"line":461,"column":4},"end":{"line":461,"column":11}},"229":{"start":{"line":464,"column":2},"end":{"line":472,"column":null}},"230":{"start":{"line":469,"column":4},"end":{"line":469,"column":21}},"231":{"start":{"line":470,"column":4},"end":{"line":470,"column":62}},"232":{"start":{"line":471,"column":4},"end":{"line":471,"column":11}},"233":{"start":{"line":474,"column":2},"end":{"line":483,"column":null}},"234":{"start":{"line":480,"column":4},"end":{"line":480,"column":21}},"235":{"start":{"line":481,"column":4},"end":{"line":481,"column":45}},"236":{"start":{"line":482,"column":4},"end":{"line":482,"column":11}},"237":{"start":{"line":485,"column":2},"end":{"line":492,"column":null}},"238":{"start":{"line":489,"column":4},"end":{"line":489,"column":21}},"239":{"start":{"line":490,"column":4},"end":{"line":490,"column":59}},"240":{"start":{"line":491,"column":4},"end":{"line":491,"column":11}},"241":{"start":{"line":494,"column":8},"end":{"line":494,"column":31}},"242":{"start":{"line":495,"column":8},"end":{"line":498,"column":4}},"243":{"start":{"line":502,"column":21},"end":{"line":505,"column":null}},"244":{"start":{"line":502,"column":10},"end":{"line":505,"column":null}},"245":{"start":{"line":506,"column":4},"end":{"line":509,"column":null}},"246":{"start":{"line":507,"column":6},"end":{"line":507,"column":23}},"247":{"start":{"line":508,"column":6},"end":{"line":508,"column":74}},"248":{"start":{"line":511,"column":4},"end":{"line":511,"column":50}},"249":{"start":{"line":512,"column":4},"end":{"line":512,"column":21}},"250":{"start":{"line":513,"column":4},"end":{"line":513,"column":72}},"251":{"start":{"line":516,"column":8},"end":{"line":516,"column":66}},"252":{"start":{"line":517,"column":6},"end":{"line":517,"column":20}},"253":{"start":{"line":518,"column":2},"end":{"line":520,"column":null}},"254":{"start":{"line":519,"column":4},"end":{"line":519,"column":53}},"255":{"start":{"line":523,"column":10},"end":{"line":530,"column":6}},"256":{"start":{"line":531,"column":21},"end":{"line":534,"column":null}},"257":{"start":{"line":531,"column":10},"end":{"line":534,"column":null}},"258":{"start":{"line":535,"column":4},"end":{"line":539,"column":null}},"259":{"start":{"line":536,"column":6},"end":{"line":538,"column":8}},"260":{"start":{"line":541,"column":4},"end":{"line":541,"column":51}},"261":{"start":{"line":542,"column":4},"end":{"line":542,"column":21}},"262":{"start":{"line":543,"column":4},"end":{"line":545,"column":6}},"263":{"start":{"line":546,"column":4},"end":{"line":546,"column":11}},"264":{"start":{"line":550,"column":4},"end":{"line":550,"column":15}},"265":{"start":{"line":554,"column":12},"end":{"line":558,"column":8}},"266":{"start":{"line":559,"column":23},"end":{"line":562,"column":null}},"267":{"start":{"line":559,"column":12},"end":{"line":562,"column":null}},"268":{"start":{"line":563,"column":6},"end":{"line":567,"column":null}},"269":{"start":{"line":564,"column":8},"end":{"line":566,"column":10}},"270":{"start":{"line":569,"column":6},"end":{"line":569,"column":56}},"271":{"start":{"line":570,"column":6},"end":{"line":570,"column":23}},"272":{"start":{"line":571,"column":6},"end":{"line":573,"column":8}},"273":{"start":{"line":574,"column":6},"end":{"line":574,"column":13}},"274":{"start":{"line":578,"column":6},"end":{"line":578,"column":17}},"275":{"start":{"line":579,"column":10},"end":{"line":579,"column":54}},"276":{"start":{"line":580,"column":4},"end":{"line":580,"column":55}},"277":{"start":{"line":582,"column":22},"end":{"line":582,"column":null}},"278":{"start":{"line":583,"column":12},"end":{"line":583,"column":46}},"279":{"start":{"line":584,"column":12},"end":{"line":589,"column":8}},"280":{"start":{"line":592,"column":25},"end":{"line":595,"column":null}},"281":{"start":{"line":592,"column":14},"end":{"line":595,"column":null}},"282":{"start":{"line":597,"column":8},"end":{"line":601,"column":null}},"283":{"start":{"line":598,"column":10},"end":{"line":600,"column":12}},"284":{"start":{"line":603,"column":8},"end":{"line":603,"column":57}},"285":{"start":{"line":604,"column":8},"end":{"line":604,"column":25}},"286":{"start":{"line":605,"column":8},"end":{"line":607,"column":10}},"287":{"start":{"line":608,"column":8},"end":{"line":608,"column":15}},"288":{"start":{"line":613,"column":6},"end":{"line":613,"column":17}},"289":{"start":{"line":614,"column":10},"end":{"line":614,"column":56}},"290":{"start":{"line":615,"column":4},"end":{"line":615,"column":56}},"291":{"start":{"line":616,"column":46},"end":{"line":616,"column":null}},"292":{"start":{"line":616,"column":23},"end":{"line":616,"column":null}},"293":{"start":{"line":616,"column":15},"end":{"line":616,"column":23}},"294":{"start":{"line":617,"column":12},"end":{"line":621,"column":8}},"295":{"start":{"line":624,"column":25},"end":{"line":627,"column":null}},"296":{"start":{"line":624,"column":14},"end":{"line":627,"column":null}},"297":{"start":{"line":629,"column":8},"end":{"line":633,"column":null}},"298":{"start":{"line":630,"column":10},"end":{"line":632,"column":12}},"299":{"start":{"line":635,"column":8},"end":{"line":635,"column":59}},"300":{"start":{"line":636,"column":8},"end":{"line":636,"column":25}},"301":{"start":{"line":637,"column":8},"end":{"line":639,"column":10}},"302":{"start":{"line":640,"column":8},"end":{"line":640,"column":15}},"303":{"start":{"line":645,"column":8},"end":{"line":645,"column":42}},"304":{"start":{"line":646,"column":2},"end":{"line":646,"column":48}},"305":{"start":{"line":648,"column":17},"end":{"line":648,"column":null}},"306":{"start":{"line":648,"column":8},"end":{"line":648,"column":null}},"307":{"start":{"line":650,"column":2},"end":{"line":650,"column":19}},"308":{"start":{"line":651,"column":2},"end":{"line":651,"column":20}},"309":{"start":{"line":654,"column":0},"end":{"line":654,"column":24}}},"fnMap":{"0":{"name":"getRandomNumber","decl":{"start":{"line":43,"column":9},"end":{"line":43,"column":24}},"loc":{"start":{"line":43,"column":33},"end":{"line":48,"column":1}}},"1":{"name":"(anonymous_17)","decl":{"start":{"line":50,"column":34},"end":{"line":50,"column":41}},"loc":{"start":{"line":50,"column":44},"end":{"line":91,"column":2}}},"2":{"name":"(anonymous_18)","decl":{"start":{"line":50,"column":44},"end":{"line":50,"column":null}},"loc":{"start":{"line":50,"column":44},"end":{"line":91,"column":2}}},"3":{"name":"(anonymous_20)","decl":{"start":{"line":93,"column":30},"end":{"line":93,"column":37}},"loc":{"start":{"line":93,"column":40},"end":{"line":111,"column":2}}},"4":{"name":"(anonymous_21)","decl":{"start":{"line":93,"column":40},"end":{"line":93,"column":null}},"loc":{"start":{"line":93,"column":40},"end":{"line":111,"column":2}}},"5":{"name":"(anonymous_23)","decl":{"start":{"line":113,"column":26},"end":{"line":113,"column":33}},"loc":{"start":{"line":113,"column":36},"end":{"line":125,"column":2}}},"6":{"name":"(anonymous_24)","decl":{"start":{"line":113,"column":36},"end":{"line":113,"column":null}},"loc":{"start":{"line":113,"column":36},"end":{"line":125,"column":2}}},"7":{"name":"(anonymous_26)","decl":{"start":{"line":127,"column":49},"end":{"line":127,"column":56}},"loc":{"start":{"line":127,"column":59},"end":{"line":140,"column":2}}},"8":{"name":"(anonymous_27)","decl":{"start":{"line":127,"column":59},"end":{"line":127,"column":null}},"loc":{"start":{"line":127,"column":59},"end":{"line":140,"column":2}}},"9":{"name":"(anonymous_29)","decl":{"start":{"line":142,"column":44},"end":{"line":142,"column":51}},"loc":{"start":{"line":142,"column":54},"end":{"line":157,"column":2}}},"10":{"name":"(anonymous_30)","decl":{"start":{"line":142,"column":54},"end":{"line":142,"column":null}},"loc":{"start":{"line":142,"column":54},"end":{"line":157,"column":2}}},"11":{"name":"(anonymous_32)","decl":{"start":{"line":160,"column":27},"end":{"line":160,"column":34}},"loc":{"start":{"line":160,"column":37},"end":{"line":385,"column":2}}},"12":{"name":"(anonymous_33)","decl":{"start":{"line":160,"column":37},"end":{"line":160,"column":null}},"loc":{"start":{"line":160,"column":37},"end":{"line":385,"column":2}}},"13":{"name":"(anonymous_35)","decl":{"start":{"line":387,"column":30},"end":{"line":387,"column":37}},"loc":{"start":{"line":387,"column":40},"end":{"line":407,"column":2}}},"14":{"name":"(anonymous_36)","decl":{"start":{"line":387,"column":40},"end":{"line":387,"column":null}},"loc":{"start":{"line":387,"column":40},"end":{"line":407,"column":2}}},"15":{"name":"(anonymous_38)","decl":{"start":{"line":409,"column":33},"end":{"line":409,"column":40}},"loc":{"start":{"line":409,"column":43},"end":{"line":427,"column":2}}},"16":{"name":"(anonymous_39)","decl":{"start":{"line":409,"column":43},"end":{"line":409,"column":null}},"loc":{"start":{"line":409,"column":43},"end":{"line":427,"column":2}}},"17":{"name":"(anonymous_41)","decl":{"start":{"line":429,"column":47},"end":{"line":429,"column":54}},"loc":{"start":{"line":429,"column":57},"end":{"line":448,"column":2}}},"18":{"name":"(anonymous_42)","decl":{"start":{"line":429,"column":57},"end":{"line":429,"column":null}},"loc":{"start":{"line":429,"column":57},"end":{"line":448,"column":2}}},"19":{"name":"(anonymous_44)","decl":{"start":{"line":451,"column":38},"end":{"line":451,"column":45}},"loc":{"start":{"line":451,"column":48},"end":{"line":652,"column":2}}},"20":{"name":"(anonymous_45)","decl":{"start":{"line":451,"column":48},"end":{"line":451,"column":null}},"loc":{"start":{"line":451,"column":48},"end":{"line":652,"column":2}}}},"branchMap":{"0":{"loc":{"start":{"line":53,"column":4},"end":{"line":63,"column":null}},"type":"if","locations":[{"start":{"line":53,"column":4},"end":{"line":63,"column":null}}]},"1":{"loc":{"start":{"line":54,"column":6},"end":{"line":58,"column":27}},"type":"binary-expr","locations":[{"start":{"line":54,"column":6},"end":{"line":54,"column":26}},{"start":{"line":55,"column":6},"end":{"line":55,"column":25}},{"start":{"line":56,"column":6},"end":{"line":56,"column":null}},{"start":{"line":57,"column":6},"end":{"line":57,"column":25}},{"start":{"line":58,"column":6},"end":{"line":58,"column":27}}]},"2":{"loc":{"start":{"line":56,"column":7},"end":{"line":56,"column":30}},"type":"cond-expr","locations":[{"start":{"line":56,"column":18},"end":{"line":56,"column":20}},{"start":{"line":56,"column":7},"end":{"line":56,"column":30}}]},"3":{"loc":{"start":{"line":56,"column":7},"end":{"line":56,"column":20}},"type":"binary-expr","locations":[{"start":{"line":56,"column":7},"end":{"line":56,"column":20}},{"start":{"line":56,"column":7},"end":{"line":56,"column":20}}]},"4":{"loc":{"start":{"line":99,"column":4},"end":{"line":105,"column":null}},"type":"if","locations":[{"start":{"line":99,"column":4},"end":{"line":105,"column":null}},{"start":{"line":102,"column":11},"end":{"line":105,"column":null}}]},"5":{"loc":{"start":{"line":162,"column":2},"end":{"line":189,"column":null}},"type":"if","locations":[{"start":{"line":162,"column":2},"end":{"line":189,"column":null}}]},"6":{"loc":{"start":{"line":163,"column":4},"end":{"line":169,"column":23}},"type":"binary-expr","locations":[{"start":{"line":163,"column":4},"end":{"line":163,"column":25}},{"start":{"line":165,"column":4},"end":{"line":165,"column":27}},{"start":{"line":166,"column":4},"end":{"line":166,"column":21}},{"start":{"line":168,"column":4},"end":{"line":168,"column":32}},{"start":{"line":169,"column":4},"end":{"line":169,"column":23}}]},"7":{"loc":{"start":{"line":191,"column":2},"end":{"line":198,"column":null}},"type":"if","locations":[{"start":{"line":191,"column":2},"end":{"line":198,"column":null}}]},"8":{"loc":{"start":{"line":192,"column":4},"end":{"line":193,"column":41}},"type":"binary-expr","locations":[{"start":{"line":192,"column":4},"end":{"line":192,"column":39}},{"start":{"line":193,"column":4},"end":{"line":193,"column":41}}]},"9":{"loc":{"start":{"line":200,"column":2},"end":{"line":208,"column":null}},"type":"if","locations":[{"start":{"line":200,"column":2},"end":{"line":208,"column":null}}]},"10":{"loc":{"start":{"line":201,"column":4},"end":{"line":203,"column":31}},"type":"binary-expr","locations":[{"start":{"line":201,"column":4},"end":{"line":201,"column":31}},{"start":{"line":202,"column":4},"end":{"line":202,"column":32}},{"start":{"line":203,"column":4},"end":{"line":203,"column":31}}]},"11":{"loc":{"start":{"line":210,"column":2},"end":{"line":214,"column":null}},"type":"if","locations":[{"start":{"line":210,"column":2},"end":{"line":214,"column":null}}]},"12":{"loc":{"start":{"line":237,"column":4},"end":{"line":241,"column":null}},"type":"if","locations":[{"start":{"line":237,"column":4},"end":{"line":241,"column":null}}]},"13":{"loc":{"start":{"line":265,"column":8},"end":{"line":265,"column":16}},"type":"if","locations":[{"start":{"line":265,"column":8},"end":{"line":265,"column":16}}]},"14":{"loc":{"start":{"line":286,"column":6},"end":{"line":286,"column":17}},"type":"if","locations":[{"start":{"line":286,"column":6},"end":{"line":286,"column":17}}]},"15":{"loc":{"start":{"line":298,"column":10},"end":{"line":298,"column":18}},"type":"if","locations":[{"start":{"line":298,"column":10},"end":{"line":298,"column":18}}]},"16":{"loc":{"start":{"line":317,"column":6},"end":{"line":317,"column":17}},"type":"if","locations":[{"start":{"line":317,"column":6},"end":{"line":317,"column":17}}]},"17":{"loc":{"start":{"line":334,"column":8},"end":{"line":338,"column":null}},"type":"if","locations":[{"start":{"line":334,"column":8},"end":{"line":338,"column":null}}]},"18":{"loc":{"start":{"line":350,"column":6},"end":{"line":350,"column":17}},"type":"if","locations":[{"start":{"line":350,"column":6},"end":{"line":350,"column":17}}]},"19":{"loc":{"start":{"line":351,"column":23},"end":{"line":351,"column":null}},"type":"if","locations":[{"start":{"line":351,"column":23},"end":{"line":351,"column":null}}]},"20":{"loc":{"start":{"line":364,"column":8},"end":{"line":3
[...]
,"/mnt/c/Users/antot/Desktop/capstone/2023-2-S2-Grupo1-Backend/src/infrastructure/database/migrations/1695406336689-AgregarColumnaProyectDurationTariff.ts": {"path":"/mnt/c/Users/antot/Desktop/capstone/2023-2-S2-Grupo1-Backend/src/infrastructure/database/migrations/1695406336689-AgregarColumnaProyectDurationTariff.ts","statementMap":{"0":{"start":{"line":1,"column":0},"end":{"line":1,"column":null}},"1":{"start":{"line":7,"column":0},"end":{"line":7,"column":13}},"2":{"start":{"line":10,"column":15},"end":{"line":20,"column":null}},"3":{"start":{"line":11,"column":4},"end":{"line":19,"column":6}},"4":{"start":{"line":22,"column":15},"end":{"line":24,"column":null}},"5":{"start":{"line":23,"column":4},"end":{"line":23,"column":64}},"6":{"start":{"line":25,"column":0},"end":{"line":25,"column":null}},"7":{"start":{"line":7,"column":13},"end":{"line":7,"column":61}}},"fnMap":{"0":{"name":"(anonymous_13)","decl":{"start":{"line":7,"column":0},"end":{"line":7,"column":13}},"loc":{"start":{"line":7,"column":0},"end":{"line":25,"column":null}}},"1":{"name":"(anonymous_15)","decl":{"start":{"line":10,"column":2},"end":{"line":10,"column":15}},"loc":{"start":{"line":10,"column":42},"end":{"line":20,"column":null}}},"2":{"name":"(anonymous_18)","decl":{"start":{"line":22,"column":2},"end":{"line":22,"column":15}},"loc":{"start":{"line":22,"column":44},"end":{"line":24,"column":null}}}},"branchMap":{"0":{"loc":{"start":{"line":11,"column":4},"end":{"line":19,"column":6}},"type":"switch","locations":[{"start":{"line":11,"column":4},"end":{"line":19,"column":6}}]},"1":{"loc":{"start":{"line":23,"column":4},"end":{"line":23,"column":64}},"type":"switch","locations":[{"start":{"line":23,"column":4},"end":{"line":23,"column":64}}]}},"s":{"0":1,"1":1,"2":1,"3":0,"4":1,"5":0,"6":1,"7":1},"f":{"0":2,"1":0,"2":0},"b":{"0":[0],"1":[0]}}
,"/mnt/c/Users/antot/Desktop/capstone/2023-2-S2-Grupo1-Backend/src/infrastructure/database/migrations/1695408306415-ColumnaClientEnContactPuedeSerNula.ts": {"path":"/mnt/c/Users/antot/Desktop/capstone/2023-2-S2-Grupo1-Backend/src/infrastructure/database/migrations/1695408306415-ColumnaClientEnContactPuedeSerNula.ts","statementMap":{"0":{"start":{"line":1,"column":0},"end":{"line":1,"column":null}},"1":{"start":{"line":7,"column":0},"end":{"line":7,"column":13}},"2":{"start":{"line":10,"column":15},"end":{"line":20,"column":null}},"3":{"start":{"line":11,"column":4},"end":{"line":19,"column":6}},"4":{"start":{"line":22,"column":15},"end":{"line":32,"column":null}},"5":{"start":{"line":23,"column":4},"end":{"line":31,"column":6}},"6":{"start":{"line":33,"column":0},"end":{"line":33,"column":null}},"7":{"start":{"line":7,"column":13},"end":{"line":7,"column":60}}},"fnMap":{"0":{"name":"(anonymous_13)","decl":{"start":{"line":7,"column":0},"end":{"line":7,"column":13}},"loc":{"start":{"line":7,"column":0},"end":{"line":33,"column":null}}},"1":{"name":"(anonymous_15)","decl":{"start":{"line":10,"column":2},"end":{"line":10,"column":15}},"loc":{"start":{"line":10,"column":42},"end":{"line":20,"column":null}}},"2":{"name":"(anonymous_18)","decl":{"start":{"line":22,"column":2},"end":{"line":22,"column":15}},"loc":{"start":{"line":22,"column":44},"end":{"line":32,"column":null}}}},"branchMap":{"0":{"loc":{"start":{"line":11,"column":4},"end":{"line":19,"column":6}},"type":"switch","locations":[{"start":{"line":11,"column":4},"end":{"line":19,"column":6}}]},"1":{"loc":{"start":{"line":23,"column":4},"end":{"line":31,"column":6}},"type":"switch","locations":[{"start":{"line":23,"column":4},"end":{"line":31,"column":6}}]}},"s":{"0":1,"1":1,"2":1,"3":0,"4":1,"5":0,"6":1,"7":1},"f":{"0":2,"1":0,"2":0},"b":{"0":[0],"1":[0]}}
,"/mnt/c/Users/antot/Desktop/capstone/2023-2-S2-Grupo1-Backend/src/infrastructure/database/migrations/1695420064458-ColumnaPasswordUser.ts": {"path":"/mnt/c/Users/antot/Desktop/capstone/2023-2-S2-Grupo1-Backend/src/infrastructure/database/migrations/1695420064458-ColumnaPasswordUser.ts","statementMap":{"0":{"start":{"line":1,"column":0},"end":{"line":1,"column":null}},"1":{"start":{"line":7,"column":0},"end":{"line":7,"column":13}},"2":{"start":{"line":8,"column":15},"end":{"line":17,"column":null}},"3":{"start":{"line":9,"column":4},"end":{"line":16,"column":6}},"4":{"start":{"line":19,"column":15},"end":{"line":21,"column":null}},"5":{"start":{"line":20,"column":4},"end":{"line":20,"column":59}},"6":{"start":{"line":22,"column":0},"end":{"line":22,"column":null}},"7":{"start":{"line":7,"column":13},"end":{"line":7,"column":45}}},"fnMap":{"0":{"name":"(anonymous_13)","decl":{"start":{"line":7,"column":0},"end":{"line":7,"column":13}},"loc":{"start":{"line":7,"column":0},"end":{"line":22,"column":null}}},"1":{"name":"(anonymous_15)","decl":{"start":{"line":8,"column":2},"end":{"line":8,"column":15}},"loc":{"start":{"line":8,"column":42},"end":{"line":17,"column":null}}},"2":{"name":"(anonymous_18)","decl":{"start":{"line":19,"column":2},"end":{"line":19,"column":15}},"loc":{"start":{"line":19,"column":44},"end":{"line":21,"column":null}}}},"branchMap":{"0":{"loc":{"start":{"line":9,"column":4},"end":{"line":16,"column":6}},"type":"switch","locations":[{"start":{"line":9,"column":4},"end":{"line":16,"column":6}}]},"1":{"loc":{"start":{"line":20,"column":4},"end":{"line":20,"column":59}},"type":"switch","locations":[{"start":{"line":20,"column":4},"end":{"line":20,"column":59}}]}},"s":{"0":1,"1":1,"2":1,"3":0,"4":1,"5":0,"6":1,"7":1},"f":{"0":2,"1":0,"2":0},"b":{"0":[0],"1":[0]}}
,"/mnt/c/Users/antot/Desktop/capstone/2023-2-S2-Grupo1-Backend/src/infrastructure/database/migrations/1695428806523-addQuotesColumnToUsers.ts": {"path":"/mnt/c/Users/antot/Desktop/capstone/2023-2-S2-Grupo1-Backend/src/infrastructure/database/migrations/1695428806523-addQuotesColumnToUsers.ts","statementMap":{"0":{"start":{"line":1,"column":0},"end":{"line":1,"column":null}},"1":{"start":{"line":8,"column":0},"end":{"line":8,"column":13}},"2":{"start":{"line":9,"column":15},"end":{"line":18,"column":null}},"3":{"start":{"line":10,"column":4},"end":{"line":17,"column":6}},"4":{"start":{"line":20,"column":15},"end":{"line":23,"column":null}},"5":{"start":{"line":22,"column":4},"end":{"line":22,"column":53}},"6":{"start":{"line":24,"column":0},"end":{"line":24,"column":null}},"7":{"start":{"line":8,"column":13},"end":{"line":8,"column":48}}},"fnMap":{"0":{"name":"(anonymous_13)","decl":{"start":{"line":8,"column":0},"end":{"line":8,"column":13}},"loc":{"start":{"line":8,"column":0},"end":{"line":24,"column":null}}},"1":{"name":"(anonymous_15)","decl":{"start":{"line":9,"column":2},"end":{"line":9,"column":15}},"loc":{"start":{"line":9,"column":42},"end":{"line":18,"column":null}}},"2":{"name":"(anonymous_18)","decl":{"start":{"line":20,"column":2},"end":{"line":20,"column":15}},"loc":{"start":{"line":20,"column":44},"end":{"line":23,"column":null}}}},"branchMap":{"0":{"loc":{"start":{"line":10,"column":4},"end":{"line":17,"column":6}},"type":"switch","locations":[{"start":{"line":10,"column":4},"end":{"line":17,"column":6}}]}},"s":{"0":1,"1":1,"2":1,"3":0,"4":1,"5":0,"6":1,"7":1},"f":{"0":2,"1":0,"2":0},"b":{"0":[0]}}
,"/mnt/c/Users/antot/Desktop/capstone/2023-2-S2-Grupo1-Backend/src/infrastructure/database/migrations/1696159062013-agregarValoresExtraTariff.ts": {"path":"/mnt/c/Users/antot/Desktop/capstone/2023-2-S2-Grupo1-Backend/src/infrastructure/database/migrations/1696159062013-agregarValoresExtraTariff.ts","statementMap":{"0":{"start":{"line":1,"column":0},"end":{"line":1,"column":null}},"1":{"start":{"line":8,"column":0},"end":{"line":8,"column":13}},"2":{"start":{"line":11,"column":15},"end":{"line":21,"column":null}},"3":{"start":{"line":12,"column":4},"end":{"line":20,"column":6}},"4":{"start":{"line":23,"column":15},"end":{"line":26,"column":null}},"5":{"start":{"line":25,"column":4},"end":{"line":25,"column":59}},"6":{"start":{"line":27,"column":0},"end":{"line":27,"column":null}},"7":{"start":{"line":8,"column":13},"end":{"line":8,"column":51}}},"fnMap":{"0":{"name":"(anonymous_13)","decl":{"start":{"line":8,"column":0},"end":{"line":8,"column":13}},"loc":{"start":{"line":8,"column":0},"end":{"line":27,"column":null}}},"1":{"name":"(anonymous_15)","decl":{"start":{"line":11,"column":2},"end":{"line":11,"column":15}},"loc":{"start":{"line":11,"column":42},"end":{"line":21,"column":null}}},"2":{"name":"(anonymous_18)","decl":{"start":{"line":23,"column":2},"end":{"line":23,"column":15}},"loc":{"start":{"line":23,"column":44},"end":{"line":26,"column":null}}}},"branchMap":{"0":{"loc":{"start":{"line":12,"column":4},"end":{"line":20,"column":6}},"type":"switch","locations":[{"start":{"line":12,"column":4},"end":{"line":20,"column":6}}]}},"s":{"0":1,"1":1,"2":1,"3":0,"4":1,"5":0,"6":1,"7":1},"f":{"0":2,"1":0,"2":0},"b":{"0":[0]}}
,"/mnt/c/Users/antot/Desktop/capstone/2023-2-S2-Grupo1-Backend/src/infrastructure/database/migrations/1696160213870-cambiarRelacionTariffService.ts": {"path":"/mnt/c/Users/antot/Desktop/capstone/2023-2-S2-Grupo1-Backend/src/infrastructure/database/migrations/1696160213870-cambiarRelacionTariffService.ts","statementMap":{"0":{"start":{"line":1,"column":0},"end":{"line":1,"column":null}},"1":{"start":{"line":8,"column":0},"end":{"line":8,"column":13}},"2":{"start":{"line":11,"column":15},"end":{"line":38,"column":null}},"3":{"start":{"line":14,"column":4},"end":{"line":14,"column":58}},"4":{"start":{"line":17,"column":4},"end":{"line":24,"column":6}},"5":{"start":{"line":27,"column":4},"end":{"line":36,"column":6}},"6":{"start":{"line":40,"column":15},"end":{"line":46,"column":null}},"7":{"start":{"line":42,"column":4},"end":{"line":42,"column":74}},"8":{"start":{"line":45,"column":4},"end":{"line":45,"column":56}},"9":{"start":{"line":47,"column":0},"end":{"line":47,"column":null}},"10":{"start":{"line":8,"column":13},"end":{"line":8,"column":54}}},"fnMap":{"0":{"name":"(anonymous_13)","decl":{"start":{"line":8,"column":0},"end":{"line":8,"column":13}},"loc":{"start":{"line":8,"column":0},"end":{"line":47,"column":null}}},"1":{"name":"(anonymous_15)","decl":{"start":{"line":11,"column":2},"end":{"line":11,"column":15}},"loc":{"start":{"line":11,"column":42},"end":{"line":38,"column":null}}},"2":{"name":"(anonymous_18)","decl":{"start":{"line":40,"column":2},"end":{"line":40,"column":15}},"loc":{"start":{"line":40,"column":44},"end":{"line":46,"column":null}}}},"branchMap":{},"s":{"0":1,"1":1,"2":1,"3":0,"4":0,"5":0,"6":1,"7":0,"8":0,"9":1,"10":1},"f":{"0":2,"1":0,"2":0},"b":{}}
,"/mnt/c/Users/antot/Desktop/capstone/2023-2-S2-Grupo1-Backend/src/infrastructure/database/migrations/1696162081357-cambiarNombreServiceaServiceId.ts": {"path":"/mnt/c/Users/antot/Desktop/capstone/2023-2-S2-Grupo1-Backend/src/infrastructure/database/migrations/1696162081357-cambiarNombreServiceaServiceId.ts","statementMap":{"0":{"start":{"line":3,"column":0},"end":{"line":3,"column":13}},"1":{"start":{"line":6,"column":15},"end":{"line":9,"column":null}},"2":{"start":{"line":8,"column":4},"end":{"line":8,"column":71}},"3":{"start":{"line":11,"column":15},"end":{"line":13,"column":null}},"4":{"start":{"line":12,"column":4},"end":{"line":12,"column":71}},"5":{"start":{"line":14,"column":0},"end":{"line":14,"column":null}},"6":{"start":{"line":3,"column":13},"end":{"line":3,"column":56}}},"fnMap":{"0":{"name":"(anonymous_13)","decl":{"start":{"line":3,"column":0},"end":{"line":3,"column":13}},"loc":{"start":{"line":3,"column":0},"end":{"line":14,"column":null}}},"1":{"name":"(anonymous_15)","decl":{"start":{"line":6,"column":2},"end":{"line":6,"column":15}},"loc":{"start":{"line":6,"column":42},"end":{"line":9,"column":null}}},"2":{"name":"(anonymous_18)","decl":{"start":{"line":11,"column":2},"end":{"line":11,"column":15}},"loc":{"start":{"line":11,"column":44},"end":{"line":13,"column":null}}}},"branchMap":{"0":{"loc":{"start":{"line":12,"column":4},"end":{"line":12,"column":71}},"type":"switch","locations":[{"start":{"line":12,"column":4},"end":{"line":12,"column":71}}]}},"s":{"0":1,"1":1,"2":0,"3":1,"4":0,"5":1,"6":1},"f":{"0":2,"1":0,"2":0},"b":{"0":[0]}}
,"/mnt/c/Users/antot/Desktop/capstone/2023-2-S2-Grupo1-Backend/src/infrastructure/database/migrations/1696173774023-cambiarTableporColumnProfileTariff.ts": {"path":"/mnt/c/Users/antot/Desktop/capstone/2023-2-S2-Grupo1-Backend/src/infrastructure/database/migrations/1696173774023-cambiarTableporColumnProfileTariff.ts","statementMap":{"0":{"start":{"line":1,"column":0},"end":{"line":1,"column":null}},"1":{"start":{"line":8,"column":0},"end":{"line":8,"column":13}},"2":{"start":{"line":11,"column":15},"end":{"line":34,"column":null}},"3":{"start":{"line":12,"column":4},"end":{"line":12,"column":50}},"4":{"start":{"line":14,"column":4},"end":{"line":21,"column":6}},"5":{"start":{"line":24,"column":4},"end":{"line":33,"column":6}},"6":{"start":{"line":36,"column":15},"end":{"line":39,"column":null}},"7":{"start":{"line":37,"column":4},"end":{"line":37,"column":58}},"8":{"start":{"line":38,"column":4},"end":{"line":38,"column":75}},"9":{"start":{"line":40,"column":0},"end":{"line":40,"column":null}},"10":{"start":{"line":8,"column":13},"end":{"line":8,"column":60}}},"fnMap":{"0":{"name":"(anonymous_13)","decl":{"start":{"line":8,"column":0},"end":{"line":8,"column":13}},"loc":{"start":{"line":8,"column":0},"end":{"line":40,"column":null}}},"1":{"name":"(anonymous_15)","decl":{"start":{"line":11,"column":2},"end":{"line":11,"column":15}},"loc":{"start":{"line":11,"column":42},"end":{"line":34,"column":null}}},"2":{"name":"(anonymous_18)","decl":{"start":{"line":36,"column":2},"end":{"line":36,"column":15}},"loc":{"start":{"line":36,"column":44},"end":{"line":39,"column":null}}}},"branchMap":{"0":{"loc":{"start":{"line":12,"column":4},"end":{"line":12,"column":50}},"type":"switch","locations":[{"start":{"line":12,"column":4},"end":{"line":12,"column":50}}]},"1":{"loc":{"start":{"line":37,"column":4},"end":{"line":37,"column":58}},"type":"switch","locations":[{"start":{"line":37,"column":4},"end":{"line":37,"column":58}}]}},"s":{"0":1,"1":1,"2":1,"3":0,"4":0,"5":0,"6":1,"7":0,"8":0,"9":1,"10":1},"f":{"0":2,"1":0,"2":0},"b":{"0":[0],"1":[0]}}
,"/mnt/c/Users/antot/Desktop/capstone/2023-2-S2-Grupo1-Backend/src/infrastructure/database/migrations/1696197979027-addColumnValueTecnology.ts": {"path":"/mnt/c/Users/antot/Desktop/capstone/2023-2-S2-Grupo1-Backend/src/infrastructure/database/migrations/1696197979027-addColumnValueTecnology.ts","statementMap":{"0":{"start":{"line":1,"column":0},"end":{"line":1,"column":null}},"1":{"start":{"line":7,"column":0},"end":{"line":7,"column":13}},"2":{"start":{"line":10,"column":15},"end":{"line":19,"column":null}},"3":{"start":{"line":11,"column":4},"end":{"line":18,"column":6}},"4":{"start":{"line":21,"column":15},"end":{"line":23,"column":null}},"5":{"start":{"line":22,"column":4},"end":{"line":22,"column":57}},"6":{"start":{"line":24,"column":0},"end":{"line":24,"column":null}},"7":{"start":{"line":7,"column":13},"end":{"line":7,"column":49}}},"fnMap":{"0":{"name":"(anonymous_13)","decl":{"start":{"line":7,"column":0},"end":{"line":7,"column":13}},"loc":{"start":{"line":7,"column":0},"end":{"line":24,"column":null}}},"1":{"name":"(anonymous_15)","decl":{"start":{"line":10,"column":2},"end":{"line":10,"column":15}},"loc":{"start":{"line":10,"column":42},"end":{"line":19,"column":null}}},"2":{"name":"(anonymous_18)","decl":{"start":{"line":21,"column":2},"end":{"line":21,"column":15}},"loc":{"start":{"line":21,"column":44},"end":{"line":23,"column":null}}}},"branchMap":{"0":{"loc":{"start":{"line":11,"column":4},"end":{"line":18,"column":6}},"type":"switch","locations":[{"start":{"line":11,"column":4},"end":{"line":18,"column":6}}]},"1":{"loc":{"start":{"line":22,"column":4},"end":{"line":22,"column":57}},"type":"switch","locations":[{"start":{"line":22,"column":4},"end":{"line":22,"column":57}}]}},"s":{"0":1,"1":1,"2":1,"3":0,"4":1,"5":0,"6":1,"7":1},"f":{"0":2,"1":0,"2":0},"b":{"0":[0],"1":[0]}}
,"/mnt/c/Users/antot/Desktop/capstone/2023-2-S2-Grupo1-Backend/src/infrastructure/database/migrations/1696202350883-corrigienfoFKTariffdbProfiledb.ts": {"path":"/mnt/c/Users/antot/Desktop/capstone/2023-2-S2-Grupo1-Backend/src/infrastructure/database/migrations/1696202350883-corrigienfoFKTariffdbProfiledb.ts","statementMap":{"0":{"start":{"line":1,"column":0},"end":{"line":1,"column":null}},"1":{"start":{"line":8,"column":0},"end":{"line":8,"column":13}},"2":{"start":{"line":11,"column":15},"end":{"line":39,"column":null}},"3":{"start":{"line":13,"column":4},"end":{"line":13,"column":75}},"4":{"start":{"line":16,"column":4},"end":{"line":16,"column":58}},"5":{"start":{"line":19,"column":4},"end":{"line":26,"column":6}},"6":{"start":{"line":29,"column":4},"end":{"line":38,"column":6}},"7":{"start":{"line":41,"column":15},"end":{"line":47,"column":null}},"8":{"start":{"line":43,"column":4},"end":{"line":43,"column":75}},"9":{"start":{"line":46,"column":4},"end":{"line":46,"column":58}},"10":{"start":{"line":48,"column":0},"end":{"line":48,"column":null}},"11":{"start":{"line":8,"column":13},"end":{"line":8,"column":56}}},"fnMap":{"0":{"name":"(anonymous_13)","decl":{"start":{"line":8,"column":0},"end":{"line":8,"column":13}},"loc":{"start":{"line":8,"column":0},"end":{"line":48,"column":null}}},"1":{"name":"(anonymous_15)","decl":{"start":{"line":11,"column":2},"end":{"line":11,"column":15}},"loc":{"start":{"line":11,"column":42},"end":{"line":39,"column":null}}},"2":{"name":"(anonymous_18)","decl":{"start":{"line":41,"column":2},"end":{"line":41,"column":15}},"loc":{"start":{"line":41,"column":44},"end":{"line":47,"column":null}}}},"branchMap":{},"s":{"0":1,"1":1,"2":1,"3":0,"4":0,"5":0,"6":0,"7":1,"8":0,"9":0,"10":1,"11":1},"f":{"0":2,"1":0,"2":0},"b":{}}
,"/mnt/c/Users/antot/Desktop/capstone/2023-2-S2-Grupo1-Backend/src/infrastructure/database/migrations/1696852025275-AddColumnContactIdToQuote.ts": {"path":"/mnt/c/Users/antot/Desktop/capstone/2023-2-S2-Grupo1-Backend/src/infrastructure/database/migrations/1696852025275-AddColumnContactIdToQuote.ts","statementMap":{"0":{"start":{"line":1,"column":0},"end":{"line":1,"column":null}},"1":{"start":{"line":8,"column":0},"end":{"line":8,"column":13}},"2":{"start":{"line":11,"column":15},"end":{"line":30,"column":null}},"3":{"start":{"line":12,"column":4},"end":{"line":19,"column":6}},"4":{"start":{"line":21,"column":4},"end":{"line":29,"column":6}},"5":{"start":{"line":32,"column":15},"end":{"line":35,"column":null}},"6":{"start":{"line":33,"column":4},"end":{"line":33,"column":61}},"7":{"start":{"line":34,"column":4},"end":{"line":34,"column":57}},"8":{"start":{"line":36,"column":0},"end":{"line":36,"column":null}},"9":{"start":{"line":8,"column":13},"end":{"line":8,"column":51}}},"fnMap":{"0":{"name":"(anonymous_13)","decl":{"start":{"line":8,"column":0},"end":{"line":8,"column":13}},"loc":{"start":{"line":8,"column":0},"end":{"line":36,"column":null}}},"1":{"name":"(anonymous_15)","decl":{"start":{"line":11,"column":2},"end":{"line":11,"column":15}},"loc":{"start":{"line":11,"column":42},"end":{"line":30,"column":null}}},"2":{"name":"(anonymous_18)","decl":{"start":{"line":32,"column":2},"end":{"line":32,"column":15}},"loc":{"start":{"line":32,"column":44},"end":{"line":35,"column":null}}}},"branchMap":{"0":{"loc":{"start":{"line":12,"column":4},"end":{"line":19,"column":6}},"type":"switch","locations":[{"start":{"line":12,"column":4},"end":{"line":19,"column":6}}]},"1":{"loc":{"start":{"line":33,"column":4},"end":{"line":33,"column":61}},"type":"switch","locations":[{"start":{"line":33,"column":4},"end":{"line":33,"column":61}}]}},"s":{"0":1,"1":1,"2":1,"3":0,"4":0,"5":1,"6":0,"7":0,"8":1,"9":1},"f":{"0":2,"1":0,"2":0},"b":{"0":[0],"1":[0]}}
}
