TN:
SF:src/api/server.ts
FN:30,(anonymous_1)
FN:37,(anonymous_2)
FN:59,(anonymous_3)
FNF:3
FNH:1
FNDA:0,(anonymous_1)
FNDA:0,(anonymous_2)
FNDA:1,(anonymous_3)
DA:1,1
DA:2,1
DA:3,1
DA:4,1
DA:5,1
DA:7,1
DA:9,1
DA:10,1
DA:11,1
DA:12,1
DA:13,1
DA:14,1
DA:15,1
DA:16,1
DA:17,1
DA:18,1
DA:20,1
DA:22,1
DA:24,1
DA:25,1
DA:27,1
DA:28,0
DA:32,0
DA:35,0
DA:38,0
DA:42,1
DA:47,1
DA:48,1
DA:49,1
DA:50,1
DA:51,1
DA:52,1
DA:53,1
DA:54,1
DA:55,1
DA:56,1
DA:57,1
DA:59,1
DA:60,1
DA:63,1
DA:64,1
LF:41
LH:37
BRDA:27,0,0,0
BRF:1
BRH:0
end_of_record
TN:
SF:src/api/routes/clients.ts
FN:15,(anonymous_14)
FN:15,(anonymous_15)
FN:41,(anonymous_17)
FN:41,(anonymous_18)
FN:61,(anonymous_20)
FN:61,(anonymous_21)
FN:75,(anonymous_23)
FN:75,(anonymous_24)
FN:91,(anonymous_26)
FN:102,(anonymous_27)
FN:102,(anonymous_28)
FN:124,(anonymous_30)
FN:124,(anonymous_31)
FNF:13
FNH:4
FNDA:1,(anonymous_14)
FNDA:1,(anonymous_15)
FNDA:0,(anonymous_17)
FNDA:0,(anonymous_18)
FNDA:1,(anonymous_20)
FNDA:1,(anonymous_21)
FNDA:0,(anonymous_23)
FNDA:0,(anonymous_24)
FNDA:0,(anonymous_26)
FNDA:0,(anonymous_27)
FNDA:0,(anonymous_28)
FNDA:0,(anonymous_30)
FNDA:0,(anonymous_31)
DA:1,1
DA:2,1
DA:3,1
DA:4,1
DA:5,1
DA:6,1
DA:8,1
DA:15,1
DA:17,1
DA:18,1
DA:19,0
DA:20,0
DA:21,0
DA:24,1
DA:25,1
DA:30,1
DA:31,1
DA:33,1
DA:35,0
DA:36,0
DA:37,0
DA:41,1
DA:43,0
DA:44,0
DA:45,0
DA:47,0
DA:48,0
DA:49,0
DA:51,0
DA:52,0
DA:55,0
DA:56,0
DA:57,0
DA:61,1
DA:63,1
DA:64,1
DA:66,1
DA:67,1
DA:69,0
DA:70,0
DA:71,0
DA:75,1
DA:76,0
DA:89,0
DA:91,0
DA:94,0
DA:97,0
DA:99,0
DA:102,1
DA:104,0
DA:105,0
DA:106,0
DA:107,0
DA:109,0
DA:110,0
DA:111,0
DA:112,0
DA:114,0
DA:115,0
DA:118,0
DA:119,0
DA:120,0
DA:124,1
DA:126,0
DA:127,0
DA:128,0
DA:130,0
DA:131,0
DA:132,0
DA:134,0
DA:135,0
DA:138,0
DA:139,0
DA:140,0
DA:144,1
LF:75
LH:25
BRDA:18,0,0,0
BRDA:18,1,0,1
BRDA:18,1,1,1
BRDA:18,2,0,0
BRDA:18,2,1,1
BRDA:18,3,0,1
BRDA:18,3,1,1
BRDA:18,4,0,0
BRDA:18,4,1,1
BRDA:18,5,0,1
BRDA:18,5,1,1
BRDA:47,6,0,0
BRDA:47,6,1,0
BRDA:109,7,0,0
BRDA:109,7,1,0
BRDA:130,8,0,0
BRDA:130,8,1,0
BRF:17
BRH:8
end_of_record
TN:
SF:src/api/routes/contacts.ts
FN:16,(anonymous_14)
FN:16,(anonymous_15)
FN:43,(anonymous_17)
FN:43,(anonymous_18)
FN:63,(anonymous_20)
FN:63,(anonymous_21)
FN:77,(anonymous_23)
FN:77,(anonymous_24)
FN:94,(anonymous_26)
FN:94,(anonymous_27)
FN:116,(anonymous_29)
FN:116,(anonymous_30)
FNF:12
FNH:2
FNDA:1,(anonymous_14)
FNDA:1,(anonymous_15)
FNDA:0,(anonymous_17)
FNDA:0,(anonymous_18)
FNDA:0,(anonymous_20)
FNDA:0,(anonymous_21)
FNDA:0,(anonymous_23)
FNDA:0,(anonymous_24)
FNDA:0,(anonymous_26)
FNDA:0,(anonymous_27)
FNDA:0,(anonymous_29)
FNDA:0,(anonymous_30)
DA:1,1
DA:2,1
DA:3,1
DA:4,1
DA:5,1
DA:6,1
DA:8,1
DA:16,1
DA:18,1
DA:19,1
DA:20,0
DA:21,0
DA:22,0
DA:25,1
DA:26,1
DA:32,1
DA:33,1
DA:35,1
DA:37,0
DA:38,0
DA:39,0
DA:43,1
DA:45,0
DA:46,0
DA:47,0
DA:49,0
DA:50,0
DA:51,0
DA:53,0
DA:54,0
DA:57,0
DA:58,0
DA:59,0
DA:63,1
DA:65,0
DA:66,0
DA:68,0
DA:69,0
DA:71,0
DA:72,0
DA:73,0
DA:77,1
DA:78,0
DA:91,0
DA:94,1
DA:96,0
DA:97,0
DA:98,0
DA:99,0
DA:101,0
DA:102,0
DA:103,0
DA:104,0
DA:106,0
DA:107,0
DA:110,0
DA:111,0
DA:112,0
DA:116,1
DA:118,0
DA:119,0
DA:120,0
DA:122,0
DA:123,0
DA:124,0
DA:126,0
DA:127,0
DA:130,0
DA:131,0
DA:132,0
DA:136,1
LF:71
LH:21
BRDA:19,0,0,0
BRDA:19,1,0,1
BRDA:19,1,1,1
BRDA:19,1,2,1
BRDA:19,2,0,0
BRDA:19,2,1,1
BRDA:19,3,0,1
BRDA:19,3,1,1
BRDA:19,4,0,0
BRDA:19,4,1,1
BRDA:19,5,0,1
BRDA:19,5,1,1
BRDA:19,6,0,0
BRDA:19,6,1,1
BRDA:19,7,0,1
BRDA:19,7,1,1
BRDA:49,8,0,0
BRDA:49,8,1,0
BRDA:101,9,0,0
BRDA:101,9,1,0
BRDA:122,10,0,0
BRDA:122,10,1,0
BRF:22
BRH:12
end_of_record
TN:
SF:src/api/routes/deductions.ts
FN:17,(anonymous_14)
FN:17,(anonymous_15)
FN:70,(anonymous_17)
FN:70,(anonymous_18)
FN:90,(anonymous_20)
FN:90,(anonymous_21)
FN:104,(anonymous_23)
FN:104,(anonymous_24)
FN:129,(anonymous_26)
FN:129,(anonymous_27)
FNF:10
FNH:2
FNDA:1,(anonymous_14)
FNDA:1,(anonymous_15)
FNDA:0,(anonymous_17)
FNDA:0,(anonymous_18)
FNDA:0,(anonymous_20)
FNDA:0,(anonymous_21)
FNDA:0,(anonymous_23)
FNDA:0,(anonymous_24)
FNDA:0,(anonymous_26)
FNDA:0,(anonymous_27)
DA:1,1
DA:2,1
DA:3,1
DA:4,1
DA:5,1
DA:6,1
DA:8,1
DA:17,1
DA:19,1
DA:21,1
DA:25,1
DA:28,1
DA:29,0
DA:30,0
DA:31,0
DA:35,1
DA:39,0
DA:40,0
DA:41,0
DA:45,1
DA:46,0
DA:47,0
DA:48,0
DA:51,1
DA:52,1
DA:59,1
DA:60,1
DA:62,1
DA:64,0
DA:65,0
DA:66,0
DA:70,1
DA:72,0
DA:73,0
DA:74,0
DA:76,0
DA:77,0
DA:78,0
DA:80,0
DA:81,0
DA:84,0
DA:85,0
DA:86,0
DA:90,1
DA:92,0
DA:93,0
DA:95,0
DA:96,0
DA:98,0
DA:99,0
DA:100,0
DA:104,1
DA:106,0
DA:107,0
DA:108,0
DA:109,0
DA:114,0
DA:115,0
DA:116,0
DA:117,0
DA:119,0
DA:120,0
DA:123,0
DA:124,0
DA:125,0
DA:129,1
DA:131,0
DA:132,0
DA:133,0
DA:135,0
DA:136,0
DA:137,0
DA:139,0
DA:140,0
DA:143,0
DA:144,0
DA:145,0
DA:149,1
LF:78
LH:24
BRDA:21,0,0,1
BRDA:22,1,0,1
BRDA:22,1,1,0
BRDA:28,2,0,0
BRDA:28,3,0,1
BRDA:28,3,1,1
BRDA:28,4,0,0
BRDA:28,4,1,1
BRDA:28,5,0,1
BRDA:28,5,1,1
BRDA:35,6,0,0
BRDA:36,7,0,1
BRDA:36,7,1,1
BRDA:45,8,0,0
BRDA:76,9,0,0
BRDA:76,9,1,0
BRDA:114,10,0,0
BRDA:114,10,1,0
BRDA:135,11,0,0
BRDA:135,11,1,0
BRF:20
BRH:9
end_of_record
TN:
SF:src/api/routes/index.ts
FN:5,(anonymous_1)
FNF:1
FNH:1
FNDA:1,(anonymous_1)
DA:1,1
DA:3,1
DA:5,1
DA:6,1
DA:9,1
LF:5
LH:5
BRF:0
BRH:0
end_of_record
TN:
SF:src/api/routes/profiles.ts
FN:17,(anonymous_14)
FN:17,(anonymous_15)
FN:72,(anonymous_17)
FN:72,(anonymous_18)
FN:105,(anonymous_20)
FN:105,(anonymous_21)
FN:125,(anonymous_23)
FN:125,(anonymous_24)
FN:139,(anonymous_26)
FN:139,(anonymous_27)
FN:161,(anonymous_29)
FN:161,(anonymous_30)
FNF:12
FNH:4
FNDA:1,(anonymous_14)
FNDA:1,(anonymous_15)
FNDA:2,(anonymous_17)
FNDA:2,(anonymous_18)
FNDA:0,(anonymous_20)
FNDA:0,(anonymous_21)
FNDA:0,(anonymous_23)
FNDA:0,(anonymous_24)
FNDA:0,(anonymous_26)
FNDA:0,(anonymous_27)
FNDA:0,(anonymous_29)
FNDA:0,(anonymous_30)
DA:1,1
DA:2,1
DA:3,1
DA:4,1
DA:5,1
DA:6,1
DA:8,1
DA:17,1
DA:18,1
DA:69,1
DA:72,2
DA:74,2
DA:75,2
DA:81,0
DA:82,0
DA:83,0
DA:86,2
DA:87,2
DA:94,2
DA:95,2
DA:97,2
DA:99,0
DA:100,0
DA:101,0
DA:105,1
DA:107,0
DA:108,0
DA:109,0
DA:111,0
DA:112,0
DA:113,0
DA:115,0
DA:116,0
DA:119,0
DA:120,0
DA:121,0
DA:125,1
DA:127,0
DA:128,0
DA:130,0
DA:131,0
DA:133,0
DA:134,0
DA:135,0
DA:139,1
DA:141,0
DA:142,0
DA:143,0
DA:144,0
DA:146,0
DA:147,0
DA:148,0
DA:149,0
DA:151,0
DA:152,0
DA:155,0
DA:156,0
DA:157,0
DA:161,1
DA:163,0
DA:164,0
DA:165,0
DA:167,0
DA:168,0
DA:169,0
DA:171,0
DA:172,0
DA:175,0
DA:176,0
DA:177,0
DA:181,1
LF:71
LH:23
BRDA:75,0,0,0
BRDA:76,1,0,2
BRDA:76,1,1,2
BRDA:76,1,2,2
BRDA:76,1,3,2
BRDA:76,2,0,0
BRDA:76,2,1,2
BRDA:76,3,0,2
BRDA:76,3,1,2
BRDA:77,4,0,0
BRDA:77,4,1,2
BRDA:77,5,0,2
BRDA:77,5,1,2
BRDA:111,6,0,0
BRDA:111,6,1,0
BRDA:146,7,0,0
BRDA:146,7,1,0
BRDA:167,8,0,0
BRDA:167,8,1,0
BRF:19
BRH:10
end_of_record
TN:
SF:src/api/routes/quotes.ts
FN:43,getRandomNumber
FN:50,(anonymous_17)
FN:50,(anonymous_18)
FN:93,(anonymous_20)
FN:93,(anonymous_21)
FN:113,(anonymous_23)
FN:113,(anonymous_24)
FN:127,(anonymous_26)
FN:127,(anonymous_27)
FN:142,(anonymous_29)
FN:142,(anonymous_30)
FN:160,(anonymous_32)
FN:160,(anonymous_33)
FN:387,(anonymous_35)
FN:387,(anonymous_36)
FN:409,(anonymous_38)
FN:409,(anonymous_39)
FN:429,(anonymous_41)
FN:429,(anonymous_42)
FN:451,(anonymous_44)
FN:451,(anonymous_45)
FNF:21
FNH:15
FNDA:3,getRandomNumber
FNDA:1,(anonymous_17)
FNDA:1,(anonymous_18)
FNDA:1,(anonymous_20)
FNDA:1,(anonymous_21)
FNDA:1,(anonymous_23)
FNDA:1,(anonymous_24)
FNDA:1,(anonymous_26)
FNDA:1,(anonymous_27)
FNDA:1,(anonymous_29)
FNDA:1,(anonymous_30)
FNDA:1,(anonymous_32)
FNDA:1,(anonymous_33)
FNDA:0,(anonymous_35)
FNDA:0,(anonymous_36)
FNDA:0,(anonymous_38)
FNDA:0,(anonymous_39)
FNDA:1,(anonymous_41)
FNDA:1,(anonymous_42)
FNDA:0,(anonymous_44)
FNDA:0,(anonymous_45)
DA:1,1
DA:2,1
DA:3,1
DA:4,1
DA:5,1
DA:6,1
DA:7,1
DA:8,1
DA:9,1
DA:10,1
DA:11,1
DA:12,1
DA:13,1
DA:14,1
DA:17,1
DA:44,3
DA:45,3
DA:47,3
DA:50,1
DA:52,1
DA:53,1
DA:60,0
DA:61,0
DA:62,0
DA:65,1
DA:67,1
DA:68,1
DA:70,1
DA:71,1
DA:82,1
DA:83,1
DA:85,1
DA:87,0
DA:88,0
DA:89,0
DA:93,1
DA:95,1
DA:96,1
DA:97,1
DA:99,1
DA:100,1
DA:101,1
DA:103,0
DA:104,0
DA:107,0
DA:108,0
DA:109,0
DA:113,1
DA:115,1
DA:116,1
DA:118,1
DA:119,1
DA:121,0
DA:122,0
DA:123,0
DA:127,1
DA:129,1
DA:130,1
DA:131,1
DA:133,1
DA:134,1
DA:136,0
DA:137,0
DA:138,0
DA:142,1
DA:144,1
DA:145,1
DA:147,1
DA:148,1
DA:150,1
DA:151,1
DA:153,0
DA:154,0
DA:155,0
DA:160,1
DA:161,1
DA:162,1
DA:171,0
DA:172,0
DA:188,0
DA:191,1
DA:195,0
DA:196,0
DA:197,0
DA:200,1
DA:205,0
DA:206,0
DA:207,0
DA:210,1
DA:211,0
DA:212,0
DA:213,0
DA:217,1
DA:218,1
DA:223,1
DA:224,1
DA:233,1
DA:237,1
DA:238,0
DA:239,0
DA:240,0
DA:243,1
DA:245,0
DA:246,0
DA:247,0
DA:248,0
DA:253,1
DA:261,1
DA:265,2
DA:266,0
DA:267,0
DA:272,1
DA:274,0
DA:275,0
DA:276,0
DA:279,0
DA:282,1
DA:283,2
DA:286,1
DA:288,1
DA:294,1
DA:298,2
DA:299,0
DA:300,0
DA:301,0
DA:306,1
DA:308,0
DA:309,0
DA:310,0
DA:313,0
DA:317,1
DA:319,1
DA:320,2
DA:321,2
DA:329,2
DA:334,2
DA:335,0
DA:340,0
DA:341,0
DA:342,0
DA:345,0
DA:350,1
DA:351,3
DA:352,1
DA:359,1
DA:364,1
DA:365,0
DA:370,0
DA:371,0
DA:372,0
DA:375,0
DA:380,1
DA:381,2
DA:383,1
DA:384,1
DA:387,1
DA:389,0
DA:390,0
DA:391,0
DA:392,0
DA:394,0
DA:395,0
DA:396,0
DA:397,0
DA:399,0
DA:400,0
DA:403,0
DA:404,0
DA:405,0
DA:409,1
DA:411,0
DA:412,0
DA:413,0
DA:415,0
DA:416,0
DA:417,0
DA:419,0
DA:420,0
DA:423,0
DA:424,0
DA:425,0
DA:429,1
DA:431,1
DA:432,1
DA:433,1
DA:434,1
DA:436,1
DA:437,1
DA:438,1
DA:440,0
DA:441,0
DA:444,0
DA:445,0
DA:446,0
DA:451,1
DA:452,0
DA:453,0
DA:455,0
DA:456,0
DA:458,0
DA:459,0
DA:460,0
DA:461,0
DA:464,0
DA:469,0
DA:470,0
DA:471,0
DA:474,0
DA:480,0
DA:481,0
DA:482,0
DA:485,0
DA:489,0
DA:490,0
DA:491,0
DA:494,0
DA:495,0
DA:502,0
DA:506,0
DA:507,0
DA:508,0
DA:511,0
DA:512,0
DA:513,0
DA:516,0
DA:517,0
DA:518,0
DA:519,0
DA:523,0
DA:531,0
DA:535,0
DA:536,0
DA:541,0
DA:542,0
DA:543,0
DA:546,0
DA:550,0
DA:554,0
DA:559,0
DA:563,0
DA:564,0
DA:569,0
DA:570,0
DA:571,0
DA:574,0
DA:578,0
DA:579,0
DA:580,0
DA:582,0
DA:583,0
DA:584,0
DA:592,0
DA:597,0
DA:598,0
DA:603,0
DA:604,0
DA:605,0
DA:608,0
DA:613,0
DA:614,0
DA:615,0
DA:616,0
DA:617,0
DA:624,0
DA:629,0
DA:630,0
DA:635,0
DA:636,0
DA:637,0
DA:640,0
DA:645,0
DA:646,0
DA:648,0
DA:650,0
DA:651,0
DA:654,1
LF:276
LH:105
BRDA:53,0,0,0
BRDA:54,1,0,1
BRDA:54,1,1,1
BRDA:54,1,2,1
BRDA:54,1,3,1
BRDA:54,1,4,1
BRDA:56,2,0,0
BRDA:56,2,1,1
BRDA:56,3,0,1
BRDA:56,3,1,1
BRDA:99,4,0,1
BRDA:99,4,1,0
BRDA:162,5,0,0
BRDA:163,6,0,1
BRDA:163,6,1,1
BRDA:163,6,2,1
BRDA:163,6,3,1
BRDA:163,6,4,1
BRDA:191,7,0,0
BRDA:192,8,0,1
BRDA:192,8,1,1
BRDA:200,9,0,0
BRDA:201,10,0,1
BRDA:201,10,1,1
BRDA:201,10,2,0
BRDA:210,11,0,0
BRDA:237,12,0,0
BRDA:265,13,0,1
BRDA:286,14,0,0
BRDA:298,15,0,1
BRDA:317,16,0,0
BRDA:334,17,0,0
BRDA:350,18,0,0
BRDA:351,19,0,1
BRDA:364,20,0,0
BRDA:394,21,0,0
BRDA:394,21,1,0
BRDA:415,22,0,0
BRDA:415,22,1,0
BRDA:436,23,0,1
BRDA:436,23,1,0
BRDA:458,24,0,0
BRDA:464,25,0,0
BRDA:465,26,0,0
BRDA:465,26,1,0
BRDA:465,26,2,0
BRDA:474,27,0,0
BRDA:475,28,0,0
BRDA:475,28,1,0
BRDA:475,28,2,0
BRDA:475,28,3,0
BRDA:485,29,0,0
BRDA:486,30,0,0
BRDA:486,30,1,0
BRDA:506,31,0,0
BRDA:518,32,0,0
BRDA:535,33,0,0
BRDA:550,34,0,0
BRDA:550,35,0,0
BRDA:550,35,1,0
BRDA:563,36,0,0
BRDA:578,37,0,0
BRDA:597,38,0,0
BRDA:613,39,0,0
BRDA:616,40,0,0
BRDA:629,41,0,0
BRF:66
BRH:22
end_of_record
TN:
SF:src/api/routes/services.ts
FN:17,(anonymous_14)
FN:17,(anonymous_15)
FN:40,(anonymous_17)
FN:51,(anonymous_18)
FN:51,(anonymous_19)
FN:74,(anonymous_21)
FN:74,(anonymous_22)
FN:94,(anonymous_24)
FN:94,(anonymous_25)
FN:108,(anonymous_27)
FN:108,(anonymous_28)
FN:130,(anonymous_30)
FN:130,(anonymous_31)
FNF:13
FNH:4
FNDA:0,(anonymous_14)
FNDA:0,(anonymous_15)
FNDA:0,(anonymous_17)
FNDA:1,(anonymous_18)
FNDA:1,(anonymous_19)
FNDA:0,(anonymous_21)
FNDA:0,(anonymous_22)
FNDA:1,(anonymous_24)
FNDA:1,(anonymous_25)
FNDA:0,(anonymous_27)
FNDA:0,(anonymous_28)
FNDA:0,(anonymous_30)
FNDA:0,(anonymous_31)
DA:2,1
DA:5,1
DA:6,1
DA:7,1
DA:8,1
DA:9,1
DA:11,1
DA:17,1
DA:18,0
DA:38,0
DA:40,0
DA:43,0
DA:46,0
DA:48,0
DA:51,1
DA:53,1
DA:54,1
DA:55,0
DA:56,0
DA:57,0
DA:60,1
DA:61,1
DA:63,1
DA:64,1
DA:66,1
DA:68,0
DA:69,0
DA:70,0
DA:74,1
DA:76,0
DA:77,0
DA:78,0
DA:80,0
DA:81,0
DA:82,0
DA:84,0
DA:85,0
DA:88,0
DA:89,0
DA:90,0
DA:94,1
DA:96,1
DA:97,1
DA:99,1
DA:100,1
DA:102,0
DA:103,0
DA:104,0
DA:108,1
DA:110,0
DA:111,0
DA:112,0
DA:113,0
DA:115,0
DA:116,0
DA:117,0
DA:118,0
DA:120,0
DA:121,0
DA:124,0
DA:125,0
DA:126,0
DA:130,1
DA:132,0
DA:133,0
DA:134,0
DA:136,0
DA:137,0
DA:138,0
DA:140,0
DA:141,0
DA:144,0
DA:145,0
DA:146,0
DA:150,1
LF:75
LH:25
BRDA:54,0,0,0
BRDA:54,1,0,0
BRDA:54,1,1,1
BRDA:54,2,0,1
BRDA:54,2,1,1
BRDA:80,3,0,0
BRDA:80,3,1,0
BRDA:115,4,0,0
BRDA:115,4,1,0
BRDA:136,5,0,0
BRDA:136,5,1,0
BRF:11
BRH:3
end_of_record
TN:
SF:src/api/routes/tariff.ts
FN:22,(anonymous_14)
FN:22,(anonymous_15)
FN:64,(anonymous_17)
FN:64,(anonymous_18)
FN:84,(anonymous_20)
FN:84,(anonymous_21)
FN:98,(anonymous_23)
FN:98,(anonymous_24)
FN:120,(anonymous_26)
FN:120,(anonymous_27)
FN:140,(anonymous_29)
FN:140,(anonymous_30)
FNF:12
FNH:4
FNDA:1,(anonymous_14)
FNDA:1,(anonymous_15)
FNDA:1,(anonymous_17)
FNDA:1,(anonymous_18)
FNDA:0,(anonymous_20)
FNDA:0,(anonymous_21)
FNDA:0,(anonymous_23)
FNDA:0,(anonymous_24)
FNDA:0,(anonymous_26)
FNDA:0,(anonymous_27)
FNDA:0,(anonymous_29)
FNDA:0,(anonymous_30)
DA:1,1
DA:2,1
DA:3,1
DA:4,1
DA:5,1
DA:6,1
DA:7,1
DA:9,1
DA:22,1
DA:24,1
DA:25,1
DA:32,0
DA:33,0
DA:34,0
DA:37,1
DA:38,0
DA:41,1
DA:43,1
DA:44,1
DA:53,1
DA:54,1
DA:56,1
DA:58,0
DA:59,0
DA:60,0
DA:64,1
DA:66,1
DA:67,1
DA:68,1
DA:70,1
DA:71,1
DA:72,1
DA:74,0
DA:75,0
DA:78,0
DA:79,0
DA:80,0
DA:84,1
DA:86,0
DA:87,0
DA:89,0
DA:90,0
DA:92,0
DA:93,0
DA:94,0
DA:98,1
DA:100,0
DA:101,0
DA:102,0
DA:103,0
DA:105,0
DA:106,0
DA:107,0
DA:108,0
DA:110,0
DA:111,0
DA:114,0
DA:115,0
DA:116,0
DA:120,1
DA:122,0
DA:123,0
DA:124,0
DA:126,0
DA:127,0
DA:128,0
DA:130,0
DA:131,0
DA:134,0
DA:135,0
DA:136,0
DA:140,1
DA:141,0
DA:142,0
DA:143,0
DA:144,0
DA:147,1
LF:77
LH:30
BRDA:25,0,0,0
BRDA:26,1,0,1
BRDA:26,1,1,1
BRDA:26,1,2,1
BRDA:26,1,3,1
BRDA:26,1,4,1
BRDA:26,2,0,0
BRDA:26,2,1,1
BRDA:26,3,0,1
BRDA:26,3,1,1
BRDA:37,4,0,0
BRDA:70,5,0,1
BRDA:70,5,1,0
BRDA:105,6,0,0
BRDA:105,6,1,0
BRDA:126,7,0,0
BRDA:126,7,1,0
BRF:17
BRH:9
end_of_record
TN:
SF:src/api/routes/tecnologies.ts
FN:16,(anonymous_14)
FN:16,(anonymous_15)
FN:43,(anonymous_17)
FN:43,(anonymous_18)
FN:63,(anonymous_20)
FN:63,(anonymous_21)
FN:77,(anonymous_23)
FN:77,(anonymous_24)
FN:109,(anonymous_26)
FN:109,(anonymous_27)
FN:134,(anonymous_29)
FN:134,(anonymous_30)
FNF:12
FNH:4
FNDA:1,(anonymous_14)
FNDA:1,(anonymous_15)
FNDA:0,(anonymous_17)
FNDA:0,(anonymous_18)
FNDA:0,(anonymous_20)
FNDA:0,(anonymous_21)
FNDA:1,(anonymous_23)
FNDA:1,(anonymous_24)
FNDA:0,(anonymous_26)
FNDA:0,(anonymous_27)
FNDA:0,(anonymous_29)
FNDA:0,(anonymous_30)
DA:1,1
DA:2,1
DA:3,1
DA:4,1
DA:5,1
DA:6,1
DA:8,1
DA:16,1
DA:18,1
DA:19,1
DA:20,0
DA:21,0
DA:22,0
DA:25,1
DA:26,1
DA:32,1
DA:33,1
DA:35,1
DA:37,0
DA:38,0
DA:39,0
DA:43,1
DA:45,0
DA:46,0
DA:47,0
DA:49,0
DA:50,0
DA:51,0
DA:53,0
DA:54,0
DA:57,0
DA:58,0
DA:59,0
DA:63,1
DA:65,0
DA:66,0
DA:68,0
DA:69,0
DA:71,0
DA:72,0
DA:73,0
DA:77,1
DA:78,1
DA:106,1
DA:109,1
DA:111,0
DA:112,0
DA:113,0
DA:114,0
DA:119,0
DA:120,0
DA:121,0
DA:122,0
DA:124,0
DA:125,0
DA:128,0
DA:129,0
DA:130,0
DA:134,1
DA:136,0
DA:137,0
DA:138,0
DA:140,0
DA:141,0
DA:142,0
DA:144,0
DA:145,0
DA:148,0
DA:149,0
DA:150,0
DA:154,1
LF:71
LH:23
BRDA:19,0,0,0
BRDA:19,1,0,0
BRDA:19,1,1,1
BRDA:19,2,0,1
BRDA:19,2,1,1
BRDA:49,3,0,0
BRDA:49,3,1,0
BRDA:119,4,0,0
BRDA:119,4,1,0
BRDA:140,5,0,0
BRDA:140,5,1,0
BRF:11
BRH:3
end_of_record
TN:
SF:src/api/routes/users.ts
FN:27,(anonymous_20)
FN:27,(anonymous_21)
FN:68,(anonymous_23)
FN:68,(anonymous_24)
FN:97,(anonymous_26)
FN:97,(anonymous_27)
FN:117,(anonymous_29)
FN:117,(anonymous_30)
FN:131,(anonymous_32)
FN:131,(anonymous_33)
FN:153,(anonymous_35)
FN:153,(anonymous_36)
FNF:12
FNH:2
FNDA:0,(anonymous_20)
FNDA:0,(anonymous_21)
FNDA:1,(anonymous_23)
FNDA:1,(anonymous_24)
FNDA:0,(anonymous_26)
FNDA:0,(anonymous_27)
FNDA:0,(anonymous_29)
FNDA:0,(anonymous_30)
FNDA:0,(anonymous_32)
FNDA:0,(anonymous_33)
FNDA:0,(anonymous_35)
FNDA:0,(anonymous_36)
DA:2,1
DA:5,1
DA:6,1
DA:7,1
DA:8,1
DA:9,1
DA:10,1
DA:11,1
DA:13,1
DA:27,1
DA:29,0
DA:31,0
DA:32,0
DA:33,0
DA:34,0
DA:37,0
DA:38,0
DA:40,0
DA:41,0
DA:45,0
DA:46,0
DA:47,0
DA:48,0
DA:50,0
DA:51,0
DA:56,0
DA:57,0
DA:60,0
DA:61,0
DA:62,0
DA:68,1
DA:70,1
DA:71,1
DA:72,0
DA:73,0
DA:74,0
DA:77,1
DA:79,1
DA:80,1
DA:86,1
DA:87,1
DA:89,1
DA:91,0
DA:92,0
DA:93,0
DA:97,1
DA:99,0
DA:100,0
DA:101,0
DA:103,0
DA:104,0
DA:105,0
DA:107,0
DA:108,0
DA:111,0
DA:112,0
DA:113,0
DA:117,1
DA:119,0
DA:120,0
DA:122,0
DA:123,0
DA:125,0
DA:126,0
DA:127,0
DA:131,1
DA:133,0
DA:134,0
DA:135,0
DA:136,0
DA:138,0
DA:139,0
DA:140,0
DA:141,0
DA:143,0
DA:144,0
DA:147,0
DA:148,0
DA:149,0
DA:153,1
DA:155,0
DA:156,0
DA:157,0
DA:159,0
DA:160,0
DA:161,0
DA:163,0
DA:164,0
DA:167,0
DA:168,0
DA:169,0
DA:173,1
LF:92
LH:24
BRDA:31,0,0,0
BRDA:31,1,0,0
BRDA:31,1,1,0
BRDA:40,2,0,0
BRDA:45,3,0,0
BRDA:45,3,1,0
BRDA:71,4,0,0
BRDA:71,5,0,1
BRDA:71,5,1,1
BRDA:71,5,2,1
BRDA:71,6,0,0
BRDA:71,6,1,1
BRDA:71,7,0,1
BRDA:71,7,1,1
BRDA:103,8,0,0
BRDA:103,8,1,0
BRDA:138,9,0,0
BRDA:138,9,1,0
BRDA:159,10,0,0
BRDA:159,10,1,0
BRF:20
BRH:6
end_of_record
TN:
SF:src/app/services/Tariff/CreateTariff.ts
FN:6,(anonymous_13)
FN:7,(anonymous_15)
FNF:2
FNH:2
FNDA:2,(anonymous_13)
FNDA:1,(anonymous_15)
DA:1,1
DA:2,1
DA:3,1
DA:4,1
DA:6,1
DA:7,1
DA:16,1
DA:20,1
DA:21,0
DA:24,1
DA:28,1
DA:29,0
DA:32,1
DA:40,1
DA:41,1
DA:43,1
DA:44,1
DA:45,1
DA:46,2
DA:47,1
DA:49,0
DA:50,0
DA:53,1
LF:23
LH:19
BRDA:20,0,0,0
BRDA:28,1,0,0
BRF:2
BRH:0
end_of_record
TN:
SF:src/app/services/Tariff/DeleteTariff.ts
FN:11,(anonymous_13)
FN:12,(anonymous_15)
FN:25,(anonymous_18)
FN:25,(anonymous_19)
FN:31,(anonymous_21)
FN:31,(anonymous_22)
FNF:6
FNH:1
FNDA:1,(anonymous_13)
FNDA:0,(anonymous_15)
FNDA:0,(anonymous_18)
FNDA:0,(anonymous_19)
FNDA:0,(anonymous_21)
FNDA:0,(anonymous_22)
DA:1,1
DA:2,1
DA:3,1
DA:4,1
DA:5,1
DA:6,1
DA:7,1
DA:8,1
DA:9,1
DA:11,1
DA:12,1
DA:14,0
DA:19,0
DA:20,0
DA:24,0
DA:25,0
DA:26,0
DA:30,0
DA:31,0
DA:32,0
DA:36,0
DA:37,0
DA:39,0
DA:40,0
DA:43,1
LF:25
LH:12
BRDA:19,0,0,0
BRDA:26,1,0,0
BRDA:32,2,0,0
BRF:3
BRH:0
end_of_record
TN:
SF:src/app/services/Tariff/EliminateAsociated.ts
FN:9,(anonymous_13)
FN:10,(anonymous_15)
FN:22,(anonymous_18)
FN:22,(anonymous_19)
FNF:4
FNH:1
FNDA:1,(anonymous_13)
FNDA:0,(anonymous_15)
FNDA:0,(anonymous_18)
FNDA:0,(anonymous_19)
DA:1,1
DA:2,1
DA:3,1
DA:4,1
DA:5,1
DA:6,1
DA:7,1
DA:9,1
DA:10,1
DA:12,0
DA:17,0
DA:18,0
DA:21,0
DA:22,0
DA:23,0
DA:27,0
DA:29,0
DA:30,0
DA:33,1
LF:19
LH:10
BRDA:17,0,0,0
BRDA:23,1,0,0
BRF:2
BRH:0
end_of_record
TN:
SF:src/app/services/Tariff/EliminateProfiles.ts
FN:9,(anonymous_13)
FN:10,(anonymous_15)
FN:22,(anonymous_18)
FN:22,(anonymous_19)
FNF:4
FNH:1
FNDA:1,(anonymous_13)
FNDA:0,(anonymous_15)
FNDA:0,(anonymous_18)
FNDA:0,(anonymous_19)
DA:1,1
DA:2,1
DA:3,1
DA:4,1
DA:5,1
DA:6,1
DA:7,1
DA:9,1
DA:10,1
DA:12,0
DA:17,0
DA:18,0
DA:21,0
DA:22,0
DA:23,0
DA:27,0
DA:29,0
DA:30,0
DA:33,1
LF:19
LH:10
BRDA:17,0,0,0
BRDA:23,1,0,0
BRF:2
BRH:0
end_of_record
TN:
SF:src/app/services/Tariff/GetTariffById.ts
FN:5,(anonymous_13)
FN:6,(anonymous_15)
FNF:2
FNH:2
FNDA:2,(anonymous_13)
FNDA:1,(anonymous_15)
DA:1,1
DA:2,1
DA:3,1
DA:5,1
DA:6,1
DA:8,1
DA:18,1
DA:20,0
DA:21,0
DA:24,1
LF:10
LH:8
BRF:0
BRH:0
end_of_record
TN:
SF:src/app/services/Tariff/GetTariffs.ts
FN:6,(anonymous_13)
FN:7,(anonymous_15)
FNF:2
FNH:1
FNDA:1,(anonymous_13)
FNDA:0,(anonymous_15)
DA:1,1
DA:2,1
DA:4,1
DA:6,1
DA:7,1
DA:9,0
DA:18,0
DA:20,0
DA:21,0
DA:24,1
LF:10
LH:6
BRF:0
BRH:0
end_of_record
TN:
SF:src/app/services/Tariff/UpdatePrices.ts
FN:6,(anonymous_13)
FN:7,(anonymous_15)
FNF:2
FNH:2
FNDA:2,(anonymous_13)
FNDA:1,(anonymous_15)
DA:1,1
DA:2,1
DA:4,1
DA:6,1
DA:7,1
DA:9,1
DA:19,1
DA:20,0
DA:23,1
DA:24,1
DA:25,1
DA:28,2
DA:29,2
DA:34,1
DA:35,1
DA:36,1
DA:37,1
DA:38,1
DA:39,1
DA:43,0
DA:46,2
DA:47,1
DA:49,0
DA:50,0
DA:53,1
LF:25
LH:21
BRDA:19,0,0,0
BRDA:38,1,0,1
BRDA:38,1,1,0
BRDA:38,2,0,1
BRDA:38,2,1,1
BRF:5
BRH:3
end_of_record
TN:
SF:src/app/services/Tariff/UpdateTariff.ts
FN:5,(anonymous_13)
FN:6,(anonymous_15)
FNF:2
FNH:1
FNDA:1,(anonymous_13)
FNDA:0,(anonymous_15)
DA:1,1
DA:2,1
DA:3,1
DA:5,1
DA:6,1
DA:11,0
DA:12,0
DA:13,0
DA:16,0
DA:17,0
DA:18,0
DA:20,0
DA:21,0
DA:24,1
LF:14
LH:6
BRDA:12,0,0,0
BRF:1
BRH:0
end_of_record
TN:
SF:src/app/services/client/CreateClient.ts
FN:4,(anonymous_13)
FN:5,(anonymous_15)
FNF:2
FNH:2
FNDA:2,(anonymous_13)
FNDA:1,(anonymous_15)
DA:1,1
DA:2,1
DA:4,1
DA:5,1
DA:7,1
DA:8,1
DA:9,2
DA:10,1
DA:12,0
DA:13,0
DA:16,1
LF:11
LH:9
BRF:0
BRH:0
end_of_record
TN:
SF:src/app/services/client/DeleteClient.ts
FN:7,(anonymous_13)
FN:8,(anonymous_15)
FN:20,(anonymous_18)
FN:20,(anonymous_19)
FNF:4
FNH:1
FNDA:1,(anonymous_13)
FNDA:0,(anonymous_15)
FNDA:0,(anonymous_18)
FNDA:0,(anonymous_19)
DA:1,1
DA:2,1
DA:3,1
DA:4,1
DA:5,1
DA:7,1
DA:8,1
DA:10,0
DA:15,0
DA:16,0
DA:19,0
DA:20,0
DA:21,0
DA:25,0
DA:26,0
DA:28,0
DA:29,0
DA:32,1
LF:18
LH:8
BRDA:15,0,0,0
BRDA:21,1,0,0
BRF:2
BRH:0
end_of_record
TN:
SF:src/app/services/client/GetClientById.ts
FN:5,(anonymous_13)
FN:6,(anonymous_15)
FNF:2
FNH:1
FNDA:1,(anonymous_13)
FNDA:0,(anonymous_15)
DA:1,1
DA:2,1
DA:3,1
DA:5,1
DA:6,1
DA:8,0
DA:12,0
DA:14,0
DA:15,0
DA:18,1
LF:10
LH:6
BRF:0
BRH:0
end_of_record
TN:
SF:src/app/services/client/GetClients.ts
FN:6,(anonymous_13)
FN:7,(anonymous_15)
FNF:2
FNH:2
FNDA:2,(anonymous_13)
FNDA:1,(anonymous_15)
DA:1,1
DA:2,1
DA:4,1
DA:6,1
DA:7,1
DA:9,1
DA:14,1
DA:16,0
DA:17,0
DA:20,1
LF:10
LH:8
BRF:0
BRH:0
end_of_record
TN:
SF:src/app/services/client/UpdateClient.ts
FN:5,(anonymous_13)
FN:6,(anonymous_15)
FNF:2
FNH:1
FNDA:1,(anonymous_13)
FNDA:0,(anonymous_15)
DA:1,1
DA:2,1
DA:3,1
DA:5,1
DA:6,1
DA:11,0
DA:12,0
DA:13,0
DA:16,0
DA:17,0
DA:18,0
DA:20,0
DA:21,0
DA:24,1
LF:14
LH:6
BRDA:12,0,0,0
BRF:1
BRH:0
end_of_record
TN:
SF:src/app/services/contact/CreateContact.ts
FN:5,(anonymous_13)
FN:6,(anonymous_15)
FNF:2
FNH:2
FNDA:2,(anonymous_13)
FNDA:1,(anonymous_15)
DA:1,1
DA:2,1
DA:3,1
DA:5,1
DA:6,1
DA:12,1
DA:16,1
DA:17,0
DA:20,1
DA:21,1
DA:22,2
DA:24,1
DA:26,0
DA:27,0
DA:30,1
LF:15
LH:12
BRDA:16,0,0,0
BRF:1
BRH:0
end_of_record
TN:
SF:src/app/services/contact/DeleteContact.ts
FN:5,(anonymous_13)
FN:6,(anonymous_15)
FNF:2
FNH:1
FNDA:1,(anonymous_13)
FNDA:0,(anonymous_15)
DA:1,1
DA:2,1
DA:3,1
DA:5,1
DA:6,1
DA:8,0
DA:10,0
DA:11,0
DA:14,0
DA:15,0
DA:17,0
DA:18,0
DA:21,1
LF:13
LH:6
BRDA:10,0,0,0
BRF:1
BRH:0
end_of_record
TN:
SF:src/app/services/contact/GetContactById.ts
FN:5,(anonymous_13)
FN:6,(anonymous_15)
FNF:2
FNH:1
FNDA:1,(anonymous_13)
FNDA:0,(anonymous_15)
DA:1,1
DA:2,1
DA:3,1
DA:5,1
DA:6,1
DA:8,0
DA:9,0
DA:11,0
DA:12,0
DA:15,1
LF:10
LH:6
BRF:0
BRH:0
end_of_record
TN:
SF:src/app/services/contact/GetContacts.ts
FN:6,(anonymous_13)
FN:7,(anonymous_15)
FNF:2
FNH:1
FNDA:1,(anonymous_13)
FNDA:0,(anonymous_15)
DA:1,1
DA:2,1
DA:4,1
DA:6,1
DA:7,1
DA:9,0
DA:14,0
DA:16,0
DA:17,0
DA:20,1
LF:10
LH:6
BRF:0
BRH:0
end_of_record
TN:
SF:src/app/services/contact/UpdateContact.ts
FN:5,(anonymous_13)
FN:6,(anonymous_15)
FNF:2
FNH:1
FNDA:1,(anonymous_13)
FNDA:0,(anonymous_15)
DA:1,1
DA:2,1
DA:3,1
DA:5,1
DA:6,1
DA:11,0
DA:12,0
DA:13,0
DA:16,0
DA:17,0
DA:18,0
DA:20,0
DA:21,0
DA:24,1
LF:14
LH:6
BRDA:12,0,0,0
BRF:1
BRH:0
end_of_record
TN:
SF:src/app/services/deduction/CreateDeduction.ts
FN:6,(anonymous_13)
FN:7,(anonymous_15)
FNF:2
FNH:2
FNDA:2,(anonymous_13)
FNDA:1,(anonymous_15)
DA:1,1
DA:2,1
DA:3,1
DA:4,1
DA:6,1
DA:7,1
DA:15,1
DA:19,1
DA:23,1
DA:24,0
DA:27,1
DA:28,0
DA:31,1
DA:33,1
DA:34,1
DA:36,2
DA:37,1
DA:39,0
DA:40,0
DA:43,1
LF:20
LH:16
BRDA:23,0,0,0
BRDA:27,1,0,0
BRF:2
BRH:0
end_of_record
TN:
SF:src/app/services/deduction/DeleteDeduction.ts
FN:10,(anonymous_13)
FN:11,(anonymous_15)
FN:31,(anonymous_18)
FN:44,(anonymous_19)
FNF:4
FNH:1
FNDA:1,(anonymous_13)
FNDA:0,(anonymous_15)
FNDA:0,(anonymous_18)
FNDA:0,(anonymous_19)
DA:1,1
DA:2,1
DA:3,1
DA:4,1
DA:6,1
DA:7,1
DA:8,1
DA:10,1
DA:11,1
DA:13,0
DA:18,0
DA:19,0
DA:23,0
DA:28,0
DA:30,0
DA:31,0
DA:33,0
DA:37,0
DA:42,0
DA:44,0
DA:45,0
DA:48,0
DA:49,0
DA:51,0
DA:52,0
DA:55,1
LF:26
LH:10
BRDA:37,0,0,0
BRDA:37,0,1,0
BRDA:18,1,0,0
BRDA:28,2,0,0
BRDA:42,3,0,0
BRF:5
BRH:0
end_of_record
TN:
SF:src/app/services/deduction/GetDeductionById.ts
FN:5,(anonymous_13)
FN:6,(anonymous_15)
FNF:2
FNH:1
FNDA:1,(anonymous_13)
FNDA:0,(anonymous_15)
DA:1,1
DA:2,1
DA:3,1
DA:5,1
DA:6,1
DA:8,0
DA:12,0
DA:14,0
DA:15,0
DA:18,1
LF:10
LH:6
BRF:0
BRH:0
end_of_record
TN:
SF:src/app/services/deduction/GetDeductions.ts
FN:6,(anonymous_13)
FN:7,(anonymous_15)
FNF:2
FNH:1
FNDA:1,(anonymous_13)
FNDA:0,(anonymous_15)
DA:1,1
DA:2,1
DA:4,1
DA:6,1
DA:7,1
DA:9,0
DA:12,0
DA:14,0
DA:15,0
DA:18,1
LF:10
LH:6
BRF:0
BRH:0
end_of_record
TN:
SF:src/app/services/deduction/UpdateDeduction.ts
FN:5,(anonymous_13)
FN:6,(anonymous_15)
FNF:2
FNH:1
FNDA:1,(anonymous_13)
FNDA:0,(anonymous_15)
DA:1,1
DA:2,1
DA:3,1
DA:5,1
DA:6,1
DA:11,0
DA:12,0
DA:13,0
DA:16,0
DA:17,0
DA:18,0
DA:20,0
DA:21,0
DA:24,1
LF:14
LH:6
BRDA:12,0,0,0
BRF:1
BRH:0
end_of_record
TN:
SF:src/app/services/profile/CreateProfile.ts
FN:6,(anonymous_13)
FN:7,(anonymous_15)
FNF:2
FNH:2
FNDA:3,(anonymous_13)
FNDA:2,(anonymous_15)
DA:1,1
DA:2,1
DA:3,1
DA:6,1
DA:7,1
DA:14,2
DA:18,2
DA:19,0
DA:22,2
DA:23,2
DA:25,4
DA:26,2
DA:28,0
DA:29,0
DA:32,1
LF:15
LH:12
BRDA:18,0,0,0
BRF:1
BRH:0
end_of_record
TN:
SF:src/app/services/profile/DeleteProfile.ts
FN:5,(anonymous_13)
FN:6,(anonymous_15)
FNF:2
FNH:1
FNDA:1,(anonymous_13)
FNDA:0,(anonymous_15)
DA:1,1
DA:2,1
DA:3,1
DA:5,1
DA:6,1
DA:8,0
DA:10,0
DA:11,0
DA:14,0
DA:15,0
DA:17,0
DA:18,0
DA:21,1
LF:13
LH:6
BRDA:10,0,0,0
BRF:1
BRH:0
end_of_record
TN:
SF:src/app/services/profile/GetProfileById.ts
FN:5,(anonymous_13)
FN:6,(anonymous_15)
FNF:2
FNH:1
FNDA:1,(anonymous_13)
FNDA:0,(anonymous_15)
DA:1,1
DA:2,1
DA:3,1
DA:5,1
DA:6,1
DA:8,0
DA:13,0
DA:15,0
DA:16,0
DA:19,1
LF:10
LH:6
BRF:0
BRH:0
end_of_record
TN:
SF:src/app/services/profile/GetProfiles.ts
FN:6,(anonymous_13)
FN:7,(anonymous_15)
FNF:2
FNH:1
FNDA:1,(anonymous_13)
FNDA:0,(anonymous_15)
DA:1,1
DA:2,1
DA:4,1
DA:6,1
DA:7,1
DA:9,0
DA:12,0
DA:14,0
DA:15,0
DA:18,1
LF:10
LH:6
BRF:0
BRH:0
end_of_record
TN:
SF:src/app/services/profile/UpdateProfile.ts
FN:5,(anonymous_13)
FN:6,(anonymous_15)
FNF:2
FNH:1
FNDA:1,(anonymous_13)
FNDA:0,(anonymous_15)
DA:1,1
DA:2,1
DA:3,1
DA:5,1
DA:6,1
DA:11,0
DA:12,0
DA:13,0
DA:16,0
DA:17,0
DA:18,0
DA:20,0
DA:21,0
DA:24,1
LF:14
LH:6
BRDA:12,0,0,0
BRF:1
BRH:0
end_of_record
TN:
SF:src/app/services/quote/AsignedTarrifToQuote.ts
FN:5,(anonymous_13)
FN:6,(anonymous_15)
FNF:2
FNH:2
FNDA:2,(anonymous_13)
FNDA:1,(anonymous_15)
DA:1,1
DA:2,1
DA:3,1
DA:5,1
DA:6,1
DA:8,1
DA:12,1
DA:13,0
DA:16,1
DA:20,1
DA:21,0
DA:24,1
DA:25,2
DA:26,1
DA:28,0
DA:29,0
DA:32,1
LF:17
LH:13
BRDA:12,0,0,0
BRDA:20,1,0,0
BRF:2
BRH:0
end_of_record
TN:
SF:src/app/services/quote/CreateQuote.ts
FN:8,(anonymous_13)
FN:9,(anonymous_15)
FNF:2
FNH:2
FNDA:2,(anonymous_13)
FNDA:1,(anonymous_15)
DA:1,1
DA:2,1
DA:3,1
DA:4,1
DA:5,1
DA:6,1
DA:8,1
DA:9,1
DA:19,1
DA:20,1
DA:21,1
DA:22,1
DA:23,1
DA:28,1
DA:32,1
DA:33,0
DA:36,1
DA:40,1
DA:41,0
DA:44,1
DA:53,1
DA:57,1
DA:58,1
DA:61,1
DA:62,2
DA:63,1
DA:65,0
DA:66,0
DA:69,1
LF:29
LH:25
BRDA:21,0,0,1
BRDA:32,1,0,0
BRDA:40,2,0,0
BRDA:57,3,0,1
BRF:4
BRH:2
end_of_record
TN:
SF:src/app/services/quote/DeleteQuote.ts
FN:11,(anonymous_13)
FN:12,(anonymous_15)
FNF:2
FNH:1
FNDA:1,(anonymous_13)
FNDA:0,(anonymous_15)
DA:1,1
DA:2,1
DA:3,1
DA:5,1
DA:7,1
DA:8,1
DA:9,1
DA:11,1
DA:12,1
DA:14,0
DA:19,0
DA:20,0
DA:23,0
DA:24,0
DA:27,0
DA:28,0
DA:30,0
DA:31,0
DA:34,1
LF:19
LH:10
BRDA:27,0,0,0
BRDA:19,1,0,0
BRDA:23,2,0,0
BRF:3
BRH:0
end_of_record
TN:
SF:src/app/services/quote/GetQuoteById.ts
FN:5,(anonymous_13)
FN:6,(anonymous_15)
FNF:2
FNH:2
FNDA:2,(anonymous_13)
FNDA:1,(anonymous_15)
DA:1,1
DA:2,1
DA:3,1
DA:5,1
DA:6,1
DA:8,1
DA:12,1
DA:14,0
DA:15,0
DA:18,1
LF:10
LH:8
BRF:0
BRH:0
end_of_record
TN:
SF:src/app/services/quote/GetQuoteByUserId.ts
FN:5,(anonymous_13)
FN:6,(anonymous_15)
FNF:2
FNH:2
FNDA:2,(anonymous_13)
FNDA:1,(anonymous_15)
DA:1,1
DA:2,1
DA:3,1
DA:5,1
DA:6,1
DA:8,1
DA:12,1
DA:14,0
DA:15,0
DA:18,1
LF:10
LH:8
BRF:0
BRH:0
end_of_record
TN:
SF:src/app/services/quote/GetQuotes.ts
FN:5,(anonymous_13)
FN:6,(anonymous_15)
FNF:2
FNH:2
FNDA:2,(anonymous_13)
FNDA:1,(anonymous_15)
DA:1,1
DA:2,1
DA:3,1
DA:5,1
DA:6,1
DA:8,1
DA:12,1
DA:14,0
DA:15,0
DA:18,1
LF:10
LH:8
BRF:0
BRH:0
end_of_record
TN:
SF:src/app/services/quote/GetQuotesByDaysToExpire.ts
FN:5,(anonymous_13)
FN:6,(anonymous_15)
FNF:2
FNH:2
FNDA:2,(anonymous_13)
FNDA:1,(anonymous_15)
DA:1,1
DA:2,1
DA:3,1
DA:5,1
DA:6,1
DA:9,1
DA:12,1
DA:13,1
DA:15,1
DA:23,1
DA:25,0
DA:26,0
DA:29,1
LF:13
LH:11
BRF:0
BRH:0
end_of_record
TN:
SF:src/app/services/quote/GetQuotesFilter.ts
FN:7,(anonymous_13)
FN:8,(anonymous_15)
FNF:2
FNH:2
FNDA:2,(anonymous_13)
FNDA:1,(anonymous_15)
DA:1,1
DA:2,1
DA:5,1
DA:7,1
DA:8,1
DA:16,1
DA:17,1
DA:19,1
DA:21,1
DA:22,1
DA:27,1
DA:28,0
DA:33,1
DA:34,1
DA:36,0
DA:37,0
DA:40,1
LF:17
LH:14
BRDA:21,0,0,1
BRDA:27,1,0,0
BRF:2
BRH:1
end_of_record
TN:
SF:src/app/services/quote/UpdateQuote.ts
FN:5,(anonymous_13)
FN:6,(anonymous_15)
FNF:2
FNH:1
FNDA:1,(anonymous_13)
FNDA:0,(anonymous_15)
DA:1,1
DA:2,1
DA:3,1
DA:5,1
DA:6,1
DA:11,0
DA:12,0
DA:13,0
DA:16,0
DA:17,0
DA:18,0
DA:20,0
DA:21,0
DA:24,1
LF:14
LH:6
BRDA:12,0,0,0
BRF:1
BRH:0
end_of_record
TN:
SF:src/app/services/service/CreateService.ts
FN:5,(anonymous_13)
FN:6,(anonymous_15)
FNF:2
FNH:2
FNDA:2,(anonymous_13)
FNDA:1,(anonymous_15)
DA:1,1
DA:2,1
DA:5,1
DA:6,1
DA:8,1
DA:9,2
DA:10,1
DA:12,0
DA:13,0
DA:16,1
LF:10
LH:8
BRF:0
BRH:0
end_of_record
TN:
SF:src/app/services/service/DeleteService.ts
FN:5,(anonymous_13)
FN:6,(anonymous_15)
FNF:2
FNH:1
FNDA:1,(anonymous_13)
FNDA:0,(anonymous_15)
DA:1,1
DA:2,1
DA:3,1
DA:5,1
DA:6,1
DA:8,0
DA:10,0
DA:11,0
DA:14,0
DA:15,0
DA:17,0
DA:18,0
DA:21,1
LF:13
LH:6
BRDA:10,0,0,0
BRF:1
BRH:0
end_of_record
TN:
SF:src/app/services/service/GetServiceById.ts
FN:5,(anonymous_13)
FN:6,(anonymous_15)
FNF:2
FNH:1
FNDA:1,(anonymous_13)
FNDA:0,(anonymous_15)
DA:1,1
DA:2,1
DA:3,1
DA:5,1
DA:6,1
DA:8,0
DA:9,0
DA:11,0
DA:12,0
DA:15,1
LF:10
LH:6
BRF:0
BRH:0
end_of_record
TN:
SF:src/app/services/service/GetServices.ts
FN:6,(anonymous_13)
FN:7,(anonymous_15)
FNF:2
FNH:2
FNDA:2,(anonymous_13)
FNDA:1,(anonymous_15)
DA:1,1
DA:2,1
DA:4,1
DA:6,1
DA:7,1
DA:9,1
DA:10,1
DA:12,0
DA:13,0
DA:16,1
LF:10
LH:8
BRF:0
BRH:0
end_of_record
TN:
SF:src/app/services/service/UpdateService.ts
FN:5,(anonymous_13)
FN:6,(anonymous_15)
FNF:2
FNH:1
FNDA:1,(anonymous_13)
FNDA:0,(anonymous_15)
DA:1,1
DA:2,1
DA:3,1
DA:5,1
DA:6,1
DA:11,0
DA:12,0
DA:13,0
DA:16,0
DA:17,0
DA:18,0
DA:20,0
DA:21,0
DA:24,1
LF:14
LH:6
BRDA:12,0,0,0
BRF:1
BRH:0
end_of_record
TN:
SF:src/app/services/tecnology/CreateTecnology.ts
FN:5,(anonymous_13)
FN:6,(anonymous_15)
FNF:2
FNH:2
FNDA:2,(anonymous_13)
FNDA:1,(anonymous_15)
DA:1,1
DA:2,1
DA:3,1
DA:5,1
DA:6,1
DA:12,1
DA:15,1
DA:16,0
DA:19,1
DA:20,1
DA:21,2
DA:22,1
DA:24,0
DA:25,0
DA:28,1
LF:15
LH:12
BRDA:15,0,0,0
BRF:1
BRH:0
end_of_record
TN:
SF:src/app/services/tecnology/DeleteTecnology.ts
FN:5,(anonymous_13)
FN:6,(anonymous_15)
FNF:2
FNH:1
FNDA:1,(anonymous_13)
FNDA:0,(anonymous_15)
DA:1,1
DA:2,1
DA:3,1
DA:5,1
DA:6,1
DA:8,0
DA:12,0
DA:13,0
DA:16,0
DA:17,0
DA:19,0
DA:20,0
DA:23,1
LF:13
LH:6
BRDA:12,0,0,0
BRF:1
BRH:0
end_of_record
TN:
SF:src/app/services/tecnology/GetTecnologies.ts
FN:6,(anonymous_13)
FN:7,(anonymous_15)
FNF:2
FNH:1
FNDA:1,(anonymous_13)
FNDA:0,(anonymous_15)
DA:1,1
DA:2,1
DA:4,1
DA:6,1
DA:7,1
DA:9,0
DA:14,0
DA:16,0
DA:17,0
DA:20,1
LF:10
LH:6
BRF:0
BRH:0
end_of_record
TN:
SF:src/app/services/tecnology/GetTecnologyById.ts
FN:5,(anonymous_13)
FN:6,(anonymous_15)
FNF:2
FNH:1
FNDA:1,(anonymous_13)
FNDA:0,(anonymous_15)
DA:1,1
DA:2,1
DA:3,1
DA:5,1
DA:6,1
DA:8,0
DA:12,0
DA:14,0
DA:15,0
DA:18,1
LF:10
LH:6
BRF:0
BRH:0
end_of_record
TN:
SF:src/app/services/tecnology/UpdateTecnology.ts
FN:5,(anonymous_13)
FN:6,(anonymous_15)
FNF:2
FNH:1
FNDA:1,(anonymous_13)
FNDA:0,(anonymous_15)
DA:1,1
DA:2,1
DA:3,1
DA:5,1
DA:6,1
DA:11,0
DA:12,0
DA:13,0
DA:16,0
DA:17,0
DA:18,0
DA:20,0
DA:21,0
DA:24,1
LF:14
LH:6
BRDA:12,0,0,0
BRF:1
BRH:0
end_of_record
TN:
SF:src/app/services/user/CreateUser.ts
FN:4,(anonymous_13)
FN:5,(anonymous_15)
FNF:2
FNH:2
FNDA:2,(anonymous_13)
FNDA:1,(anonymous_15)
DA:1,1
DA:2,1
DA:4,1
DA:5,1
DA:11,1
DA:12,1
DA:13,1
DA:14,2
DA:15,1
DA:17,0
DA:18,0
DA:21,1
LF:12
LH:10
BRF:0
BRH:0
end_of_record
TN:
SF:src/app/services/user/DeleteUser.ts
FN:7,(anonymous_13)
FN:8,(anonymous_15)
FN:22,(anonymous_18)
FN:22,(anonymous_19)
FNF:4
FNH:1
FNDA:1,(anonymous_13)
FNDA:0,(anonymous_15)
FNDA:0,(anonymous_18)
FNDA:0,(anonymous_19)
DA:1,1
DA:2,1
DA:3,1
DA:4,1
DA:5,1
DA:7,1
DA:8,1
DA:11,0
DA:16,0
DA:17,0
DA:21,0
DA:22,0
DA:23,0
DA:27,0
DA:28,0
DA:30,0
DA:31,0
DA:34,1
LF:18
LH:8
BRDA:16,0,0,0
BRDA:23,1,0,0
BRF:2
BRH:0
end_of_record
TN:
SF:src/app/services/user/GetUserByEmail.ts
FN:6,(anonymous_13)
FN:7,(anonymous_15)
FNF:2
FNH:1
FNDA:1,(anonymous_13)
FNDA:0,(anonymous_15)
DA:2,1
DA:3,1
DA:4,1
DA:6,1
DA:7,1
DA:9,0
DA:12,0
DA:14,0
DA:15,0
DA:18,1
LF:10
LH:6
BRF:0
BRH:0
end_of_record
TN:
SF:src/app/services/user/GetUserById.ts
FN:6,(anonymous_13)
FN:7,(anonymous_15)
FNF:2
FNH:2
FNDA:2,(anonymous_13)
FNDA:1,(anonymous_15)
DA:2,1
DA:3,1
DA:4,1
DA:6,1
DA:7,1
DA:9,1
DA:13,1
DA:15,0
DA:16,0
DA:19,1
LF:10
LH:8
BRF:0
BRH:0
end_of_record
TN:
SF:src/app/services/user/GetUsers.ts
FN:7,(anonymous_13)
FN:8,(anonymous_15)
FNF:2
FNH:1
FNDA:1,(anonymous_13)
FNDA:0,(anonymous_15)
DA:2,1
DA:3,1
DA:5,1
DA:7,1
DA:8,1
DA:10,0
DA:15,0
DA:17,0
DA:18,0
DA:21,1
LF:10
LH:6
BRF:0
BRH:0
end_of_record
TN:
SF:src/app/services/user/UpdateUser.ts
FN:6,(anonymous_13)
FN:7,(anonymous_15)
FNF:2
FNH:1
FNDA:1,(anonymous_13)
FNDA:0,(anonymous_15)
DA:2,1
DA:3,1
DA:4,1
DA:6,1
DA:7,1
DA:12,0
DA:13,0
DA:14,0
DA:17,0
DA:18,0
DA:19,0
DA:21,0
DA:22,0
DA:25,1
LF:14
LH:6
BRDA:13,0,0,0
BRF:1
BRH:0
end_of_record
TN:
SF:src/domain/Client.ts
FN:3,(anonymous_0)
FN:6,Client
FNF:2
FNH:2
FNDA:1,(anonymous_0)
FNDA:33,Client
DA:3,1
DA:7,33
DA:8,33
DA:10,1
DA:12,1
LF:5
LH:5
BRF:0
BRH:0
end_of_record
TN:
SF:src/domain/Contact.ts
FN:4,(anonymous_0)
FN:8,Contact
FNF:2
FNH:2
FNDA:1,(anonymous_0)
FNDA:32,Contact
DA:4,1
DA:9,32
DA:10,32
DA:12,1
DA:14,1
LF:5
LH:5
BRF:0
BRH:0
end_of_record
TN:
SF:src/domain/Deduction.ts
FN:5,(anonymous_0)
FN:9,Deduction
FNF:2
FNH:2
FNDA:1,(anonymous_0)
FNDA:21,Deduction
DA:5,1
DA:10,21
DA:11,21
DA:13,1
DA:15,1
LF:5
LH:5
BRF:0
BRH:0
end_of_record
TN:
SF:src/domain/Profile.ts
FN:3,(anonymous_0)
FN:6,Profile
FNF:2
FNH:2
FNDA:1,(anonymous_0)
FNDA:33,Profile
DA:3,1
DA:7,33
DA:8,33
DA:9,33
DA:11,1
DA:13,1
LF:6
LH:6
BRF:0
BRH:0
end_of_record
TN:
SF:src/domain/Quote.ts
FN:7,(anonymous_0)
FN:15,Quote
FNF:2
FNH:2
FNDA:1,(anonymous_0)
FNDA:18,Quote
DA:7,1
DA:16,18
DA:17,18
DA:18,18
DA:19,18
DA:20,18
DA:21,18
DA:22,18
DA:24,1
DA:26,1
LF:10
LH:10
BRF:0
BRH:0
end_of_record
TN:
SF:src/domain/Service.ts
FN:3,(anonymous_0)
FN:7,Service
FNF:2
FNH:2
FNDA:1,(anonymous_0)
FNDA:37,Service
DA:3,1
DA:7,37
DA:8,1
DA:10,1
LF:4
LH:4
BRF:0
BRH:0
end_of_record
TN:
SF:src/domain/Tariff.ts
FN:6,(anonymous_0)
FN:13,Tariff
FNF:2
FNH:2
FNDA:1,(anonymous_0)
FNDA:23,Tariff
DA:6,1
DA:14,23
DA:15,23
DA:16,23
DA:17,23
DA:18,23
DA:19,23
DA:21,1
DA:23,1
LF:9
LH:9
BRF:0
BRH:0
end_of_record
TN:
SF:src/domain/Tecnology.ts
FN:3,(anonymous_0)
FN:6,Tecnology
FNF:2
FNH:2
FNDA:1,(anonymous_0)
FNDA:20,Tecnology
DA:3,1
DA:7,20
DA:8,20
DA:10,1
DA:12,1
LF:5
LH:5
BRF:0
BRH:0
end_of_record
TN:
SF:src/domain/User.ts
FN:5,(anonymous_0)
FN:10,User
FNF:2
FNH:2
FNDA:1,(anonymous_0)
FNDA:18,User
DA:5,1
DA:11,18
DA:12,18
DA:13,18
DA:15,1
DA:17,1
LF:6
LH:6
BRF:0
BRH:0
end_of_record
TN:
SF:src/infrastructure/database/client.ts
FN:15,(anonymous_8)
FN:25,(anonymous_10)
FN:25,(anonymous_11)
FN:28,(anonymous_12)
FN:28,(anonymous_13)
FNF:5
FNH:5
FNDA:34,(anonymous_8)
FNDA:1,(anonymous_10)
FNDA:1,(anonymous_11)
FNDA:1,(anonymous_12)
FNDA:1,(anonymous_13)
DA:1,1
DA:2,1
DA:3,1
DA:4,1
DA:15,1
DA:17,1
DA:20,1
DA:23,1
DA:25,1
DA:26,1
DA:28,1
DA:29,1
DA:30,1
LF:13
LH:13
BRF:0
BRH:0
end_of_record
TN:
SF:src/infrastructure/database/contact.ts
FN:15,(anonymous_8)
FN:25,(anonymous_10)
FN:25,(anonymous_11)
FN:29,(anonymous_12)
FN:29,(anonymous_13)
FNF:5
FNH:5
FNDA:33,(anonymous_8)
FNDA:1,(anonymous_10)
FNDA:1,(anonymous_11)
FNDA:1,(anonymous_12)
FNDA:1,(anonymous_13)
DA:1,1
DA:2,1
DA:3,1
DA:12,1
DA:15,1
DA:17,1
DA:20,1
DA:23,1
DA:25,1
DA:27,1
DA:29,1
DA:30,1
DA:31,1
LF:13
LH:13
BRF:0
BRH:0
end_of_record
TN:
SF:src/infrastructure/database/data-source.ts
FNF:0
FNH:0
DA:1,1
DA:2,1
DA:4,1
DA:7,1
DA:8,1
DA:9,1
DA:10,1
DA:11,1
DA:12,1
DA:13,1
DA:14,1
DA:15,1
DA:17,1
DA:19,1
DA:21,1
DA:47,1
LF:16
LH:16
BRF:0
BRH:0
end_of_record
TN:
SF:src/infrastructure/database/deduction.ts
FN:13,(anonymous_8)
FN:24,(anonymous_10)
FN:24,(anonymous_11)
FN:29,(anonymous_12)
FN:29,(anonymous_13)
FNF:5
FNH:5
FNDA:22,(anonymous_8)
FNDA:1,(anonymous_10)
FNDA:1,(anonymous_11)
FNDA:1,(anonymous_12)
FNDA:1,(anonymous_13)
DA:1,1
DA:8,1
DA:9,1
DA:10,1
DA:13,1
DA:15,1
DA:18,1
DA:21,1
DA:24,1
DA:26,1
DA:29,1
DA:31,1
DA:32,1
LF:13
LH:13
BRF:0
BRH:0
end_of_record
TN:
SF:src/infrastructure/database/profile.ts
FN:16,(anonymous_8)
FN:29,(anonymous_10)
FN:29,(anonymous_11)
FNF:3
FNH:3
FNDA:34,(anonymous_8)
FNDA:1,(anonymous_10)
FNDA:1,(anonymous_11)
DA:1,1
DA:12,1
DA:13,1
DA:16,1
DA:18,1
DA:21,1
DA:24,1
DA:27,1
DA:29,1
DA:31,1
DA:32,1
LF:11
LH:11
BRF:0
BRH:0
end_of_record
TN:
SF:src/infrastructure/database/quote.ts
FN:19,(anonymous_8)
FN:39,(anonymous_10)
FN:39,(anonymous_11)
FN:45,(anonymous_12)
FN:45,(anonymous_13)
FN:51,(anonymous_14)
FN:51,(anonymous_15)
FN:57,(anonymous_16)
FN:57,(anonymous_17)
FNF:9
FNH:9
FNDA:19,(anonymous_8)
FNDA:1,(anonymous_10)
FNDA:1,(anonymous_11)
FNDA:1,(anonymous_12)
FNDA:1,(anonymous_13)
FNDA:1,(anonymous_14)
FNDA:1,(anonymous_15)
FNDA:1,(anonymous_16)
FNDA:1,(anonymous_17)
DA:1,1
DA:12,1
DA:13,1
DA:14,1
DA:15,1
DA:16,1
DA:19,1
DA:21,1
DA:24,1
DA:27,1
DA:30,1
DA:33,1
DA:36,1
DA:39,1
DA:43,1
DA:45,1
DA:49,1
DA:51,1
DA:55,1
DA:57,1
DA:61,1
DA:62,1
LF:22
LH:22
BRF:0
BRH:0
end_of_record
TN:
SF:src/infrastructure/database/service.ts
FN:14,(anonymous_8)
FN:21,(anonymous_10)
FN:21,(anonymous_11)
FNF:3
FNH:3
FNDA:38,(anonymous_8)
FNDA:1,(anonymous_10)
FNDA:1,(anonymous_11)
DA:1,1
DA:10,1
DA:11,1
DA:14,1
DA:16,1
DA:19,1
DA:21,1
DA:23,1
DA:24,1
LF:9
LH:9
BRF:0
BRH:0
end_of_record
TN:
SF:src/infrastructure/database/tariff.ts
FN:19,(anonymous_8)
FN:42,(anonymous_10)
FN:42,(anonymous_11)
FN:47,(anonymous_12)
FN:47,(anonymous_13)
FN:50,(anonymous_14)
FN:50,(anonymous_15)
FN:55,(anonymous_16)
FN:55,(anonymous_17)
FN:61,(anonymous_18)
FN:61,(anonymous_19)
FNF:11
FNH:11
FNDA:24,(anonymous_8)
FNDA:1,(anonymous_10)
FNDA:1,(anonymous_11)
FNDA:1,(anonymous_12)
FNDA:1,(anonymous_13)
FNDA:1,(anonymous_14)
FNDA:1,(anonymous_15)
FNDA:1,(anonymous_16)
FNDA:1,(anonymous_17)
FNDA:1,(anonymous_18)
FNDA:1,(anonymous_19)
DA:1,1
DA:11,1
DA:12,1
DA:13,1
DA:14,1
DA:15,1
DA:16,1
DA:19,1
DA:21,1
DA:24,1
DA:27,1
DA:30,1
DA:33,1
DA:36,1
DA:39,1
DA:42,1
DA:45,1
DA:47,1
DA:48,1
DA:50,1
DA:53,1
DA:55,1
DA:59,1
DA:61,1
DA:64,1
DA:65,1
LF:26
LH:26
BRF:0
BRH:0
end_of_record
TN:
SF:src/infrastructure/database/tecnology.ts
FN:12,(anonymous_8)
FN:22,(anonymous_10)
FN:22,(anonymous_11)
FNF:3
FNH:3
FNDA:21,(anonymous_8)
FNDA:1,(anonymous_10)
FNDA:1,(anonymous_11)
DA:1,1
DA:8,1
DA:9,1
DA:12,1
DA:14,1
DA:17,1
DA:20,1
DA:22,1
DA:24,1
DA:25,1
LF:10
LH:10
BRF:0
BRH:0
end_of_record
TN:
SF:src/infrastructure/database/user.ts
FN:13,(anonymous_8)
FN:27,(anonymous_10)
FN:27,(anonymous_11)
FN:30,(anonymous_12)
FN:30,(anonymous_13)
FNF:5
FNH:5
FNDA:19,(anonymous_8)
FNDA:1,(anonymous_10)
FNDA:1,(anonymous_11)
FNDA:1,(anonymous_12)
FNDA:1,(anonymous_13)
DA:1,1
DA:8,1
DA:9,1
DA:10,1
DA:13,1
DA:15,1
DA:18,1
DA:21,1
DA:24,1
DA:27,1
DA:28,1
DA:30,1
DA:31,1
DA:32,1
LF:14
LH:14
BRF:0
BRH:0
end_of_record
TN:
SF:src/infrastructure/database/migrations/1694484917682-CreateUser.ts
FN:3,(anonymous_13)
FN:4,(anonymous_15)
FN:29,(anonymous_18)
FNF:3
FNH:1
FNDA:2,(anonymous_13)
FNDA:0,(anonymous_15)
FNDA:0,(anonymous_18)
DA:1,1
DA:3,1
DA:4,1
DA:5,0
DA:29,1
DA:30,0
DA:32,1
LF:7
LH:5
BRDA:5,0,0,0
BRDA:30,1,0,0
BRF:2
BRH:0
end_of_record
TN:
SF:src/infrastructure/database/migrations/1694797758062-CreateService.ts
FN:3,(anonymous_13)
FN:4,(anonymous_15)
FN:25,(anonymous_18)
FNF:3
FNH:1
FNDA:2,(anonymous_13)
FNDA:0,(anonymous_15)
FNDA:0,(anonymous_18)
DA:1,1
DA:3,1
DA:4,1
DA:5,0
DA:25,1
DA:26,0
DA:28,1
LF:7
LH:5
BRDA:5,0,0,0
BRDA:26,1,0,0
BRF:2
BRH:0
end_of_record
TN:
SF:src/infrastructure/database/migrations/1694805396579-CreateProfile.ts
FN:3,(anonymous_13)
FN:4,(anonymous_15)
FN:37,(anonymous_18)
FNF:3
FNH:1
FNDA:2,(anonymous_13)
FNDA:0,(anonymous_15)
FNDA:0,(anonymous_18)
DA:1,1
DA:3,1
DA:4,1
DA:5,0
DA:37,1
DA:38,0
DA:40,1
LF:7
LH:5
BRDA:5,0,0,0
BRDA:38,1,0,0
BRF:2
BRH:0
end_of_record
TN:
SF:src/infrastructure/database/migrations/1694811104885-CreateClient.ts
FN:3,(anonymous_13)
FN:4,(anonymous_15)
FN:37,(anonymous_18)
FNF:3
FNH:1
FNDA:2,(anonymous_13)
FNDA:0,(anonymous_15)
FNDA:0,(anonymous_18)
DA:1,1
DA:3,1
DA:4,1
DA:5,0
DA:37,1
DA:38,0
DA:40,1
LF:7
LH:5
BRDA:5,0,0,0
BRDA:38,1,0,0
BRF:2
BRH:0
end_of_record
TN:
SF:src/infrastructure/database/migrations/1694982993035-CreateTecnology.ts
FN:3,(anonymous_13)
FN:4,(anonymous_15)
FN:25,(anonymous_18)
FNF:3
FNH:1
FNDA:2,(anonymous_13)
FNDA:0,(anonymous_15)
FNDA:0,(anonymous_18)
DA:1,1
DA:3,1
DA:4,1
DA:5,0
DA:25,1
DA:26,0
DA:28,1
LF:7
LH:5
BRDA:5,0,0,0
BRDA:26,1,0,0
BRF:2
BRH:0
end_of_record
TN:
SF:src/infrastructure/database/migrations/1694984980359-CreateDeduction.ts
FN:3,(anonymous_13)
FN:4,(anonymous_15)
FN:33,(anonymous_18)
FNF:3
FNH:1
FNDA:2,(anonymous_13)
FNDA:0,(anonymous_15)
FNDA:0,(anonymous_18)
DA:1,1
DA:3,1
DA:4,1
DA:5,0
DA:33,1
DA:34,0
DA:36,1
LF:7
LH:5
BRDA:5,0,0,0
BRDA:34,1,0,0
BRF:2
BRH:0
end_of_record
TN:
SF:src/infrastructure/database/migrations/1694988243660-CreateTariff.ts
FN:3,(anonymous_13)
FN:4,(anonymous_15)
FN:37,(anonymous_18)
FNF:3
FNH:1
FNDA:2,(anonymous_13)
FNDA:0,(anonymous_15)
FNDA:0,(anonymous_18)
DA:1,1
DA:3,1
DA:4,1
DA:5,0
DA:37,1
DA:38,0
DA:40,1
LF:7
LH:5
BRDA:5,0,0,0
BRDA:38,1,0,0
BRF:2
BRH:0
end_of_record
TN:
SF:src/infrastructure/database/migrations/1695049553774-AgregarDependenciaUserDeduction.ts
FN:8,(anonymous_13)
FN:11,(anonymous_15)
FN:34,(anonymous_18)
FNF:3
FNH:1
FNDA:2,(anonymous_13)
FNDA:0,(anonymous_15)
FNDA:0,(anonymous_18)
DA:1,1
DA:8,1
DA:11,1
DA:12,0
DA:14,0
DA:23,0
DA:34,1
DA:36,0
DA:37,0
DA:39,1
LF:10
LH:5
BRDA:12,0,0,0
BRF:1
BRH:0
end_of_record
TN:
SF:src/infrastructure/database/migrations/1695050173502-AgregarDependenciaDeductionUser.ts
FN:8,(anonymous_13)
FN:11,(anonymous_15)
FN:22,(anonymous_18)
FNF:3
FNH:1
FNDA:2,(anonymous_13)
FNDA:0,(anonymous_15)
FNDA:0,(anonymous_18)
DA:1,1
DA:8,1
DA:11,1
DA:12,0
DA:22,1
DA:24,0
DA:26,1
LF:7
LH:5
BRDA:12,0,0,0
BRF:1
BRH:0
end_of_record
TN:
SF:src/infrastructure/database/migrations/1695054283746-CorregirNombreDependenciaDeductions.ts
FN:8,(anonymous_13)
FN:11,(anonymous_15)
FN:37,(anonymous_18)
FNF:3
FNH:1
FNDA:2,(anonymous_13)
FNDA:0,(anonymous_15)
FNDA:0,(anonymous_18)
DA:1,1
DA:8,1
DA:11,1
DA:13,0
DA:16,0
DA:26,0
DA:37,1
DA:39,0
DA:40,0
DA:42,1
LF:10
LH:5
BRF:0
BRH:0
end_of_record
TN:
SF:src/infrastructure/database/migrations/1695072983979-AgregarDependenciaTariffDeduction.ts
FN:8,(anonymous_13)
FN:11,(anonymous_15)
FN:24,(anonymous_18)
FNF:3
FNH:1
FNDA:2,(anonymous_13)
FNDA:0,(anonymous_15)
FNDA:0,(anonymous_18)
DA:1,1
DA:8,1
DA:11,1
DA:12,0
DA:14,0
DA:24,1
DA:26,0
DA:28,1
LF:8
LH:5
BRDA:12,0,0,0
BRF:1
BRH:0
end_of_record
TN:
SF:src/infrastructure/database/migrations/1695072993982-AgregarDependenciaDeductionTariff.ts
FN:8,(anonymous_13)
FN:11,(anonymous_15)
FN:32,(anonymous_18)
FNF:3
FNH:1
FNDA:2,(anonymous_13)
FNDA:0,(anonymous_15)
FNDA:0,(anonymous_18)
DA:1,1
DA:8,1
DA:11,1
DA:12,0
DA:21,0
DA:32,1
DA:34,0
DA:35,0
DA:37,1
LF:9
LH:5
BRDA:12,0,0,0
BRF:1
BRH:0
end_of_record
TN:
SF:src/infrastructure/database/migrations/1695083799949-CreateQuote.ts
FN:9,(anonymous_13)
FN:10,(anonymous_15)
FN:66,(anonymous_18)
FNF:3
FNH:1
FNDA:2,(anonymous_13)
FNDA:0,(anonymous_15)
FNDA:0,(anonymous_18)
DA:1,1
DA:9,1
DA:10,1
DA:11,0
DA:55,0
DA:66,1
DA:67,0
DA:68,0
DA:70,1
LF:9
LH:5
BRDA:11,0,0,0
BRDA:67,1,0,0
BRF:2
BRH:0
end_of_record
TN:
SF:src/infrastructure/database/migrations/1695096883513-AgregarQouteAService.ts
FN:8,(anonymous_13)
FN:9,(anonymous_15)
FN:30,(anonymous_18)
FNF:3
FNH:1
FNDA:2,(anonymous_13)
FNDA:0,(anonymous_15)
FNDA:0,(anonymous_18)
DA:1,1
DA:8,1
DA:9,1
DA:10,0
DA:19,0
DA:30,1
DA:31,1
LF:7
LH:5
BRDA:10,0,0,0
BRF:1
BRH:0
end_of_record
TN:
SF:src/infrastructure/database/migrations/1695236828363-addUserIdColumnToQuotes.ts
FN:8,(anonymous_13)
FN:11,(anonymous_15)
FN:33,(anonymous_18)
FNF:3
FNH:1
FNDA:2,(anonymous_13)
FNDA:0,(anonymous_15)
FNDA:0,(anonymous_18)
DA:1,1
DA:8,1
DA:11,1
DA:12,0
DA:21,0
DA:33,1
DA:34,0
DA:35,0
DA:37,1
LF:9
LH:5
BRDA:12,0,0,0
BRDA:34,1,0,0
BRF:2
BRH:0
end_of_record
TN:
SF:src/infrastructure/database/migrations/1695244918196-addClientIdColumnToQuotes.ts
FN:8,(anonymous_13)
FN:11,(anonymous_15)
FN:32,(anonymous_18)
FNF:3
FNH:1
FNDA:2,(anonymous_13)
FNDA:0,(anonymous_15)
FNDA:0,(anonymous_18)
DA:1,1
DA:8,1
DA:11,1
DA:12,0
DA:21,0
DA:32,1
DA:33,0
DA:34,0
DA:36,1
LF:9
LH:5
BRDA:12,0,0,0
BRDA:33,1,0,0
BRF:2
BRH:0
end_of_record
TN:
SF:src/infrastructure/database/migrations/1695246394424-addProfilesQuotesTable.ts
FN:9,(anonymous_13)
FN:10,(anonymous_15)
FN:40,(anonymous_18)
FNF:3
FNH:1
FNDA:2,(anonymous_13)
FNDA:0,(anonymous_15)
FNDA:0,(anonymous_18)
DA:1,1
DA:9,1
DA:10,1
DA:11,0
DA:40,1
DA:41,0
DA:43,1
LF:7
LH:5
BRDA:11,0,0,0
BRDA:41,1,0,0
BRF:2
BRH:0
end_of_record
TN:
SF:src/infrastructure/database/migrations/1695389073744-CreateContact.ts
FN:3,(anonymous_13)
FN:4,(anonymous_15)
FN:41,(anonymous_18)
FNF:3
FNH:1
FNDA:2,(anonymous_13)
FNDA:0,(anonymous_15)
FNDA:0,(anonymous_18)
DA:1,1
DA:3,1
DA:4,1
DA:5,0
DA:41,1
DA:42,0
DA:44,1
LF:7
LH:5
BRDA:5,0,0,0
BRDA:42,1,0,0
BRF:2
BRH:0
end_of_record
TN:
SF:src/infrastructure/database/migrations/1695393048686-UpdatedClient.ts
FN:7,(anonymous_13)
FN:8,(anonymous_15)
FN:25,(anonymous_18)
FNF:3
FNH:1
FNDA:2,(anonymous_13)
FNDA:0,(anonymous_15)
FNDA:0,(anonymous_18)
DA:1,1
DA:7,1
DA:8,1
DA:10,0
DA:11,0
DA:12,0
DA:15,0
DA:25,1
DA:27,0
DA:35,0
DA:43,0
DA:51,0
DA:53,1
LF:13
LH:5
BRF:0
BRH:0
end_of_record
TN:
SF:src/infrastructure/database/migrations/1695393706835-UpdatedProfile.ts
FN:9,(anonymous_13)
FN:10,(anonymous_15)
FN:48,(anonymous_18)
FNF:3
FNH:1
FNDA:2,(anonymous_13)
FNDA:0,(anonymous_15)
FNDA:0,(anonymous_18)
DA:1,1
DA:9,1
DA:10,1
DA:12,0
DA:13,0
DA:16,0
DA:45,0
DA:48,1
DA:52,0
DA:59,0
DA:68,0
DA:97,0
DA:99,1
LF:13
LH:5
BRF:0
BRH:0
end_of_record
TN:
SF:src/infrastructure/database/migrations/1695394702709-UpdatedService.ts
FN:7,(anonymous_13)
FN:8,(anonymous_15)
FN:25,(anonymous_18)
FNF:3
FNH:1
FNDA:2,(anonymous_13)
FNDA:0,(anonymous_15)
FNDA:0,(anonymous_18)
DA:1,1
DA:7,1
DA:8,1
DA:10,0
DA:13,0
DA:25,1
DA:27,0
DA:30,0
DA:33,0
DA:44,1
LF:10
LH:5
BRF:0
BRH:0
end_of_record
TN:
SF:src/infrastructure/database/migrations/1695396017871-UpdatedQuote.ts
FN:7,(anonymous_13)
FN:8,(anonymous_15)
FN:24,(anonymous_18)
FNF:3
FNH:1
FNDA:2,(anonymous_13)
FNDA:0,(anonymous_15)
FNDA:0,(anonymous_18)
DA:1,1
DA:7,1
DA:8,1
DA:10,0
DA:11,0
DA:14,0
DA:24,1
DA:28,0
DA:36,0
DA:45,0
DA:47,1
LF:11
LH:5
BRF:0
BRH:0
end_of_record
TN:
SF:src/infrastructure/database/migrations/1695396895695-AgregarColumnaHourAssignmentProfiles.ts
FN:7,(anonymous_13)
FN:10,(anonymous_15)
FN:22,(anonymous_18)
FNF:3
FNH:1
FNDA:2,(anonymous_13)
FNDA:0,(anonymous_15)
FNDA:0,(anonymous_18)
DA:1,1
DA:7,1
DA:10,1
DA:11,0
DA:22,1
DA:23,0
DA:25,1
LF:7
LH:5
BRDA:11,0,0,0
BRDA:23,1,0,0
BRF:2
BRH:0
end_of_record
TN:
SF:src/infrastructure/database/migrations/1695397386841-UpdatedTariff.ts
FN:8,(anonymous_13)
FN:9,(anonymous_15)
FN:43,(anonymous_18)
FNF:3
FNH:1
FNDA:2,(anonymous_13)
FNDA:0,(anonymous_15)
FNDA:0,(anonymous_18)
DA:1,1
DA:8,1
DA:9,1
DA:11,0
DA:21,0
DA:31,0
DA:43,1
DA:45,0
DA:48,0
DA:51,0
DA:53,1
LF:11
LH:5
BRF:0
BRH:0
end_of_record
TN:
SF:src/infrastructure/database/migrations/1695406336689-AgregarColumnaProyectDurationTariff.ts
FN:7,(anonymous_13)
FN:10,(anonymous_15)
FN:22,(anonymous_18)
FNF:3
FNH:1
FNDA:2,(anonymous_13)
FNDA:0,(anonymous_15)
FNDA:0,(anonymous_18)
DA:1,1
DA:7,1
DA:10,1
DA:11,0
DA:22,1
DA:23,0
DA:25,1
LF:7
LH:5
BRDA:11,0,0,0
BRDA:23,1,0,0
BRF:2
BRH:0
end_of_record
TN:
SF:src/infrastructure/database/migrations/1695408306415-ColumnaClientEnContactPuedeSerNula.ts
FN:7,(anonymous_13)
FN:10,(anonymous_15)
FN:22,(anonymous_18)
FNF:3
FNH:1
FNDA:2,(anonymous_13)
FNDA:0,(anonymous_15)
FNDA:0,(anonymous_18)
DA:1,1
DA:7,1
DA:10,1
DA:11,0
DA:22,1
DA:23,0
DA:33,1
LF:7
LH:5
BRDA:11,0,0,0
BRDA:23,1,0,0
BRF:2
BRH:0
end_of_record
TN:
SF:src/infrastructure/database/migrations/1695420064458-ColumnaPasswordUser.ts
FN:7,(anonymous_13)
FN:8,(anonymous_15)
FN:19,(anonymous_18)
FNF:3
FNH:1
FNDA:2,(anonymous_13)
FNDA:0,(anonymous_15)
FNDA:0,(anonymous_18)
DA:1,1
DA:7,1
DA:8,1
DA:9,0
DA:19,1
DA:20,0
DA:22,1
LF:7
LH:5
BRDA:9,0,0,0
BRDA:20,1,0,0
BRF:2
BRH:0
end_of_record
TN:
SF:src/infrastructure/database/migrations/1695428806523-addQuotesColumnToUsers.ts
FN:8,(anonymous_13)
FN:9,(anonymous_15)
FN:20,(anonymous_18)
FNF:3
FNH:1
FNDA:2,(anonymous_13)
FNDA:0,(anonymous_15)
FNDA:0,(anonymous_18)
DA:1,1
DA:8,1
DA:9,1
DA:10,0
DA:20,1
DA:22,0
DA:24,1
LF:7
LH:5
BRDA:10,0,0,0
BRF:1
BRH:0
end_of_record
TN:
SF:src/infrastructure/database/migrations/1696159062013-agregarValoresExtraTariff.ts
FN:8,(anonymous_13)
FN:11,(anonymous_15)
FN:23,(anonymous_18)
FNF:3
FNH:1
FNDA:2,(anonymous_13)
FNDA:0,(anonymous_15)
FNDA:0,(anonymous_18)
DA:1,1
DA:8,1
DA:11,1
DA:12,0
DA:23,1
DA:25,0
DA:27,1
LF:7
LH:5
BRDA:12,0,0,0
BRF:1
BRH:0
end_of_record
TN:
SF:src/infrastructure/database/migrations/1696160213870-cambiarRelacionTariffService.ts
FN:8,(anonymous_13)
FN:11,(anonymous_15)
FN:40,(anonymous_18)
FNF:3
FNH:1
FNDA:2,(anonymous_13)
FNDA:0,(anonymous_15)
FNDA:0,(anonymous_18)
DA:1,1
DA:8,1
DA:11,1
DA:14,0
DA:17,0
DA:27,0
DA:40,1
DA:42,0
DA:45,0
DA:47,1
LF:10
LH:5
BRF:0
BRH:0
end_of_record
TN:
SF:src/infrastructure/database/migrations/1696162081357-cambiarNombreServiceaServiceId.ts
FN:3,(anonymous_13)
FN:6,(anonymous_15)
FN:11,(anonymous_18)
FNF:3
FNH:1
FNDA:2,(anonymous_13)
FNDA:0,(anonymous_15)
FNDA:0,(anonymous_18)
DA:3,1
DA:6,1
DA:8,0
DA:11,1
DA:12,0
DA:14,1
LF:6
LH:4
BRDA:12,0,0,0
BRF:1
BRH:0
end_of_record
TN:
SF:src/infrastructure/database/migrations/1696173774023-cambiarTableporColumnProfileTariff.ts
FN:8,(anonymous_13)
FN:11,(anonymous_15)
FN:36,(anonymous_18)
FNF:3
FNH:1
FNDA:2,(anonymous_13)
FNDA:0,(anonymous_15)
FNDA:0,(anonymous_18)
DA:1,1
DA:8,1
DA:11,1
DA:12,0
DA:14,0
DA:24,0
DA:36,1
DA:37,0
DA:38,0
DA:40,1
LF:10
LH:5
BRDA:12,0,0,0
BRDA:37,1,0,0
BRF:2
BRH:0
end_of_record
TN:
SF:src/infrastructure/database/migrations/1696197979027-addColumnValueTecnology.ts
FN:7,(anonymous_13)
FN:10,(anonymous_15)
FN:21,(anonymous_18)
FNF:3
FNH:1
FNDA:2,(anonymous_13)
FNDA:0,(anonymous_15)
FNDA:0,(anonymous_18)
DA:1,1
DA:7,1
DA:10,1
DA:11,0
DA:21,1
DA:22,0
DA:24,1
LF:7
LH:5
BRDA:11,0,0,0
BRDA:22,1,0,0
BRF:2
BRH:0
end_of_record
TN:
SF:src/infrastructure/database/migrations/1696202350883-corrigienfoFKTariffdbProfiledb.ts
FN:8,(anonymous_13)
FN:11,(anonymous_15)
FN:41,(anonymous_18)
FNF:3
FNH:1
FNDA:2,(anonymous_13)
FNDA:0,(anonymous_15)
FNDA:0,(anonymous_18)
DA:1,1
DA:8,1
DA:11,1
DA:13,0
DA:16,0
DA:19,0
DA:29,0
DA:41,1
DA:43,0
DA:46,0
DA:48,1
LF:11
LH:5
BRF:0
BRH:0
end_of_record
TN:
SF:src/infrastructure/database/migrations/1696852025275-AddColumnContactIdToQuote.ts
FN:8,(anonymous_13)
FN:11,(anonymous_15)
FN:32,(anonymous_18)
FNF:3
FNH:1
FNDA:2,(anonymous_13)
FNDA:0,(anonymous_15)
FNDA:0,(anonymous_18)
DA:1,1
DA:8,1
DA:11,1
DA:12,0
DA:21,0
DA:32,1
DA:33,0
DA:34,0
DA:36,1
LF:9
LH:5
BRDA:12,0,0,0
BRDA:33,1,0,0
BRF:2
BRH:0
end_of_record
